[1;37m[INFO]  Initializing DPDK. This will take a few seconds...[0m
EAL: Probing VFIO support...
EAL: WARNING: cpu flags constant_tsc=yes nonstop_tsc=no -> using unreliable clock cycles !
EAL: PCI device 0000:00:03.0 on NUMA socket -1
EAL:   Invalid NUMA socket, default to 0
EAL:   probe driver: 1af4:1000 net_virtio
EAL: PCI device 0000:00:04.0 on NUMA socket -1
EAL:   Invalid NUMA socket, default to 0
EAL:   probe driver: 1af4:1000 net_virtio
EAL: PCI device 0000:00:05.0 on NUMA socket -1
EAL:   Invalid NUMA socket, default to 0
EAL:   probe driver: 1af4:1000 net_virtio
[1;37m[INFO]  Found 2 usable devices:[0m
   Device 0: 52:54:00:F1:C8:E2 ([0;32mRed Hat, Inc Virtio network device[0m)
   Device 1: 52:54:00:26:66:19 ([0;32mRed Hat, Inc Virtio network device[0m)
[1;37m[INFO]  Waiting for devices to come up...[0m
[1;37m[INFO]  Device 1 (52:54:00:26:66:19) is up: 10000 MBit/s[0m
[1;37m[INFO]  Device 0 (52:54:00:F1:C8:E2) is up: 10000 MBit/s[0m
[1;37m[INFO]  [0;32m2 devices are up.[0m[0m
[1;37m[INFO]  Trying to enable rx timestamping of all packets, this isn't supported by most nics[0m
[0;34m[Device: id=0] TX[0m: 0.1882 Mpps, 114.41 Mbit/s (144.52 Mbit/s with framing)
[1;36m[Device: id=1] RX[0m: 0.0608 Mpps, 33.06 Mbit/s (42.78 Mbit/s with framing)
[0;34m[Device: id=0] TX[0m: 0.1899 Mpps, 115.48 Mbit/s (145.87 Mbit/s with framing)
[1;36m[Device: id=1] RX[0m: 0.0542 Mpps, 29.50 Mbit/s (38.18 Mbit/s with framing)
[0;34m[Device: id=0] TX[0m: 0.1900 Mpps, 115.53 Mbit/s (145.93 Mbit/s with framing)
[1;36m[Device: id=1] RX[0m: 0.0509 Mpps, 27.68 Mbit/s (35.82 Mbit/s with framing)
[0;34m[Device: id=0] TX[0m: 0.1898 Mpps, 115.39 Mbit/s (145.76 Mbit/s with framing)
[1;36m[Device: id=1] RX[0m: 0.0528 Mpps, 28.72 Mbit/s (37.16 Mbit/s with framing)
[0;34m[Device: id=0] TX[0m: 0.1903 Mpps, 115.69 Mbit/s (146.14 Mbit/s with framing)
[1;36m[Device: id=1] RX[0m: 0.0468 Mpps, 25.46 Mbit/s (32.95 Mbit/s with framing)
[0;34m[Device: id=0] TX[0m: 0.1900 Mpps, 115.51 Mbit/s (145.91 Mbit/s with framing)
[1;36m[Device: id=1] RX[0m: 0.0495 Mpps, 26.94 Mbit/s (34.87 Mbit/s with framing)
[0;34m[Device: id=0] TX[0m: 0.1893 Mpps, 115.09 Mbit/s (145.38 Mbit/s with framing)
[1;36m[Device: id=1] RX[0m: 0.0487 Mpps, 26.50 Mbit/s (34.29 Mbit/s with framing)
[0;34m[Device: id=0] TX[0m: 0.1909 Mpps, 116.07 Mbit/s (146.61 Mbit/s with framing)
[1;36m[Device: id=1] RX[0m: 0.0502 Mpps, 27.29 Mbit/s (35.31 Mbit/s with framing)
[0;34m[Device: id=0] TX[0m: 0.1896 Mpps, 115.28 Mbit/s (145.62 Mbit/s with framing)
[1;36m[Device: id=1] RX[0m: 0.0486 Mpps, 26.45 Mbit/s (34.22 Mbit/s with framing)
[0;34m[Device: id=0] TX[0m: 0.1904 Mpps, 115.78 Mbit/s (146.25 Mbit/s with framing)
[1;36m[Device: id=1] RX[0m: 0.0507 Mpps, 27.58 Mbit/s (35.70 Mbit/s with framing)
[0;34m[Device: id=0] TX[0m: 0.1901 Mpps, 115.57 Mbit/s (145.99 Mbit/s with framing)
[1;36m[Device: id=1] RX[0m: 0.0503 Mpps, 27.37 Mbit/s (35.42 Mbit/s with framing)
[0;34m[Device: id=0] TX[0m: 0.1900 Mpps, 115.53 Mbit/s (145.93 Mbit/s with framing)
[1;36m[Device: id=1] RX[0m: 0.0546 Mpps, 29.73 Mbit/s (38.47 Mbit/s with framing)
[0;34m[Device: id=0] TX[0m: 0.1898 Mpps, 115.39 Mbit/s (145.76 Mbit/s with framing)
[1;36m[Device: id=1] RX[0m: 0.0471 Mpps, 25.63 Mbit/s (33.17 Mbit/s with framing)
[0;34m[Device: id=0] TX[0m: 0.1903 Mpps, 115.70 Mbit/s (146.15 Mbit/s with framing)
[1;36m[Device: id=1] RX[0m: 0.0487 Mpps, 26.47 Mbit/s (34.25 Mbit/s with framing)
[0;34m[Device: id=0] TX[0m: 0.1891 Mpps, 114.98 Mbit/s (145.24 Mbit/s with framing)
[1;36m[Device: id=1] RX[0m: 0.0489 Mpps, 26.60 Mbit/s (34.42 Mbit/s with framing)
[0;34m[Device: id=0] TX[0m: 0.1906 Mpps, 115.86 Mbit/s (146.34 Mbit/s with framing)
[1;36m[Device: id=1] RX[0m: 0.0513 Mpps, 27.88 Mbit/s (36.08 Mbit/s with framing)
[0;34m[Device: id=0] TX[0m: 0.1898 Mpps, 115.40 Mbit/s (145.77 Mbit/s with framing)
[1;36m[Device: id=1] RX[0m: 0.0479 Mpps, 26.04 Mbit/s (33.70 Mbit/s with framing)
[0;34m[Device: id=0] TX[0m: 0.1906 Mpps, 115.89 Mbit/s (146.39 Mbit/s with framing)
[1;36m[Device: id=1] RX[0m: 0.0489 Mpps, 26.62 Mbit/s (34.45 Mbit/s with framing)
[0;34m[Device: id=0] TX[0m: 0.1870 Mpps, 113.69 Mbit/s (143.61 Mbit/s with framing)
[1;36m[Device: id=1] RX[0m: 0.0521 Mpps, 28.32 Mbit/s (36.65 Mbit/s with framing)
[0;34m[Device: id=0] TX[0m: 0.1902 Mpps, 115.66 Mbit/s (146.10 Mbit/s with framing)
[1;36m[Device: id=1] RX[0m: 0.1792 Mpps, 97.47 Mbit/s (126.14 Mbit/s with framing)
[0;34m[Device: id=0] TX[0m: 0.1802 Mpps, 109.57 Mbit/s (138.40 Mbit/s with framing)
[1;36m[Device: id=1] RX[0m: 0.1755 Mpps, 95.50 Mbit/s (123.58 Mbit/s with framing)
[1;36m[Device: id=1] RX[0m: 0.1760 Mpps, 95.76 Mbit/s (123.93 Mbit/s with framing)
[0;34m[Device: id=0] TX[0m: 0.1886 Mpps, 114.68 Mbit/s (144.86 Mbit/s with framing)
[1;36m[Device: id=1] RX[0m: 0.1817 Mpps, 98.85 Mbit/s (127.92 Mbit/s with framing)
[0;34m[Device: id=0] TX[0m: 0.1982 Mpps, 120.51 Mbit/s (152.22 Mbit/s with framing)
[1;36m[Device: id=1] RX[0m: 0.1920 Mpps, 104.43 Mbit/s (135.14 Mbit/s with framing)
[0;34m[Device: id=0] TX[0m: 0.1928 Mpps, 117.21 Mbit/s (148.05 Mbit/s with framing)
[1;36m[Device: id=1] RX[0m: 0.1817 Mpps, 98.84 Mbit/s (127.92 Mbit/s with framing)
[0;34m[Device: id=0] TX[0m: 0.1930 Mpps, 117.35 Mbit/s (148.23 Mbit/s with framing)
[1;36m[Device: id=1] RX[0m: 0.1808 Mpps, 98.35 Mbit/s (127.28 Mbit/s with framing)
[0;34m[Device: id=0] TX[0m: 0.1835 Mpps, 111.60 Mbit/s (140.96 Mbit/s with framing)
[1;36m[Device: id=1] RX[0m: 0.1616 Mpps, 87.93 Mbit/s (113.79 Mbit/s with framing)
[0;34m[Device: id=0] TX[0m: 0.1960 Mpps, 119.18 Mbit/s (150.54 Mbit/s with framing)
[1;36m[Device: id=1] RX[0m: 0.0999 Mpps, 54.35 Mbit/s (70.33 Mbit/s with framing)
[0;34m[Device: id=0] TX[0m: 0.1842 Mpps, 112.02 Mbit/s (141.50 Mbit/s with framing)
[1;36m[Device: id=1] RX[0m: 0.0436 Mpps, 23.69 Mbit/s (30.66 Mbit/s with framing)
[0;34m[Device: id=0] TX[0m: 0.1519 Mpps, 92.34 Mbit/s (116.64 Mbit/s with framing)
12
[1;36m[Device: id=1] RX[0m: 0.1359 Mpps, 73.91 Mbit/s (95.65 Mbit/s with framing)
[0;34m[Device: id=0] TX[0m: 0.2205 Mpps, 134.07 Mbit/s (169.35 Mbit/s with framing)
[1;36m[Device: id=1] RX[0m: 0.0000 Mpps, 0.00 Mbit/s (0.00 Mbit/s with framing)
[0;34m[Device: id=0] TX[0m: 0.0000 Mpps, 0.00 Mbit/s (0.00 Mbit/s with framing)
5700000
[1;36m[Device: id=1] RX[0m: 0.0870 (StdDev 0.0599) Mpps, 47.33 (StdDev 33) Mbit/s (61.25 Mbit/s with framing), total 2670847 packets with 181617596 bytes (incl. CRC)
[0;34m[Device: id=0] TX[0m: 0.1832 (StdDev 0.0359) Mpps, 111.40 (StdDev 22) Mbit/s (140.72 Mbit/s with framing), total 5700000 packets with 433200000 bytes (incl. CRC)
