[1;37m[INFO]  Initializing DPDK. This will take a few seconds...[0m
EAL: Probing VFIO support...
EAL: WARNING: cpu flags constant_tsc=yes nonstop_tsc=no -> using unreliable clock cycles !
EAL: PCI device 0000:00:03.0 on NUMA socket -1
EAL:   Invalid NUMA socket, default to 0
EAL:   probe driver: 1af4:1000 net_virtio
EAL: PCI device 0000:00:04.0 on NUMA socket -1
EAL:   Invalid NUMA socket, default to 0
EAL:   probe driver: 1af4:1000 net_virtio
EAL: PCI device 0000:00:05.0 on NUMA socket -1
EAL:   Invalid NUMA socket, default to 0
EAL:   probe driver: 1af4:1000 net_virtio
[1;37m[INFO]  Found 2 usable devices:[0m
   Device 0: 52:54:00:F1:C8:E2 ([0;32mRed Hat, Inc Virtio network device[0m)
   Device 1: 52:54:00:26:66:19 ([0;32mRed Hat, Inc Virtio network device[0m)
[1;37m[INFO]  Waiting for devices to come up...[0m
[1;37m[INFO]  Device 1 (52:54:00:26:66:19) is up: 10000 MBit/s[0m
[1;37m[INFO]  Device 0 (52:54:00:F1:C8:E2) is up: 10000 MBit/s[0m
[1;37m[INFO]  [0;32m2 devices are up.[0m[0m
[1;37m[INFO]  Trying to enable rx timestamping of all packets, this isn't supported by most nics[0m
[0;34m[Device: id=0] TX[0m: 0.0295 Mpps, 356.34 Mbit/s (361.05 Mbit/s with framing)
[1;36m[Device: id=1] RX[0m: 0.0297 Mpps, 357.06 Mbit/s (361.81 Mbit/s with framing)
[0;34m[Device: id=0] TX[0m: 0.0300 Mpps, 362.89 Mbit/s (367.69 Mbit/s with framing)
[1;36m[Device: id=1] RX[0m: 0.0303 Mpps, 364.54 Mbit/s (369.39 Mbit/s with framing)
[0;34m[Device: id=0] TX[0m: 0.0300 Mpps, 362.89 Mbit/s (367.69 Mbit/s with framing)
[1;36m[Device: id=1] RX[0m: 0.0300 Mpps, 360.99 Mbit/s (365.79 Mbit/s with framing)
[0;34m[Device: id=0] TX[0m: 0.0300 Mpps, 362.89 Mbit/s (367.69 Mbit/s with framing)
[1;36m[Device: id=1] RX[0m: 0.0300 Mpps, 360.98 Mbit/s (365.78 Mbit/s with framing)
[0;34m[Device: id=0] TX[0m: 0.0300 Mpps, 362.89 Mbit/s (367.69 Mbit/s with framing)
[1;36m[Device: id=1] RX[0m: 0.0300 Mpps, 360.97 Mbit/s (365.77 Mbit/s with framing)
[0;34m[Device: id=0] TX[0m: 0.0300 Mpps, 362.88 Mbit/s (367.68 Mbit/s with framing)
[1;36m[Device: id=1] RX[0m: 0.0300 Mpps, 360.97 Mbit/s (365.77 Mbit/s with framing)
[0;34m[Device: id=0] TX[0m: 0.0300 Mpps, 362.90 Mbit/s (367.70 Mbit/s with framing)
[1;36m[Device: id=1] RX[0m: 0.0300 Mpps, 360.96 Mbit/s (365.76 Mbit/s with framing)
[0;34m[Device: id=0] TX[0m: 0.0300 Mpps, 362.88 Mbit/s (367.68 Mbit/s with framing)
[1;36m[Device: id=1] RX[0m: 0.0300 Mpps, 360.98 Mbit/s (365.78 Mbit/s with framing)
[0;34m[Device: id=0] TX[0m: 0.0300 Mpps, 362.89 Mbit/s (367.69 Mbit/s with framing)
[1;36m[Device: id=1] RX[0m: 0.0300 Mpps, 360.96 Mbit/s (365.76 Mbit/s with framing)
[0;34m[Device: id=0] TX[0m: 0.0300 Mpps, 362.89 Mbit/s (367.69 Mbit/s with framing)
[1;36m[Device: id=1] RX[0m: 0.0300 Mpps, 360.97 Mbit/s (365.77 Mbit/s with framing)
[0;34m[Device: id=0] TX[0m: 0.0300 Mpps, 362.89 Mbit/s (367.69 Mbit/s with framing)
[1;36m[Device: id=1] RX[0m: 0.0300 Mpps, 360.95 Mbit/s (365.75 Mbit/s with framing)
[0;34m[Device: id=0] TX[0m: 0.0300 Mpps, 362.88 Mbit/s (367.68 Mbit/s with framing)
[1;36m[Device: id=1] RX[0m: 0.0300 Mpps, 360.98 Mbit/s (365.78 Mbit/s with framing)
[0;34m[Device: id=0] TX[0m: 0.0300 Mpps, 362.89 Mbit/s (367.69 Mbit/s with framing)
[1;36m[Device: id=1] RX[0m: 0.0300 Mpps, 360.97 Mbit/s (365.77 Mbit/s with framing)
[1;36m[Device: id=1] RX[0m: 0.0300 Mpps, 360.98 Mbit/s (365.78 Mbit/s with framing)
[0;34m[Device: id=0] TX[0m: 0.0300 Mpps, 362.89 Mbit/s (367.69 Mbit/s with framing)
[1;36m[Device: id=1] RX[0m: 0.0300 Mpps, 360.97 Mbit/s (365.77 Mbit/s with framing)
[0;34m[Device: id=0] TX[0m: 0.0300 Mpps, 362.88 Mbit/s (367.68 Mbit/s with framing)
[1;36m[Device: id=1] RX[0m: 0.0300 Mpps, 360.96 Mbit/s (365.76 Mbit/s with framing)
[0;34m[Device: id=0] TX[0m: 0.0300 Mpps, 362.88 Mbit/s (367.68 Mbit/s with framing)
[1;36m[Device: id=1] RX[0m: 0.0300 Mpps, 360.97 Mbit/s (365.77 Mbit/s with framing)
[0;34m[Device: id=0] TX[0m: 0.0300 Mpps, 362.89 Mbit/s (367.69 Mbit/s with framing)
[1;36m[Device: id=1] RX[0m: 0.0300 Mpps, 360.97 Mbit/s (365.77 Mbit/s with framing)
[0;34m[Device: id=0] TX[0m: 0.0300 Mpps, 362.90 Mbit/s (367.70 Mbit/s with framing)
[1;36m[Device: id=1] RX[0m: 0.0300 Mpps, 360.97 Mbit/s (365.77 Mbit/s with framing)
[0;34m[Device: id=0] TX[0m: 0.0300 Mpps, 362.88 Mbit/s (367.68 Mbit/s with framing)
[1;36m[Device: id=1] RX[0m: 0.0300 Mpps, 360.97 Mbit/s (365.77 Mbit/s with framing)
[0;34m[Device: id=0] TX[0m: 0.0300 Mpps, 362.89 Mbit/s (367.69 Mbit/s with framing)
[1;36m[Device: id=1] RX[0m: 0.0300 Mpps, 360.97 Mbit/s (365.77 Mbit/s with framing)
[0;34m[Device: id=0] TX[0m: 0.0300 Mpps, 362.89 Mbit/s (367.69 Mbit/s with framing)
[1;36m[Device: id=1] RX[0m: 0.0300 Mpps, 360.96 Mbit/s (365.76 Mbit/s with framing)
[0;34m[Device: id=0] TX[0m: 0.0300 Mpps, 362.88 Mbit/s (367.68 Mbit/s with framing)
[1;36m[Device: id=1] RX[0m: 0.0300 Mpps, 360.97 Mbit/s (365.77 Mbit/s with framing)
[0;34m[Device: id=0] TX[0m: 0.0300 Mpps, 362.90 Mbit/s (367.70 Mbit/s with framing)
[1;36m[Device: id=1] RX[0m: 0.0300 Mpps, 360.96 Mbit/s (365.76 Mbit/s with framing)
[0;34m[Device: id=0] TX[0m: 0.0300 Mpps, 362.89 Mbit/s (367.69 Mbit/s with framing)
[1;36m[Device: id=1] RX[0m: 0.0300 Mpps, 360.97 Mbit/s (365.77 Mbit/s with framing)
[0;34m[Device: id=0] TX[0m: 0.0300 Mpps, 362.88 Mbit/s (367.68 Mbit/s with framing)
[1;36m[Device: id=1] RX[0m: 0.0300 Mpps, 360.97 Mbit/s (365.77 Mbit/s with framing)
[0;34m[Device: id=0] TX[0m: 0.0300 Mpps, 362.88 Mbit/s (367.68 Mbit/s with framing)
[1;36m[Device: id=1] RX[0m: 0.0300 Mpps, 360.97 Mbit/s (365.77 Mbit/s with framing)
[0;34m[Device: id=0] TX[0m: 0.0300 Mpps, 362.89 Mbit/s (367.69 Mbit/s with framing)
[1;36m[Device: id=1] RX[0m: 0.0300 Mpps, 360.97 Mbit/s (365.77 Mbit/s with framing)
[0;34m[Device: id=0] TX[0m: 0.0300 Mpps, 362.89 Mbit/s (367.69 Mbit/s with framing)
[1;36m[Device: id=1] RX[0m: 0.0300 Mpps, 360.96 Mbit/s (365.76 Mbit/s with framing)
[0;34m[Device: id=0] TX[0m: 0.0300 Mpps, 362.89 Mbit/s (367.69 Mbit/s with framing)
45
[1;36m[Device: id=1] RX[0m: 0.0298 Mpps, 358.99 Mbit/s (363.77 Mbit/s with framing)
[0;34m[Device: id=0] TX[0m: 0.0272 Mpps, 329.05 Mbit/s (333.41 Mbit/s with framing)
[1;36m[Device: id=1] RX[0m: 0.0000 Mpps, 0.00 Mbit/s (0.00 Mbit/s with framing)
[0;34m[Device: id=0] TX[0m: 0.0000 Mpps, 0.00 Mbit/s (0.00 Mbit/s with framing)
900000
[1;36m[Device: id=1] RX[0m: 0.0290 (StdDev 0.0055) Mpps, 348.99 (StdDev 66) Mbit/s (353.63 Mbit/s with framing), total 899851 packets with 1353375904 bytes (incl. CRC)
[0;34m[Device: id=0] TX[0m: 0.0289 (StdDev 0.0055) Mpps, 349.66 (StdDev 66) Mbit/s (354.29 Mbit/s with framing), total 900000 packets with 1360800000 bytes (incl. CRC)
