[1;37m[INFO]  Initializing DPDK. This will take a few seconds...[0m
EAL: Probing VFIO support...
EAL: WARNING: cpu flags constant_tsc=yes nonstop_tsc=no -> using unreliable clock cycles !
EAL: PCI device 0000:00:03.0 on NUMA socket -1
EAL:   Invalid NUMA socket, default to 0
EAL:   probe driver: 1af4:1000 net_virtio
EAL: PCI device 0000:00:04.0 on NUMA socket -1
EAL:   Invalid NUMA socket, default to 0
EAL:   probe driver: 1af4:1000 net_virtio
EAL: PCI device 0000:00:05.0 on NUMA socket -1
EAL:   Invalid NUMA socket, default to 0
EAL:   probe driver: 1af4:1000 net_virtio
[1;37m[INFO]  Found 2 usable devices:[0m
   Device 0: 52:54:00:F1:C8:E2 ([0;32mRed Hat, Inc Virtio network device[0m)
   Device 1: 52:54:00:26:66:19 ([0;32mRed Hat, Inc Virtio network device[0m)
[1;37m[INFO]  Waiting for devices to come up...[0m
[1;37m[INFO]  Device 1 (52:54:00:26:66:19) is up: 10000 MBit/s[0m
[1;37m[INFO]  Device 0 (52:54:00:F1:C8:E2) is up: 10000 MBit/s[0m
[1;37m[INFO]  [0;32m2 devices are up.[0m[0m
[1;37m[INFO]  Trying to enable rx timestamping of all packets, this isn't supported by most nics[0m
[0;34m[Device: id=0] TX[0m: 0.2386 Mpps, 2885.73 Mbit/s (2923.90 Mbit/s with framing)
[1;36m[Device: id=1] RX[0m: 0.1032 Mpps, 1242.26 Mbit/s (1258.78 Mbit/s with framing)
[0;34m[Device: id=0] TX[0m: 0.2144 Mpps, 2593.85 Mbit/s (2628.16 Mbit/s with framing)
[1;36m[Device: id=1] RX[0m: 0.0970 Mpps, 1167.67 Mbit/s (1183.19 Mbit/s with framing)
[0;34m[Device: id=0] TX[0m: 0.0844 Mpps, 1020.92 Mbit/s (1034.42 Mbit/s with framing)
[1;36m[Device: id=1] RX[0m: 0.0601 Mpps, 723.19 Mbit/s (732.81 Mbit/s with framing)
[1;36m[Device: id=1] RX[0m: 0.1968 Mpps, 2368.09 Mbit/s (2399.58 Mbit/s with framing)
[0;34m[Device: id=0] TX[0m: 0.4021 Mpps, 4864.33 Mbit/s (4928.67 Mbit/s with framing)
[1;36m[Device: id=1] RX[0m: 0.0380 Mpps, 457.78 Mbit/s (463.87 Mbit/s with framing)
[0;34m[Device: id=0] TX[0m: 0.2548 Mpps, 3081.69 Mbit/s (3122.45 Mbit/s with framing)
[1;36m[Device: id=1] RX[0m: 0.0536 Mpps, 644.99 Mbit/s (653.56 Mbit/s with framing)
[0;34m[Device: id=0] TX[0m: 0.2435 Mpps, 2945.30 Mbit/s (2984.26 Mbit/s with framing)
[1;36m[Device: id=1] RX[0m: 0.0788 Mpps, 948.60 Mbit/s (961.21 Mbit/s with framing)
[0;34m[Device: id=0] TX[0m: 0.2055 Mpps, 2485.16 Mbit/s (2518.04 Mbit/s with framing)
[1;36m[Device: id=1] RX[0m: 0.0534 Mpps, 641.98 Mbit/s (650.51 Mbit/s with framing)
[0;34m[Device: id=0] TX[0m: 0.2380 Mpps, 2878.40 Mbit/s (2916.48 Mbit/s with framing)
[1;36m[Device: id=1] RX[0m: 0.1630 Mpps, 1960.98 Mbit/s (1987.06 Mbit/s with framing)
[0;34m[Device: id=0] TX[0m: 0.2749 Mpps, 3325.47 Mbit/s (3369.45 Mbit/s with framing)
[1;36m[Device: id=1] RX[0m: 0.0654 Mpps, 787.20 Mbit/s (797.67 Mbit/s with framing)
[0;34m[Device: id=0] TX[0m: 0.2194 Mpps, 2653.63 Mbit/s (2688.73 Mbit/s with framing)
[1;36m[Device: id=1] RX[0m: 0.0687 Mpps, 826.50 Mbit/s (837.49 Mbit/s with framing)
[0;34m[Device: id=0] TX[0m: 0.2497 Mpps, 3020.09 Mbit/s (3060.04 Mbit/s with framing)
[1;36m[Device: id=1] RX[0m: 0.0572 Mpps, 687.81 Mbit/s (696.95 Mbit/s with framing)
[0;34m[Device: id=0] TX[0m: 0.2311 Mpps, 2794.87 Mbit/s (2831.84 Mbit/s with framing)
[1;36m[Device: id=1] RX[0m: 0.1583 Mpps, 1904.52 Mbit/s (1929.85 Mbit/s with framing)
[0;34m[Device: id=0] TX[0m: 0.2292 Mpps, 2772.20 Mbit/s (2808.87 Mbit/s with framing)
[1;36m[Device: id=1] RX[0m: 0.0780 Mpps, 938.91 Mbit/s (951.40 Mbit/s with framing)
[0;34m[Device: id=0] TX[0m: 0.2264 Mpps, 2739.06 Mbit/s (2775.29 Mbit/s with framing)
[1;36m[Device: id=1] RX[0m: 0.0848 Mpps, 1020.78 Mbit/s (1034.36 Mbit/s with framing)
[0;34m[Device: id=0] TX[0m: 0.2346 Mpps, 2837.78 Mbit/s (2875.31 Mbit/s with framing)
[1;36m[Device: id=1] RX[0m: 0.0380 Mpps, 456.64 Mbit/s (462.71 Mbit/s with framing)
[0;34m[Device: id=0] TX[0m: 0.2798 Mpps, 3384.50 Mbit/s (3429.27 Mbit/s with framing)
[1;36m[Device: id=1] RX[0m: 0.1521 Mpps, 1830.24 Mbit/s (1854.58 Mbit/s with framing)
[0;34m[Device: id=0] TX[0m: 0.2332 Mpps, 2820.81 Mbit/s (2858.12 Mbit/s with framing)
[1;36m[Device: id=1] RX[0m: 0.0603 Mpps, 725.73 Mbit/s (735.38 Mbit/s with framing)
[0;34m[Device: id=0] TX[0m: 0.2482 Mpps, 3002.32 Mbit/s (3042.03 Mbit/s with framing)
[1;36m[Device: id=1] RX[0m: 0.0774 Mpps, 931.80 Mbit/s (944.19 Mbit/s with framing)
[0;34m[Device: id=0] TX[0m: 0.1668 Mpps, 2017.37 Mbit/s (2044.05 Mbit/s with framing)
[1;36m[Device: id=1] RX[0m: 0.0389 Mpps, 467.70 Mbit/s (473.92 Mbit/s with framing)
[0;34m[Device: id=0] TX[0m: 0.3213 Mpps, 3886.91 Mbit/s (3938.33 Mbit/s with framing)
[1;36m[Device: id=1] RX[0m: 0.0513 Mpps, 617.13 Mbit/s (625.34 Mbit/s with framing)
[0;34m[Device: id=0] TX[0m: 0.2388 Mpps, 2888.20 Mbit/s (2926.41 Mbit/s with framing)
[1;36m[Device: id=1] RX[0m: 0.0628 Mpps, 755.29 Mbit/s (765.33 Mbit/s with framing)
[0;34m[Device: id=0] TX[0m: 0.2323 Mpps, 2810.47 Mbit/s (2847.64 Mbit/s with framing)
[1;36m[Device: id=1] RX[0m: 0.0394 Mpps, 473.54 Mbit/s (479.83 Mbit/s with framing)
[0;34m[Device: id=0] TX[0m: 0.2398 Mpps, 2900.79 Mbit/s (2939.16 Mbit/s with framing)
[1;36m[Device: id=1] RX[0m: 0.0385 Mpps, 463.70 Mbit/s (469.87 Mbit/s with framing)
[0;34m[Device: id=0] TX[0m: 0.2123 Mpps, 2567.86 Mbit/s (2601.83 Mbit/s with framing)
[1;36m[Device: id=1] RX[0m: 0.0990 Mpps, 1190.76 Mbit/s (1206.59 Mbit/s with framing)
[0;34m[Device: id=0] TX[0m: 0.2451 Mpps, 2965.08 Mbit/s (3004.30 Mbit/s with framing)
[1;36m[Device: id=1] RX[0m: 0.0954 Mpps, 1147.41 Mbit/s (1162.67 Mbit/s with framing)
[0;34m[Device: id=0] TX[0m: 0.2583 Mpps, 3124.69 Mbit/s (3166.02 Mbit/s with framing)
[1;36m[Device: id=1] RX[0m: 0.1286 Mpps, 1547.26 Mbit/s (1567.84 Mbit/s with framing)
[0;34m[Device: id=0] TX[0m: 0.2419 Mpps, 2926.08 Mbit/s (2964.78 Mbit/s with framing)
[1;36m[Device: id=1] RX[0m: 0.0803 Mpps, 966.74 Mbit/s (979.60 Mbit/s with framing)
[0;34m[Device: id=0] TX[0m: 0.1625 Mpps, 1965.67 Mbit/s (1991.67 Mbit/s with framing)
[1;36m[Device: id=1] RX[0m: 0.0389 Mpps, 467.54 Mbit/s (473.76 Mbit/s with framing)
[0;34m[Device: id=0] TX[0m: 0.3011 Mpps, 3641.61 Mbit/s (3689.78 Mbit/s with framing)
[1;36m[Device: id=1] RX[0m: 0.1168 Mpps, 1405.16 Mbit/s (1423.84 Mbit/s with framing)
[0;34m[Device: id=0] TX[0m: 0.1952 Mpps, 2361.31 Mbit/s (2392.54 Mbit/s with framing)
45
[1;36m[Device: id=1] RX[0m: 0.0436 Mpps, 524.31 Mbit/s (531.28 Mbit/s with framing)
[0;34m[Device: id=0] TX[0m: 0.0602 Mpps, 728.15 Mbit/s (737.78 Mbit/s with framing)
7200000
[1;36m[Device: id=1] RX[0m: 0.0805 (StdDev 0.0425) Mpps, 968.33 (StdDev 511) Mbit/s (981.21 Mbit/s with framing), total 2517673 packets with 3786580192 bytes (incl. CRC)
[0;34m[Device: id=0] TX[0m: 0.2315 (StdDev 0.0620) Mpps, 2800.15 (StdDev 750) Mbit/s (2837.19 Mbit/s with framing), total 7200000 packets with 10886400000 bytes (incl. CRC)
