[1;37m[INFO]  Initializing DPDK. This will take a few seconds...[0m
EAL: Probing VFIO support...
EAL: WARNING: cpu flags constant_tsc=yes nonstop_tsc=no -> using unreliable clock cycles !
EAL: PCI device 0000:00:03.0 on NUMA socket -1
EAL:   Invalid NUMA socket, default to 0
EAL:   probe driver: 1af4:1000 net_virtio
EAL: PCI device 0000:00:04.0 on NUMA socket -1
EAL:   Invalid NUMA socket, default to 0
EAL:   probe driver: 1af4:1000 net_virtio
EAL: PCI device 0000:00:05.0 on NUMA socket -1
EAL:   Invalid NUMA socket, default to 0
EAL:   probe driver: 1af4:1000 net_virtio
[1;37m[INFO]  Found 2 usable devices:[0m
   Device 0: 52:54:00:F1:C8:E2 ([0;32mRed Hat, Inc Virtio network device[0m)
   Device 1: 52:54:00:26:66:19 ([0;32mRed Hat, Inc Virtio network device[0m)
[1;37m[INFO]  Waiting for devices to come up...[0m
[1;37m[INFO]  Device 1 (52:54:00:26:66:19) is up: 10000 MBit/s[0m
[1;37m[INFO]  Device 0 (52:54:00:F1:C8:E2) is up: 10000 MBit/s[0m
[1;37m[INFO]  [0;32m2 devices are up.[0m[0m
[1;37m[INFO]  Trying to enable rx timestamping of all packets, this isn't supported by most nics[0m
[1;36m[Device: id=1] RX[0m: 0.0615 Mpps, 33.48 Mbit/s (43.33 Mbit/s with framing)
[0;34m[Device: id=0] TX[0m: 0.2512 Mpps, 152.73 Mbit/s (192.92 Mbit/s with framing)
[0;34m[Device: id=0] TX[0m: 0.3486 Mpps, 211.96 Mbit/s (267.74 Mbit/s with framing)
[1;36m[Device: id=1] RX[0m: 0.0508 Mpps, 27.61 Mbit/s (35.73 Mbit/s with framing)
[1;36m[Device: id=1] RX[0m: 0.0833 Mpps, 45.30 Mbit/s (58.63 Mbit/s with framing)
[0;34m[Device: id=0] TX[0m: 0.2890 Mpps, 175.71 Mbit/s (221.95 Mbit/s with framing)
[1;36m[Device: id=1] RX[0m: 0.1205 Mpps, 65.55 Mbit/s (84.83 Mbit/s with framing)
[0;34m[Device: id=0] TX[0m: 0.3039 Mpps, 184.79 Mbit/s (233.42 Mbit/s with framing)
[1;36m[Device: id=1] RX[0m: 0.1157 Mpps, 62.96 Mbit/s (81.48 Mbit/s with framing)
[0;34m[Device: id=0] TX[0m: 0.3077 Mpps, 187.07 Mbit/s (236.30 Mbit/s with framing)
[1;36m[Device: id=1] RX[0m: 0.1349 Mpps, 73.41 Mbit/s (95.00 Mbit/s with framing)
[0;34m[Device: id=0] TX[0m: 0.2875 Mpps, 174.83 Mbit/s (220.84 Mbit/s with framing)
[1;36m[Device: id=1] RX[0m: 0.0810 Mpps, 44.06 Mbit/s (57.02 Mbit/s with framing)
[0;34m[Device: id=0] TX[0m: 0.3054 Mpps, 185.67 Mbit/s (234.53 Mbit/s with framing)
[1;36m[Device: id=1] RX[0m: 0.1183 Mpps, 64.35 Mbit/s (83.27 Mbit/s with framing)
[0;34m[Device: id=0] TX[0m: 0.3072 Mpps, 186.77 Mbit/s (235.92 Mbit/s with framing)
[1;36m[Device: id=1] RX[0m: 0.1014 Mpps, 55.18 Mbit/s (71.41 Mbit/s with framing)
[0;34m[Device: id=0] TX[0m: 0.2980 Mpps, 181.19 Mbit/s (228.88 Mbit/s with framing)
[1;36m[Device: id=1] RX[0m: 0.0950 Mpps, 51.69 Mbit/s (66.90 Mbit/s with framing)
[0;34m[Device: id=0] TX[0m: 0.2802 Mpps, 170.39 Mbit/s (215.23 Mbit/s with framing)
[1;36m[Device: id=1] RX[0m: 0.0910 Mpps, 49.52 Mbit/s (64.08 Mbit/s with framing)
[0;34m[Device: id=0] TX[0m: 0.3186 Mpps, 193.69 Mbit/s (244.66 Mbit/s with framing)
[1;36m[Device: id=1] RX[0m: 0.0899 Mpps, 48.92 Mbit/s (63.31 Mbit/s with framing)
[0;34m[Device: id=0] TX[0m: 0.2920 Mpps, 177.55 Mbit/s (224.27 Mbit/s with framing)
[1;36m[Device: id=1] RX[0m: 0.1267 Mpps, 68.93 Mbit/s (89.21 Mbit/s with framing)
[0;34m[Device: id=0] TX[0m: 0.3075 Mpps, 186.95 Mbit/s (236.15 Mbit/s with framing)
[1;36m[Device: id=1] RX[0m: 0.1350 Mpps, 73.46 Mbit/s (95.06 Mbit/s with framing)
[0;34m[Device: id=0] TX[0m: 0.3009 Mpps, 182.94 Mbit/s (231.09 Mbit/s with framing)
[1;36m[Device: id=1] RX[0m: 0.1343 Mpps, 73.05 Mbit/s (94.53 Mbit/s with framing)
[0;34m[Device: id=0] TX[0m: 0.3022 Mpps, 183.75 Mbit/s (232.10 Mbit/s with framing)
[1;36m[Device: id=1] RX[0m: 0.1182 Mpps, 64.29 Mbit/s (83.19 Mbit/s with framing)
[0;34m[Device: id=0] TX[0m: 0.2958 Mpps, 179.87 Mbit/s (227.20 Mbit/s with framing)
[1;36m[Device: id=1] RX[0m: 0.0583 Mpps, 31.72 Mbit/s (41.06 Mbit/s with framing)
[0;34m[Device: id=0] TX[0m: 0.2845 Mpps, 172.98 Mbit/s (218.50 Mbit/s with framing)
[1;36m[Device: id=1] RX[0m: 0.0694 Mpps, 37.76 Mbit/s (48.86 Mbit/s with framing)
[0;34m[Device: id=0] TX[0m: 0.3185 Mpps, 193.64 Mbit/s (244.60 Mbit/s with framing)
[1;36m[Device: id=1] RX[0m: 0.0676 Mpps, 36.78 Mbit/s (47.59 Mbit/s with framing)
[0;34m[Device: id=0] TX[0m: 0.3000 Mpps, 182.43 Mbit/s (230.43 Mbit/s with framing)
[1;36m[Device: id=1] RX[0m: 0.0463 Mpps, 25.18 Mbit/s (32.59 Mbit/s with framing)
[0;34m[Device: id=0] TX[0m: 0.2477 Mpps, 150.59 Mbit/s (190.22 Mbit/s with framing)
[1;36m[Device: id=1] RX[0m: 0.0378 Mpps, 20.56 Mbit/s (26.61 Mbit/s with framing)
[0;34m[Device: id=0] TX[0m: 0.3064 Mpps, 186.26 Mbit/s (235.28 Mbit/s with framing)
[1;36m[Device: id=1] RX[0m: 0.0695 Mpps, 37.82 Mbit/s (48.95 Mbit/s with framing)
[0;34m[Device: id=0] TX[0m: 0.3479 Mpps, 211.54 Mbit/s (267.20 Mbit/s with framing)
[1;36m[Device: id=1] RX[0m: 0.0398 Mpps, 21.63 Mbit/s (27.99 Mbit/s with framing)
[0;34m[Device: id=0] TX[0m: 0.2942 Mpps, 178.89 Mbit/s (225.96 Mbit/s with framing)
[1;36m[Device: id=1] RX[0m: 0.0403 Mpps, 21.90 Mbit/s (28.34 Mbit/s with framing)
[0;34m[Device: id=0] TX[0m: 0.2779 Mpps, 168.94 Mbit/s (213.40 Mbit/s with framing)
[1;36m[Device: id=1] RX[0m: 0.0423 Mpps, 23.01 Mbit/s (29.78 Mbit/s with framing)
[0;34m[Device: id=0] TX[0m: 0.3278 Mpps, 199.27 Mbit/s (251.71 Mbit/s with framing)
[1;36m[Device: id=1] RX[0m: 0.2708 Mpps, 147.29 Mbit/s (190.61 Mbit/s with framing)
[0;34m[Device: id=0] TX[0m: 0.3001 Mpps, 182.48 Mbit/s (230.50 Mbit/s with framing)
[1;36m[Device: id=1] RX[0m: 0.1552 Mpps, 84.45 Mbit/s (109.29 Mbit/s with framing)
[0;34m[Device: id=0] TX[0m: 0.2954 Mpps, 179.58 Mbit/s (226.84 Mbit/s with framing)
[1;36m[Device: id=1] RX[0m: 0.0455 Mpps, 24.73 Mbit/s (32.01 Mbit/s with framing)
[0;34m[Device: id=0] TX[0m: 0.2456 Mpps, 149.32 Mbit/s (188.62 Mbit/s with framing)
[1;36m[Device: id=1] RX[0m: 0.0368 Mpps, 20.02 Mbit/s (25.91 Mbit/s with framing)
[0;34m[Device: id=0] TX[0m: 0.3425 Mpps, 208.24 Mbit/s (263.04 Mbit/s with framing)
[1;36m[Device: id=1] RX[0m: 0.0370 Mpps, 20.11 Mbit/s (26.03 Mbit/s with framing)
9
[0;34m[Device: id=0] TX[0m: 0.2714 Mpps, 165.00 Mbit/s (208.43 Mbit/s with framing)
[1;36m[Device: id=1] RX[0m: 0.0025 Mpps, 1.35 Mbit/s (1.74 Mbit/s with framing)
[0;34m[Device: id=0] TX[0m: 0.0000 Mpps, 0.00 Mbit/s (0.00 Mbit/s with framing)
9000000
[1;36m[Device: id=1] RX[0m: 0.0872 (StdDev 0.0521) Mpps, 47.42 (StdDev 28) Mbit/s (61.37 Mbit/s with framing), total 2676687 packets with 182014716 bytes (incl. CRC)
[0;34m[Device: id=0] TX[0m: 0.2901 (StdDev 0.0597) Mpps, 176.41 (StdDev 36) Mbit/s (222.83 Mbit/s with framing), total 9000000 packets with 684000000 bytes (incl. CRC)
