[1;37m[INFO]  Initializing DPDK. This will take a few seconds...[0m
EAL: Probing VFIO support...
EAL: WARNING: cpu flags constant_tsc=yes nonstop_tsc=no -> using unreliable clock cycles !
EAL: PCI device 0000:00:03.0 on NUMA socket -1
EAL:   Invalid NUMA socket, default to 0
EAL:   probe driver: 1af4:1000 net_virtio
EAL: PCI device 0000:00:04.0 on NUMA socket -1
EAL:   Invalid NUMA socket, default to 0
EAL:   probe driver: 1af4:1000 net_virtio
EAL: PCI device 0000:00:05.0 on NUMA socket -1
EAL:   Invalid NUMA socket, default to 0
EAL:   probe driver: 1af4:1000 net_virtio
[1;37m[INFO]  Found 2 usable devices:[0m
   Device 0: 52:54:00:F1:C8:E2 ([0;32mRed Hat, Inc Virtio network device[0m)
   Device 1: 52:54:00:26:66:19 ([0;32mRed Hat, Inc Virtio network device[0m)
[1;37m[INFO]  Waiting for devices to come up...[0m
[1;37m[INFO]  Device 1 (52:54:00:26:66:19) is up: 10000 MBit/s[0m
[1;37m[INFO]  Device 0 (52:54:00:F1:C8:E2) is up: 10000 MBit/s[0m
[1;37m[INFO]  [0;32m2 devices are up.[0m[0m
[1;37m[INFO]  Trying to enable rx timestamping of all packets, this isn't supported by most nics[0m
[0;34m[Device: id=0] TX[0m: 0.0593 Mpps, 717.11 Mbit/s (726.60 Mbit/s with framing)
[1;36m[Device: id=1] RX[0m: 0.0423 Mpps, 508.88 Mbit/s (515.65 Mbit/s with framing)
[0;34m[Device: id=0] TX[0m: 0.0600 Mpps, 726.27 Mbit/s (735.88 Mbit/s with framing)
[1;36m[Device: id=1] RX[0m: 0.0412 Mpps, 495.66 Mbit/s (502.25 Mbit/s with framing)
[0;34m[Device: id=0] TX[0m: 0.0600 Mpps, 726.25 Mbit/s (735.86 Mbit/s with framing)
[1;36m[Device: id=1] RX[0m: 0.0406 Mpps, 488.59 Mbit/s (495.09 Mbit/s with framing)
[0;34m[Device: id=0] TX[0m: 0.0600 Mpps, 726.19 Mbit/s (735.80 Mbit/s with framing)
[1;36m[Device: id=1] RX[0m: 0.0417 Mpps, 501.30 Mbit/s (507.96 Mbit/s with framing)
[0;34m[Device: id=0] TX[0m: 0.0599 Mpps, 724.54 Mbit/s (734.12 Mbit/s with framing)
[1;36m[Device: id=1] RX[0m: 0.0398 Mpps, 479.47 Mbit/s (485.84 Mbit/s with framing)
[0;34m[Device: id=0] TX[0m: 0.0600 Mpps, 726.18 Mbit/s (735.78 Mbit/s with framing)
[1;36m[Device: id=1] RX[0m: 0.0407 Mpps, 489.35 Mbit/s (495.85 Mbit/s with framing)
[0;34m[Device: id=0] TX[0m: 0.0599 Mpps, 724.27 Mbit/s (733.85 Mbit/s with framing)
[1;36m[Device: id=1] RX[0m: 0.0418 Mpps, 502.79 Mbit/s (509.48 Mbit/s with framing)
[0;34m[Device: id=0] TX[0m: 0.0600 Mpps, 726.08 Mbit/s (735.69 Mbit/s with framing)
[1;36m[Device: id=1] RX[0m: 0.0419 Mpps, 504.54 Mbit/s (511.25 Mbit/s with framing)
[0;34m[Device: id=0] TX[0m: 0.0602 Mpps, 728.16 Mbit/s (737.79 Mbit/s with framing)
[1;36m[Device: id=1] RX[0m: 0.0397 Mpps, 477.72 Mbit/s (484.08 Mbit/s with framing)
[0;34m[Device: id=0] TX[0m: 0.0600 Mpps, 725.18 Mbit/s (734.78 Mbit/s with framing)
[1;36m[Device: id=1] RX[0m: 0.0416 Mpps, 500.66 Mbit/s (507.32 Mbit/s with framing)
[0;34m[Device: id=0] TX[0m: 0.0601 Mpps, 726.38 Mbit/s (735.98 Mbit/s with framing)
[1;36m[Device: id=1] RX[0m: 0.0399 Mpps, 479.66 Mbit/s (486.04 Mbit/s with framing)
[0;34m[Device: id=0] TX[0m: 0.0600 Mpps, 725.78 Mbit/s (735.38 Mbit/s with framing)
[1;36m[Device: id=1] RX[0m: 0.0427 Mpps, 513.60 Mbit/s (520.43 Mbit/s with framing)
[0;34m[Device: id=0] TX[0m: 0.0599 Mpps, 725.12 Mbit/s (734.72 Mbit/s with framing)
[1;36m[Device: id=1] RX[0m: 0.0407 Mpps, 490.00 Mbit/s (496.52 Mbit/s with framing)
[0;34m[Device: id=0] TX[0m: 0.0600 Mpps, 725.66 Mbit/s (735.26 Mbit/s with framing)
[1;36m[Device: id=1] RX[0m: 0.0399 Mpps, 479.53 Mbit/s (485.91 Mbit/s with framing)
[0;34m[Device: id=0] TX[0m: 0.0600 Mpps, 726.34 Mbit/s (735.95 Mbit/s with framing)
[1;36m[Device: id=1] RX[0m: 0.0398 Mpps, 478.90 Mbit/s (485.27 Mbit/s with framing)
[0;34m[Device: id=0] TX[0m: 0.0600 Mpps, 725.62 Mbit/s (735.22 Mbit/s with framing)
[1;36m[Device: id=1] RX[0m: 0.0408 Mpps, 490.53 Mbit/s (497.05 Mbit/s with framing)
[0;34m[Device: id=0] TX[0m: 0.0599 Mpps, 724.57 Mbit/s (734.16 Mbit/s with framing)
[1;36m[Device: id=1] RX[0m: 0.0398 Mpps, 479.25 Mbit/s (485.62 Mbit/s with framing)
[0;34m[Device: id=0] TX[0m: 0.0601 Mpps, 727.06 Mbit/s (736.68 Mbit/s with framing)
[1;36m[Device: id=1] RX[0m: 0.0408 Mpps, 491.07 Mbit/s (497.60 Mbit/s with framing)
[0;34m[Device: id=0] TX[0m: 0.0600 Mpps, 725.44 Mbit/s (735.03 Mbit/s with framing)
[1;36m[Device: id=1] RX[0m: 0.0416 Mpps, 500.26 Mbit/s (506.91 Mbit/s with framing)
[0;34m[Device: id=0] TX[0m: 0.0599 Mpps, 723.97 Mbit/s (733.55 Mbit/s with framing)
[1;36m[Device: id=1] RX[0m: 0.0417 Mpps, 502.25 Mbit/s (508.93 Mbit/s with framing)
[0;34m[Device: id=0] TX[0m: 0.0600 Mpps, 726.15 Mbit/s (735.75 Mbit/s with framing)
[1;36m[Device: id=1] RX[0m: 0.0400 Mpps, 481.71 Mbit/s (488.12 Mbit/s with framing)
[0;34m[Device: id=0] TX[0m: 0.0600 Mpps, 725.70 Mbit/s (735.30 Mbit/s with framing)
[1;36m[Device: id=1] RX[0m: 0.0427 Mpps, 513.42 Mbit/s (520.25 Mbit/s with framing)
[0;34m[Device: id=0] TX[0m: 0.0601 Mpps, 727.45 Mbit/s (737.07 Mbit/s with framing)
[1;36m[Device: id=1] RX[0m: 0.0400 Mpps, 481.14 Mbit/s (487.53 Mbit/s with framing)
[0;34m[Device: id=0] TX[0m: 0.0600 Mpps, 725.66 Mbit/s (735.26 Mbit/s with framing)
[1;36m[Device: id=1] RX[0m: 0.0399 Mpps, 479.57 Mbit/s (485.95 Mbit/s with framing)
[0;34m[Device: id=0] TX[0m: 0.0600 Mpps, 725.93 Mbit/s (735.54 Mbit/s with framing)
[1;36m[Device: id=1] RX[0m: 0.0418 Mpps, 502.95 Mbit/s (509.64 Mbit/s with framing)
[0;34m[Device: id=0] TX[0m: 0.0600 Mpps, 725.40 Mbit/s (734.99 Mbit/s with framing)
[1;36m[Device: id=1] RX[0m: 0.0418 Mpps, 503.51 Mbit/s (510.21 Mbit/s with framing)
[0;34m[Device: id=0] TX[0m: 0.0600 Mpps, 726.28 Mbit/s (735.88 Mbit/s with framing)
[1;36m[Device: id=1] RX[0m: 0.0399 Mpps, 480.60 Mbit/s (486.99 Mbit/s with framing)
[1;36m[Device: id=1] RX[0m: 0.0407 Mpps, 490.19 Mbit/s (496.70 Mbit/s with framing)
[0;34m[Device: id=0] TX[0m: 0.0598 Mpps, 723.92 Mbit/s (733.50 Mbit/s with framing)
[1;36m[Device: id=1] RX[0m: 0.0408 Mpps, 491.33 Mbit/s (497.86 Mbit/s with framing)
[0;34m[Device: id=0] TX[0m: 0.0601 Mpps, 727.48 Mbit/s (737.10 Mbit/s with framing)
27
[1;36m[Device: id=1] RX[0m: 0.0400 Mpps, 481.64 Mbit/s (488.05 Mbit/s with framing)
[0;34m[Device: id=0] TX[0m: 0.0589 Mpps, 712.52 Mbit/s (721.94 Mbit/s with framing)
[1;36m[Device: id=1] RX[0m: 0.0004 Mpps, 5.39 Mbit/s (5.46 Mbit/s with framing)
[0;34m[Device: id=0] TX[0m: 0.0000 Mpps, 0.00 Mbit/s (0.00 Mbit/s with framing)
1800000
[1;36m[Device: id=1] RX[0m: 0.0395 (StdDev 0.0074) Mpps, 475.22 (StdDev 89) Mbit/s (481.54 Mbit/s with framing), total 1227199 packets with 1845707296 bytes (incl. CRC)
[0;34m[Device: id=0] TX[0m: 0.0580 (StdDev 0.0110) Mpps, 701.19 (StdDev 132) Mbit/s (710.46 Mbit/s with framing), total 1800000 packets with 2721600000 bytes (incl. CRC)
