[1;37m[INFO]  Initializing DPDK. This will take a few seconds...[0m
EAL: Probing VFIO support...
EAL: WARNING: cpu flags constant_tsc=yes nonstop_tsc=no -> using unreliable clock cycles !
EAL: PCI device 0000:00:03.0 on NUMA socket -1
EAL:   Invalid NUMA socket, default to 0
EAL:   probe driver: 1af4:1000 net_virtio
EAL: PCI device 0000:00:04.0 on NUMA socket -1
EAL:   Invalid NUMA socket, default to 0
EAL:   probe driver: 1af4:1000 net_virtio
EAL: PCI device 0000:00:05.0 on NUMA socket -1
EAL:   Invalid NUMA socket, default to 0
EAL:   probe driver: 1af4:1000 net_virtio
[1;37m[INFO]  Found 2 usable devices:[0m
   Device 0: 52:54:00:F1:C8:E2 ([0;32mRed Hat, Inc Virtio network device[0m)
   Device 1: 52:54:00:26:66:19 ([0;32mRed Hat, Inc Virtio network device[0m)
[1;37m[INFO]  Waiting for devices to come up...[0m
[1;37m[INFO]  Device 1 (52:54:00:26:66:19) is up: 10000 MBit/s[0m
[1;37m[INFO]  Device 0 (52:54:00:F1:C8:E2) is up: 10000 MBit/s[0m
[1;37m[INFO]  [0;32m2 devices are up.[0m[0m
[1;37m[INFO]  Trying to enable rx timestamping of all packets, this isn't supported by most nics[0m
[0;34m[Device: id=0] TX[0m: 0.2393 Mpps, 2895.00 Mbit/s (2933.30 Mbit/s with framing)
[1;36m[Device: id=1] RX[0m: 0.0816 Mpps, 981.65 Mbit/s (994.71 Mbit/s with framing)
[0;34m[Device: id=0] TX[0m: 0.2448 Mpps, 2960.97 Mbit/s (3000.14 Mbit/s with framing)
[1;36m[Device: id=1] RX[0m: 0.0478 Mpps, 574.98 Mbit/s (582.62 Mbit/s with framing)
[0;34m[Device: id=0] TX[0m: 0.2382 Mpps, 2881.08 Mbit/s (2919.19 Mbit/s with framing)
[1;36m[Device: id=1] RX[0m: 0.0522 Mpps, 628.25 Mbit/s (636.61 Mbit/s with framing)
[0;34m[Device: id=0] TX[0m: 0.2380 Mpps, 2879.44 Mbit/s (2917.53 Mbit/s with framing)
[1;36m[Device: id=1] RX[0m: 0.0492 Mpps, 592.00 Mbit/s (599.87 Mbit/s with framing)
[0;34m[Device: id=0] TX[0m: 0.2708 Mpps, 3275.97 Mbit/s (3319.30 Mbit/s with framing)
[1;36m[Device: id=1] RX[0m: 0.0504 Mpps, 606.29 Mbit/s (614.35 Mbit/s with framing)
[1;36m[Device: id=1] RX[0m: 0.0685 Mpps, 824.76 Mbit/s (835.73 Mbit/s with framing)
[0;34m[Device: id=0] TX[0m: 0.2386 Mpps, 2885.95 Mbit/s (2924.12 Mbit/s with framing)
[1;36m[Device: id=1] RX[0m: 0.1297 Mpps, 1560.30 Mbit/s (1581.05 Mbit/s with framing)
[0;34m[Device: id=0] TX[0m: 0.2684 Mpps, 3246.39 Mbit/s (3289.33 Mbit/s with framing)
[1;36m[Device: id=1] RX[0m: 0.1267 Mpps, 1523.93 Mbit/s (1544.20 Mbit/s with framing)
[0;34m[Device: id=0] TX[0m: 0.2539 Mpps, 3070.86 Mbit/s (3111.48 Mbit/s with framing)
[1;36m[Device: id=1] RX[0m: 0.1079 Mpps, 1298.60 Mbit/s (1315.87 Mbit/s with framing)
[0;34m[Device: id=0] TX[0m: 0.2423 Mpps, 2931.13 Mbit/s (2969.90 Mbit/s with framing)
[1;36m[Device: id=1] RX[0m: 0.0872 Mpps, 1049.06 Mbit/s (1063.01 Mbit/s with framing)
[0;34m[Device: id=0] TX[0m: 0.2525 Mpps, 3053.83 Mbit/s (3094.22 Mbit/s with framing)
[1;36m[Device: id=1] RX[0m: 0.1074 Mpps, 1291.88 Mbit/s (1309.06 Mbit/s with framing)
[0;34m[Device: id=0] TX[0m: 0.2458 Mpps, 2972.67 Mbit/s (3011.99 Mbit/s with framing)
[1;36m[Device: id=1] RX[0m: 0.1632 Mpps, 1963.12 Mbit/s (1989.22 Mbit/s with framing)
[0;34m[Device: id=0] TX[0m: 0.2529 Mpps, 3059.07 Mbit/s (3099.53 Mbit/s with framing)
[1;36m[Device: id=1] RX[0m: 0.0857 Mpps, 1031.27 Mbit/s (1044.98 Mbit/s with framing)
[0;34m[Device: id=0] TX[0m: 0.2561 Mpps, 3097.88 Mbit/s (3138.85 Mbit/s with framing)
[1;36m[Device: id=1] RX[0m: 0.1190 Mpps, 1431.96 Mbit/s (1451.01 Mbit/s with framing)
[0;34m[Device: id=0] TX[0m: 0.2491 Mpps, 3012.83 Mbit/s (3052.68 Mbit/s with framing)
[1;36m[Device: id=1] RX[0m: 0.0804 Mpps, 967.67 Mbit/s (980.53 Mbit/s with framing)
[0;34m[Device: id=0] TX[0m: 0.2514 Mpps, 3040.42 Mbit/s (3080.64 Mbit/s with framing)
[1;36m[Device: id=1] RX[0m: 0.0384 Mpps, 461.75 Mbit/s (467.89 Mbit/s with framing)
[0;34m[Device: id=0] TX[0m: 0.2502 Mpps, 3025.91 Mbit/s (3065.94 Mbit/s with framing)
[1;36m[Device: id=1] RX[0m: 0.0674 Mpps, 811.05 Mbit/s (821.83 Mbit/s with framing)
[0;34m[Device: id=0] TX[0m: 0.2384 Mpps, 2884.14 Mbit/s (2922.29 Mbit/s with framing)
[1;36m[Device: id=1] RX[0m: 0.0477 Mpps, 574.20 Mbit/s (581.84 Mbit/s with framing)
[0;34m[Device: id=0] TX[0m: 0.2506 Mpps, 3030.66 Mbit/s (3070.75 Mbit/s with framing)
[1;36m[Device: id=1] RX[0m: 0.0723 Mpps, 870.02 Mbit/s (881.59 Mbit/s with framing)
[0;34m[Device: id=0] TX[0m: 0.2578 Mpps, 3118.60 Mbit/s (3159.85 Mbit/s with framing)
[1;36m[Device: id=1] RX[0m: 0.0580 Mpps, 697.80 Mbit/s (707.08 Mbit/s with framing)
[0;34m[Device: id=0] TX[0m: 0.2500 Mpps, 3024.32 Mbit/s (3064.33 Mbit/s with framing)
[1;36m[Device: id=1] RX[0m: 0.0581 Mpps, 699.15 Mbit/s (708.45 Mbit/s with framing)
[0;34m[Device: id=0] TX[0m: 0.2495 Mpps, 3017.50 Mbit/s (3057.41 Mbit/s with framing)
[1;36m[Device: id=1] RX[0m: 0.0697 Mpps, 838.72 Mbit/s (849.87 Mbit/s with framing)
[0;34m[Device: id=0] TX[0m: 0.2376 Mpps, 2874.39 Mbit/s (2912.41 Mbit/s with framing)
[1;36m[Device: id=1] RX[0m: 0.0427 Mpps, 513.73 Mbit/s (520.56 Mbit/s with framing)
[0;34m[Device: id=0] TX[0m: 0.2508 Mpps, 3033.62 Mbit/s (3073.75 Mbit/s with framing)
[1;36m[Device: id=1] RX[0m: 0.0398 Mpps, 479.35 Mbit/s (485.72 Mbit/s with framing)
[0;34m[Device: id=0] TX[0m: 0.2531 Mpps, 3061.78 Mbit/s (3102.28 Mbit/s with framing)
[1;36m[Device: id=1] RX[0m: 0.0455 Mpps, 547.69 Mbit/s (554.97 Mbit/s with framing)
[0;34m[Device: id=0] TX[0m: 0.2574 Mpps, 3113.51 Mbit/s (3154.69 Mbit/s with framing)
[1;36m[Device: id=1] RX[0m: 0.0540 Mpps, 649.83 Mbit/s (658.47 Mbit/s with framing)
[0;34m[Device: id=0] TX[0m: 0.2502 Mpps, 3026.84 Mbit/s (3066.87 Mbit/s with framing)
[1;36m[Device: id=1] RX[0m: 0.0806 Mpps, 969.89 Mbit/s (982.79 Mbit/s with framing)
[0;34m[Device: id=0] TX[0m: 0.2071 Mpps, 2505.18 Mbit/s (2538.32 Mbit/s with framing)
[1;36m[Device: id=1] RX[0m: 0.0544 Mpps, 654.88 Mbit/s (663.59 Mbit/s with framing)
[0;34m[Device: id=0] TX[0m: 0.2917 Mpps, 3527.96 Mbit/s (3574.63 Mbit/s with framing)
[1;36m[Device: id=1] RX[0m: 0.0795 Mpps, 956.92 Mbit/s (969.64 Mbit/s with framing)
[0;34m[Device: id=0] TX[0m: 0.2401 Mpps, 2903.97 Mbit/s (2942.38 Mbit/s with framing)
[1;36m[Device: id=1] RX[0m: 0.0537 Mpps, 645.69 Mbit/s (654.27 Mbit/s with framing)
39
[0;34m[Device: id=0] TX[0m: 0.2295 Mpps, 2776.02 Mbit/s (2812.74 Mbit/s with framing)
[1;36m[Device: id=1] RX[0m: 0.0045 Mpps, 54.35 Mbit/s (55.07 Mbit/s with framing)
[0;34m[Device: id=0] TX[0m: 0.0000 Mpps, 0.00 Mbit/s (0.00 Mbit/s with framing)
7500000
[1;36m[Device: id=1] RX[0m: 0.0714 (StdDev 0.0333) Mpps, 858.97 (StdDev 401) Mbit/s (870.39 Mbit/s with framing), total 2223337 packets with 3343898848 bytes (incl. CRC)
[0;34m[Device: id=0] TX[0m: 0.2406 (StdDev 0.0476) Mpps, 2909.76 (StdDev 576) Mbit/s (2948.25 Mbit/s with framing), total 7500000 packets with 11340000000 bytes (incl. CRC)
