[1;37m[INFO]  Initializing DPDK. This will take a few seconds...[0m
EAL: Probing VFIO support...
EAL: WARNING: cpu flags constant_tsc=yes nonstop_tsc=no -> using unreliable clock cycles !
EAL: PCI device 0000:00:03.0 on NUMA socket -1
EAL:   Invalid NUMA socket, default to 0
EAL:   probe driver: 1af4:1000 net_virtio
EAL: PCI device 0000:00:04.0 on NUMA socket -1
EAL:   Invalid NUMA socket, default to 0
EAL:   probe driver: 1af4:1000 net_virtio
EAL: PCI device 0000:00:05.0 on NUMA socket -1
EAL:   Invalid NUMA socket, default to 0
EAL:   probe driver: 1af4:1000 net_virtio
[1;37m[INFO]  Found 2 usable devices:[0m
   Device 0: 52:54:00:F1:C8:E2 ([0;32mRed Hat, Inc Virtio network device[0m)
   Device 1: 52:54:00:26:66:19 ([0;32mRed Hat, Inc Virtio network device[0m)
[1;37m[INFO]  Waiting for devices to come up...[0m
[1;37m[INFO]  Device 1 (52:54:00:26:66:19) is up: 10000 MBit/s[0m
[1;37m[INFO]  Device 0 (52:54:00:F1:C8:E2) is up: 10000 MBit/s[0m
[1;37m[INFO]  [0;32m2 devices are up.[0m[0m
[1;37m[INFO]  Trying to enable rx timestamping of all packets, this isn't supported by most nics[0m
[0;34m[Device: id=0] TX[0m: 0.1254 Mpps, 76.25 Mbit/s (96.32 Mbit/s with framing)
[1;36m[Device: id=1] RX[0m: 0.0569 Mpps, 30.93 Mbit/s (40.03 Mbit/s with framing)
[0;34m[Device: id=0] TX[0m: 0.1291 Mpps, 78.50 Mbit/s (99.15 Mbit/s with framing)
[1;36m[Device: id=1] RX[0m: 0.0544 Mpps, 29.58 Mbit/s (38.28 Mbit/s with framing)
[0;34m[Device: id=0] TX[0m: 0.1332 Mpps, 80.96 Mbit/s (102.26 Mbit/s with framing)
[1;36m[Device: id=1] RX[0m: 0.0522 Mpps, 28.39 Mbit/s (36.74 Mbit/s with framing)
[0;34m[Device: id=0] TX[0m: 0.1302 Mpps, 79.16 Mbit/s (99.99 Mbit/s with framing)
[1;36m[Device: id=1] RX[0m: 0.0531 Mpps, 28.87 Mbit/s (37.36 Mbit/s with framing)
[0;34m[Device: id=0] TX[0m: 0.1297 Mpps, 78.85 Mbit/s (99.60 Mbit/s with framing)
[1;36m[Device: id=1] RX[0m: 0.0511 Mpps, 27.81 Mbit/s (35.99 Mbit/s with framing)
[0;34m[Device: id=0] TX[0m: 0.1294 Mpps, 78.65 Mbit/s (99.35 Mbit/s with framing)
[1;36m[Device: id=1] RX[0m: 0.0546 Mpps, 29.73 Mbit/s (38.47 Mbit/s with framing)
[0;34m[Device: id=0] TX[0m: 0.1293 Mpps, 78.59 Mbit/s (99.27 Mbit/s with framing)
[1;36m[Device: id=1] RX[0m: 0.0465 Mpps, 25.27 Mbit/s (32.71 Mbit/s with framing)
[0;34m[Device: id=0] TX[0m: 0.1315 Mpps, 79.98 Mbit/s (101.03 Mbit/s with framing)
[1;36m[Device: id=1] RX[0m: 0.0505 Mpps, 27.46 Mbit/s (35.54 Mbit/s with framing)
[0;34m[Device: id=0] TX[0m: 0.1279 Mpps, 77.79 Mbit/s (98.26 Mbit/s with framing)
[1;36m[Device: id=1] RX[0m: 0.0422 Mpps, 22.94 Mbit/s (29.69 Mbit/s with framing)
[0;34m[Device: id=0] TX[0m: 0.1322 Mpps, 80.36 Mbit/s (101.51 Mbit/s with framing)
[1;36m[Device: id=1] RX[0m: 0.0457 Mpps, 24.88 Mbit/s (32.20 Mbit/s with framing)
[0;34m[Device: id=0] TX[0m: 0.1291 Mpps, 78.48 Mbit/s (99.13 Mbit/s with framing)
[1;36m[Device: id=1] RX[0m: 0.0471 Mpps, 25.64 Mbit/s (33.19 Mbit/s with framing)
[0;34m[Device: id=0] TX[0m: 0.1303 Mpps, 79.20 Mbit/s (100.04 Mbit/s with framing)
[1;36m[Device: id=1] RX[0m: 0.0466 Mpps, 25.34 Mbit/s (32.79 Mbit/s with framing)
[0;34m[Device: id=0] TX[0m: 0.1303 Mpps, 79.23 Mbit/s (100.08 Mbit/s with framing)
[1;36m[Device: id=1] RX[0m: 0.0415 Mpps, 22.56 Mbit/s (29.20 Mbit/s with framing)
[0;34m[Device: id=0] TX[0m: 0.1303 Mpps, 79.23 Mbit/s (100.08 Mbit/s with framing)
[1;36m[Device: id=1] RX[0m: 0.0394 Mpps, 21.44 Mbit/s (27.75 Mbit/s with framing)
[0;34m[Device: id=0] TX[0m: 0.1295 Mpps, 78.72 Mbit/s (99.43 Mbit/s with framing)
[1;36m[Device: id=1] RX[0m: 0.0456 Mpps, 24.81 Mbit/s (32.10 Mbit/s with framing)
[0;34m[Device: id=0] TX[0m: 0.1305 Mpps, 79.35 Mbit/s (100.24 Mbit/s with framing)
[1;36m[Device: id=1] RX[0m: 0.0413 Mpps, 22.48 Mbit/s (29.09 Mbit/s with framing)
[0;34m[Device: id=0] TX[0m: 0.1301 Mpps, 79.11 Mbit/s (99.93 Mbit/s with framing)
[1;36m[Device: id=1] RX[0m: 0.0392 Mpps, 21.34 Mbit/s (27.62 Mbit/s with framing)
[0;34m[Device: id=0] TX[0m: 0.1295 Mpps, 78.72 Mbit/s (99.43 Mbit/s with framing)
[1;36m[Device: id=1] RX[0m: 0.0422 Mpps, 22.96 Mbit/s (29.71 Mbit/s with framing)
[0;34m[Device: id=0] TX[0m: 0.1298 Mpps, 78.92 Mbit/s (99.69 Mbit/s with framing)
[1;36m[Device: id=1] RX[0m: 0.0444 Mpps, 24.17 Mbit/s (31.27 Mbit/s with framing)
[0;34m[Device: id=0] TX[0m: 0.1291 Mpps, 78.52 Mbit/s (99.18 Mbit/s with framing)
[1;36m[Device: id=1] RX[0m: 0.0454 Mpps, 24.72 Mbit/s (32.00 Mbit/s with framing)
[0;34m[Device: id=0] TX[0m: 0.1313 Mpps, 79.84 Mbit/s (100.85 Mbit/s with framing)
[1;36m[Device: id=1] RX[0m: 0.0414 Mpps, 22.50 Mbit/s (29.11 Mbit/s with framing)
[0;34m[Device: id=0] TX[0m: 0.1288 Mpps, 78.29 Mbit/s (98.89 Mbit/s with framing)
[1;36m[Device: id=1] RX[0m: 0.0412 Mpps, 22.39 Mbit/s (28.98 Mbit/s with framing)
[0;34m[Device: id=0] TX[0m: 0.1288 Mpps, 78.30 Mbit/s (98.91 Mbit/s with framing)
[1;36m[Device: id=1] RX[0m: 0.0478 Mpps, 26.01 Mbit/s (33.66 Mbit/s with framing)
[0;34m[Device: id=0] TX[0m: 0.1285 Mpps, 78.11 Mbit/s (98.67 Mbit/s with framing)
[1;36m[Device: id=1] RX[0m: 0.0681 Mpps, 37.02 Mbit/s (47.91 Mbit/s with framing)
[0;34m[Device: id=0] TX[0m: 0.1036 Mpps, 63.01 Mbit/s (79.59 Mbit/s with framing)
[1;36m[Device: id=1] RX[0m: 0.0391 Mpps, 21.26 Mbit/s (27.52 Mbit/s with framing)
[0;34m[Device: id=0] TX[0m: 0.1433 Mpps, 87.16 Mbit/s (110.09 Mbit/s with framing)
[1;36m[Device: id=1] RX[0m: 0.0390 Mpps, 21.24 Mbit/s (27.48 Mbit/s with framing)
[0;34m[Device: id=0] TX[0m: 0.1429 Mpps, 86.89 Mbit/s (109.76 Mbit/s with framing)
[1;36m[Device: id=1] RX[0m: 0.0604 Mpps, 32.87 Mbit/s (42.54 Mbit/s with framing)
[0;34m[Device: id=0] TX[0m: 0.1150 Mpps, 69.89 Mbit/s (88.28 Mbit/s with framing)
[1;36m[Device: id=1] RX[0m: 0.0442 Mpps, 24.07 Mbit/s (31.15 Mbit/s with framing)
[0;34m[Device: id=0] TX[0m: 0.1042 Mpps, 63.38 Mbit/s (80.05 Mbit/s with framing)
[1;36m[Device: id=1] RX[0m: 0.0401 Mpps, 21.83 Mbit/s (28.25 Mbit/s with framing)
[0;34m[Device: id=0] TX[0m: 0.1677 Mpps, 101.96 Mbit/s (128.80 Mbit/s with framing)
48
[1;36m[Device: id=1] RX[0m: 0.0396 Mpps, 21.55 Mbit/s (27.89 Mbit/s with framing)
[0;34m[Device: id=0] TX[0m: 0.0064 Mpps, 3.88 Mbit/s (4.90 Mbit/s with framing)
[1;36m[Device: id=1] RX[0m: 0.0009 Mpps, 0.52 Mbit/s (0.67 Mbit/s with framing)
3900000
[1;36m[Device: id=1] RX[0m: 0.0448 (StdDev 0.0107) Mpps, 24.39 (StdDev 6) Mbit/s (31.56 Mbit/s with framing), total 1401849 packets with 95325732 bytes (incl. CRC)
[0;34m[Device: id=0] TX[0m: 0.1257 (StdDev 0.0250) Mpps, 76.43 (StdDev 15) Mbit/s (96.55 Mbit/s with framing), total 3900000 packets with 296400000 bytes (incl. CRC)
