[1;37m[INFO]  Initializing DPDK. This will take a few seconds...[0m
EAL: Probing VFIO support...
EAL: WARNING: cpu flags constant_tsc=yes nonstop_tsc=no -> using unreliable clock cycles !
EAL: PCI device 0000:00:03.0 on NUMA socket -1
EAL:   Invalid NUMA socket, default to 0
EAL:   probe driver: 1af4:1000 net_virtio
EAL: PCI device 0000:00:04.0 on NUMA socket -1
EAL:   Invalid NUMA socket, default to 0
EAL:   probe driver: 1af4:1000 net_virtio
EAL: PCI device 0000:00:05.0 on NUMA socket -1
EAL:   Invalid NUMA socket, default to 0
EAL:   probe driver: 1af4:1000 net_virtio
[1;37m[INFO]  Found 2 usable devices:[0m
   Device 0: 52:54:00:F1:C8:E2 ([0;32mRed Hat, Inc Virtio network device[0m)
   Device 1: 52:54:00:26:66:19 ([0;32mRed Hat, Inc Virtio network device[0m)
[1;37m[INFO]  Waiting for devices to come up...[0m
[1;37m[INFO]  Device 1 (52:54:00:26:66:19) is up: 10000 MBit/s[0m
[1;37m[INFO]  Device 0 (52:54:00:F1:C8:E2) is up: 10000 MBit/s[0m
[1;37m[INFO]  [0;32m2 devices are up.[0m[0m
[1;37m[INFO]  Trying to enable rx timestamping of all packets, this isn't supported by most nics[0m
[1;36m[Device: id=1] RX[0m: 0.0338 Mpps, 18.40 Mbit/s (23.82 Mbit/s with framing)
[0;34m[Device: id=0] TX[0m: 0.2174 Mpps, 132.20 Mbit/s (166.99 Mbit/s with framing)
[0;34m[Device: id=0] TX[0m: 0.2206 Mpps, 134.13 Mbit/s (169.43 Mbit/s with framing)
[1;36m[Device: id=1] RX[0m: 0.0414 Mpps, 22.51 Mbit/s (29.13 Mbit/s with framing)
[0;34m[Device: id=0] TX[0m: 0.2144 Mpps, 130.33 Mbit/s (164.63 Mbit/s with framing)
[1;36m[Device: id=1] RX[0m: 0.0442 Mpps, 24.02 Mbit/s (31.09 Mbit/s with framing)
[1;36m[Device: id=1] RX[0m: 0.0534 Mpps, 29.05 Mbit/s (37.60 Mbit/s with framing)
[0;34m[Device: id=0] TX[0m: 0.2239 Mpps, 136.14 Mbit/s (171.96 Mbit/s with framing)
[1;36m[Device: id=1] RX[0m: 0.0403 Mpps, 21.94 Mbit/s (28.40 Mbit/s with framing)
[0;34m[Device: id=0] TX[0m: 0.2056 Mpps, 125.01 Mbit/s (157.90 Mbit/s with framing)
[1;36m[Device: id=1] RX[0m: 0.0399 Mpps, 21.73 Mbit/s (28.12 Mbit/s with framing)
[0;34m[Device: id=0] TX[0m: 0.1842 Mpps, 111.99 Mbit/s (141.46 Mbit/s with framing)
[1;36m[Device: id=1] RX[0m: 0.0400 Mpps, 21.74 Mbit/s (28.14 Mbit/s with framing)
[0;34m[Device: id=0] TX[0m: 0.1123 Mpps, 68.27 Mbit/s (86.23 Mbit/s with framing)
[1;36m[Device: id=1] RX[0m: 0.0409 Mpps, 22.26 Mbit/s (28.81 Mbit/s with framing)
[0;34m[Device: id=0] TX[0m: 0.3658 Mpps, 222.43 Mbit/s (280.96 Mbit/s with framing)
[1;36m[Device: id=1] RX[0m: 0.0397 Mpps, 21.58 Mbit/s (27.93 Mbit/s with framing)
[0;34m[Device: id=0] TX[0m: 0.0467 Mpps, 28.39 Mbit/s (35.86 Mbit/s with framing)
[1;36m[Device: id=1] RX[0m: 0.0381 Mpps, 20.74 Mbit/s (26.83 Mbit/s with framing)
[0;34m[Device: id=0] TX[0m: 0.3730 Mpps, 226.78 Mbit/s (286.46 Mbit/s with framing)
[1;36m[Device: id=1] RX[0m: 0.0355 Mpps, 19.30 Mbit/s (24.97 Mbit/s with framing)
[0;34m[Device: id=0] TX[0m: 0.2389 Mpps, 145.24 Mbit/s (183.46 Mbit/s with framing)
[1;36m[Device: id=1] RX[0m: 0.0402 Mpps, 21.89 Mbit/s (28.33 Mbit/s with framing)
[0;34m[Device: id=0] TX[0m: 0.2367 Mpps, 143.91 Mbit/s (181.78 Mbit/s with framing)
[1;36m[Device: id=1] RX[0m: 0.0396 Mpps, 21.56 Mbit/s (27.90 Mbit/s with framing)
[0;34m[Device: id=0] TX[0m: 0.2128 Mpps, 129.41 Mbit/s (163.47 Mbit/s with framing)
[1;36m[Device: id=1] RX[0m: 0.0399 Mpps, 21.71 Mbit/s (28.10 Mbit/s with framing)
[0;34m[Device: id=0] TX[0m: 0.2178 Mpps, 132.45 Mbit/s (167.30 Mbit/s with framing)
[1;36m[Device: id=1] RX[0m: 0.0402 Mpps, 21.88 Mbit/s (28.32 Mbit/s with framing)
[0;34m[Device: id=0] TX[0m: 0.2202 Mpps, 133.88 Mbit/s (169.11 Mbit/s with framing)
[1;36m[Device: id=1] RX[0m: 0.0401 Mpps, 21.80 Mbit/s (28.22 Mbit/s with framing)
[0;34m[Device: id=0] TX[0m: 0.2271 Mpps, 138.08 Mbit/s (174.42 Mbit/s with framing)
[1;36m[Device: id=1] RX[0m: 0.0397 Mpps, 21.61 Mbit/s (27.97 Mbit/s with framing)
[0;34m[Device: id=0] TX[0m: 0.2209 Mpps, 134.32 Mbit/s (169.66 Mbit/s with framing)
[1;36m[Device: id=1] RX[0m: 0.0399 Mpps, 21.72 Mbit/s (28.10 Mbit/s with framing)
[0;34m[Device: id=0] TX[0m: 0.2164 Mpps, 131.57 Mbit/s (166.19 Mbit/s with framing)
[1;36m[Device: id=1] RX[0m: 0.0397 Mpps, 21.59 Mbit/s (27.94 Mbit/s with framing)
[0;34m[Device: id=0] TX[0m: 0.1736 Mpps, 105.54 Mbit/s (133.31 Mbit/s with framing)
[1;36m[Device: id=1] RX[0m: 0.0405 Mpps, 22.02 Mbit/s (28.50 Mbit/s with framing)
[0;34m[Device: id=0] TX[0m: 0.2617 Mpps, 159.09 Mbit/s (200.96 Mbit/s with framing)
[1;36m[Device: id=1] RX[0m: 0.0418 Mpps, 22.76 Mbit/s (29.46 Mbit/s with framing)
[0;34m[Device: id=0] TX[0m: 0.2211 Mpps, 134.43 Mbit/s (169.81 Mbit/s with framing)
[1;36m[Device: id=1] RX[0m: 0.0404 Mpps, 21.99 Mbit/s (28.45 Mbit/s with framing)
[0;34m[Device: id=0] TX[0m: 0.2081 Mpps, 126.51 Mbit/s (159.80 Mbit/s with framing)
[1;36m[Device: id=1] RX[0m: 0.0672 Mpps, 36.54 Mbit/s (47.28 Mbit/s with framing)
[0;34m[Device: id=0] TX[0m: 0.2172 Mpps, 132.04 Mbit/s (166.79 Mbit/s with framing)
[1;36m[Device: id=1] RX[0m: 0.0397 Mpps, 21.60 Mbit/s (27.96 Mbit/s with framing)
[0;34m[Device: id=0] TX[0m: 0.2391 Mpps, 145.36 Mbit/s (183.61 Mbit/s with framing)
[1;36m[Device: id=1] RX[0m: 0.0397 Mpps, 21.60 Mbit/s (27.96 Mbit/s with framing)
[0;34m[Device: id=0] TX[0m: 0.2131 Mpps, 129.57 Mbit/s (163.67 Mbit/s with framing)
[1;36m[Device: id=1] RX[0m: 0.0397 Mpps, 21.61 Mbit/s (27.97 Mbit/s with framing)
[0;34m[Device: id=0] TX[0m: 0.2266 Mpps, 137.75 Mbit/s (173.99 Mbit/s with framing)
[1;36m[Device: id=1] RX[0m: 0.0415 Mpps, 22.58 Mbit/s (29.22 Mbit/s with framing)
[0;34m[Device: id=0] TX[0m: 0.2149 Mpps, 130.64 Mbit/s (165.02 Mbit/s with framing)
[1;36m[Device: id=1] RX[0m: 0.0406 Mpps, 22.10 Mbit/s (28.60 Mbit/s with framing)
[0;34m[Device: id=0] TX[0m: 0.2268 Mpps, 137.87 Mbit/s (174.16 Mbit/s with framing)
[1;36m[Device: id=1] RX[0m: 0.0397 Mpps, 21.61 Mbit/s (27.96 Mbit/s with framing)
[0;34m[Device: id=0] TX[0m: 0.1996 Mpps, 121.34 Mbit/s (153.27 Mbit/s with framing)
[1;36m[Device: id=1] RX[0m: 0.0398 Mpps, 21.63 Mbit/s (28.00 Mbit/s with framing)
57
[0;34m[Device: id=0] TX[0m: 0.2062 Mpps, 125.37 Mbit/s (158.36 Mbit/s with framing)
[1;36m[Device: id=1] RX[0m: 0.0025 Mpps, 1.36 Mbit/s (1.77 Mbit/s with framing)
[0;34m[Device: id=0] TX[0m: 0.0000 Mpps, 0.00 Mbit/s (0.00 Mbit/s with framing)
6600000
[1;36m[Device: id=1] RX[0m: 0.0402 (StdDev 0.0090) Mpps, 21.87 (StdDev 5) Mbit/s (28.30 Mbit/s with framing), total 1239823 packets with 84307964 bytes (incl. CRC)
[0;34m[Device: id=0] TX[0m: 0.2115 (StdDev 0.0695) Mpps, 128.59 (StdDev 42) Mbit/s (162.43 Mbit/s with framing), total 6600000 packets with 501600000 bytes (incl. CRC)
