[1;37m[INFO]  Initializing DPDK. This will take a few seconds...[0m
EAL: Probing VFIO support...
EAL: WARNING: cpu flags constant_tsc=yes nonstop_tsc=no -> using unreliable clock cycles !
EAL: PCI device 0000:00:03.0 on NUMA socket -1
EAL:   Invalid NUMA socket, default to 0
EAL:   probe driver: 1af4:1000 net_virtio
EAL: PCI device 0000:00:04.0 on NUMA socket -1
EAL:   Invalid NUMA socket, default to 0
EAL:   probe driver: 1af4:1000 net_virtio
EAL: PCI device 0000:00:05.0 on NUMA socket -1
EAL:   Invalid NUMA socket, default to 0
EAL:   probe driver: 1af4:1000 net_virtio
[1;37m[INFO]  Found 2 usable devices:[0m
   Device 0: 52:54:00:F1:C8:E2 ([0;32mRed Hat, Inc Virtio network device[0m)
   Device 1: 52:54:00:26:66:19 ([0;32mRed Hat, Inc Virtio network device[0m)
[1;37m[INFO]  Waiting for devices to come up...[0m
[1;37m[INFO]  Device 1 (52:54:00:26:66:19) is up: 10000 MBit/s[0m
[1;37m[INFO]  Device 0 (52:54:00:F1:C8:E2) is up: 10000 MBit/s[0m
[1;37m[INFO]  [0;32m2 devices are up.[0m[0m
[1;37m[INFO]  Trying to enable rx timestamping of all packets, this isn't supported by most nics[0m
[1;36m[Device: id=1] RX[0m: 0.1510 Mpps, 1817.08 Mbit/s (1841.25 Mbit/s with framing)
[0;34m[Device: id=0] TX[0m: 0.2569 Mpps, 3107.81 Mbit/s (3148.92 Mbit/s with framing)
[0;34m[Device: id=0] TX[0m: 0.2798 Mpps, 3383.96 Mbit/s (3428.72 Mbit/s with framing)
[1;36m[Device: id=1] RX[0m: 0.0869 Mpps, 1045.56 Mbit/s (1059.46 Mbit/s with framing)
[1;36m[Device: id=1] RX[0m: 0.1147 Mpps, 1380.65 Mbit/s (1399.01 Mbit/s with framing)
[0;34m[Device: id=0] TX[0m: 0.2665 Mpps, 3222.99 Mbit/s (3265.62 Mbit/s with framing)
[1;36m[Device: id=1] RX[0m: 0.0710 Mpps, 853.99 Mbit/s (865.34 Mbit/s with framing)
[0;34m[Device: id=0] TX[0m: 0.2740 Mpps, 3314.32 Mbit/s (3358.16 Mbit/s with framing)
[1;36m[Device: id=1] RX[0m: 0.0605 Mpps, 727.81 Mbit/s (737.49 Mbit/s with framing)
[0;34m[Device: id=0] TX[0m: 0.2708 Mpps, 3275.54 Mbit/s (3318.86 Mbit/s with framing)
[1;36m[Device: id=1] RX[0m: 0.0406 Mpps, 488.50 Mbit/s (494.99 Mbit/s with framing)
[0;34m[Device: id=0] TX[0m: 0.2707 Mpps, 3274.15 Mbit/s (3317.46 Mbit/s with framing)
[1;36m[Device: id=1] RX[0m: 0.0400 Mpps, 481.51 Mbit/s (487.91 Mbit/s with framing)
[0;34m[Device: id=0] TX[0m: 0.2702 Mpps, 3267.75 Mbit/s (3310.97 Mbit/s with framing)
[1;36m[Device: id=1] RX[0m: 0.0446 Mpps, 536.31 Mbit/s (543.44 Mbit/s with framing)
[0;34m[Device: id=0] TX[0m: 0.2648 Mpps, 3203.60 Mbit/s (3245.98 Mbit/s with framing)
[1;36m[Device: id=1] RX[0m: 0.0539 Mpps, 648.57 Mbit/s (657.20 Mbit/s with framing)
[0;34m[Device: id=0] TX[0m: 0.2739 Mpps, 3312.87 Mbit/s (3356.69 Mbit/s with framing)
[1;36m[Device: id=1] RX[0m: 0.0407 Mpps, 489.63 Mbit/s (496.14 Mbit/s with framing)
[0;34m[Device: id=0] TX[0m: 0.2715 Mpps, 3284.25 Mbit/s (3327.69 Mbit/s with framing)
[1;36m[Device: id=1] RX[0m: 0.0413 Mpps, 496.84 Mbit/s (503.44 Mbit/s with framing)
[0;34m[Device: id=0] TX[0m: 0.2703 Mpps, 3269.09 Mbit/s (3312.33 Mbit/s with framing)
[1;36m[Device: id=1] RX[0m: 0.0787 Mpps, 946.38 Mbit/s (958.97 Mbit/s with framing)
[0;34m[Device: id=0] TX[0m: 0.2531 Mpps, 3061.25 Mbit/s (3101.74 Mbit/s with framing)
[1;36m[Device: id=1] RX[0m: 0.0882 Mpps, 1061.43 Mbit/s (1075.55 Mbit/s with framing)
[0;34m[Device: id=0] TX[0m: 0.2672 Mpps, 3232.06 Mbit/s (3274.81 Mbit/s with framing)
[1;36m[Device: id=1] RX[0m: 0.0458 Mpps, 551.12 Mbit/s (558.45 Mbit/s with framing)
[0;34m[Device: id=0] TX[0m: 0.2841 Mpps, 3437.01 Mbit/s (3482.47 Mbit/s with framing)
[1;36m[Device: id=1] RX[0m: 0.0563 Mpps, 677.45 Mbit/s (686.46 Mbit/s with framing)
[0;34m[Device: id=0] TX[0m: 0.2744 Mpps, 3319.64 Mbit/s (3363.56 Mbit/s with framing)
[1;36m[Device: id=1] RX[0m: 0.0401 Mpps, 482.73 Mbit/s (489.15 Mbit/s with framing)
[0;34m[Device: id=0] TX[0m: 0.1996 Mpps, 2414.61 Mbit/s (2446.55 Mbit/s with framing)
[1;36m[Device: id=1] RX[0m: 0.0569 Mpps, 685.18 Mbit/s (694.29 Mbit/s with framing)
[0;34m[Device: id=0] TX[0m: 0.3364 Mpps, 4068.62 Mbit/s (4122.44 Mbit/s with framing)
[1;36m[Device: id=1] RX[0m: 0.0452 Mpps, 543.44 Mbit/s (550.66 Mbit/s with framing)
[0;34m[Device: id=0] TX[0m: 0.2567 Mpps, 3105.64 Mbit/s (3146.72 Mbit/s with framing)
[1;36m[Device: id=1] RX[0m: 0.0880 Mpps, 1058.58 Mbit/s (1072.65 Mbit/s with framing)
[0;34m[Device: id=0] TX[0m: 0.2775 Mpps, 3356.81 Mbit/s (3401.21 Mbit/s with framing)
[1;36m[Device: id=1] RX[0m: 0.0904 Mpps, 1087.42 Mbit/s (1101.88 Mbit/s with framing)
[0;34m[Device: id=0] TX[0m: 0.2537 Mpps, 3069.21 Mbit/s (3109.80 Mbit/s with framing)
[1;36m[Device: id=1] RX[0m: 0.0863 Mpps, 1038.82 Mbit/s (1052.63 Mbit/s with framing)
[0;34m[Device: id=0] TX[0m: 0.2924 Mpps, 3537.14 Mbit/s (3583.93 Mbit/s with framing)
[1;36m[Device: id=1] RX[0m: 0.0396 Mpps, 476.09 Mbit/s (482.42 Mbit/s with framing)
[0;34m[Device: id=0] TX[0m: 0.2591 Mpps, 3134.58 Mbit/s (3176.04 Mbit/s with framing)
[1;36m[Device: id=1] RX[0m: 0.0419 Mpps, 503.84 Mbit/s (510.54 Mbit/s with framing)
[0;34m[Device: id=0] TX[0m: 0.2839 Mpps, 3433.59 Mbit/s (3479.00 Mbit/s with framing)
[1;36m[Device: id=1] RX[0m: 0.0437 Mpps, 525.95 Mbit/s (532.95 Mbit/s with framing)
[0;34m[Device: id=0] TX[0m: 0.2692 Mpps, 3256.31 Mbit/s (3299.39 Mbit/s with framing)
[1;36m[Device: id=1] RX[0m: 0.0559 Mpps, 672.48 Mbit/s (681.42 Mbit/s with framing)
[0;34m[Device: id=0] TX[0m: 0.2225 Mpps, 2690.96 Mbit/s (2726.55 Mbit/s with framing)
[1;36m[Device: id=1] RX[0m: 0.0714 Mpps, 859.65 Mbit/s (871.08 Mbit/s with framing)
[0;34m[Device: id=0] TX[0m: 0.3156 Mpps, 3817.33 Mbit/s (3867.83 Mbit/s with framing)
[1;36m[Device: id=1] RX[0m: 0.0438 Mpps, 527.47 Mbit/s (534.48 Mbit/s with framing)
[0;34m[Device: id=0] TX[0m: 0.2711 Mpps, 3279.52 Mbit/s (3322.90 Mbit/s with framing)
[1;36m[Device: id=1] RX[0m: 0.0405 Mpps, 487.28 Mbit/s (493.76 Mbit/s with framing)
[0;34m[Device: id=0] TX[0m: 0.2524 Mpps, 3052.55 Mbit/s (3092.92 Mbit/s with framing)
[1;36m[Device: id=1] RX[0m: 0.0400 Mpps, 480.93 Mbit/s (487.32 Mbit/s with framing)
[0;34m[Device: id=0] TX[0m: 0.2748 Mpps, 3323.90 Mbit/s (3367.87 Mbit/s with framing)
[1;36m[Device: id=1] RX[0m: 0.0393 Mpps, 472.89 Mbit/s (479.17 Mbit/s with framing)
[0;34m[Device: id=0] TX[0m: 0.2501 Mpps, 3025.54 Mbit/s (3065.56 Mbit/s with framing)
27
[1;36m[Device: id=1] RX[0m: 0.0082 Mpps, 98.94 Mbit/s (100.26 Mbit/s with framing)
[0;34m[Device: id=0] TX[0m: 0.0034 Mpps, 40.65 Mbit/s (41.19 Mbit/s with framing)
8100000
[1;36m[Device: id=1] RX[0m: 0.0565 (StdDev 0.0227) Mpps, 679.58 (StdDev 273) Mbit/s (688.62 Mbit/s with framing), total 1845479 packets with 2775600416 bytes (incl. CRC)
[0;34m[Device: id=0] TX[0m: 0.2603 (StdDev 0.0540) Mpps, 3148.85 (StdDev 654) Mbit/s (3190.50 Mbit/s with framing), total 8100000 packets with 12247200000 bytes (incl. CRC)
