[1;37m[INFO]  Initializing DPDK. This will take a few seconds...[0m
EAL: Probing VFIO support...
EAL: WARNING: cpu flags constant_tsc=yes nonstop_tsc=no -> using unreliable clock cycles !
EAL: PCI device 0000:00:03.0 on NUMA socket -1
EAL:   Invalid NUMA socket, default to 0
EAL:   probe driver: 1af4:1000 net_virtio
EAL: PCI device 0000:00:04.0 on NUMA socket -1
EAL:   Invalid NUMA socket, default to 0
EAL:   probe driver: 1af4:1000 net_virtio
EAL: PCI device 0000:00:05.0 on NUMA socket -1
EAL:   Invalid NUMA socket, default to 0
EAL:   probe driver: 1af4:1000 net_virtio
[1;37m[INFO]  Found 2 usable devices:[0m
   Device 0: 52:54:00:F1:C8:E2 ([0;32mRed Hat, Inc Virtio network device[0m)
   Device 1: 52:54:00:26:66:19 ([0;32mRed Hat, Inc Virtio network device[0m)
[1;37m[INFO]  Waiting for devices to come up...[0m
[1;37m[INFO]  Device 1 (52:54:00:26:66:19) is up: 10000 MBit/s[0m
[1;37m[INFO]  Device 0 (52:54:00:F1:C8:E2) is up: 10000 MBit/s[0m
[1;37m[INFO]  [0;32m2 devices are up.[0m[0m
[1;37m[INFO]  Trying to enable rx timestamping of all packets, this isn't supported by most nics[0m
[0;34m[Device: id=0] TX[0m: 0.0491 Mpps, 29.86 Mbit/s (37.72 Mbit/s with framing)
[1;36m[Device: id=1] RX[0m: 0.0477 Mpps, 25.97 Mbit/s (33.61 Mbit/s with framing)
[0;34m[Device: id=0] TX[0m: 0.0500 Mpps, 30.40 Mbit/s (38.40 Mbit/s with framing)
[1;36m[Device: id=1] RX[0m: 0.0463 Mpps, 25.20 Mbit/s (32.61 Mbit/s with framing)
[0;34m[Device: id=0] TX[0m: 0.0500 Mpps, 30.42 Mbit/s (38.42 Mbit/s with framing)
[1;36m[Device: id=1] RX[0m: 0.0472 Mpps, 25.66 Mbit/s (33.21 Mbit/s with framing)
[0;34m[Device: id=0] TX[0m: 0.0500 Mpps, 30.39 Mbit/s (38.38 Mbit/s with framing)
[1;36m[Device: id=1] RX[0m: 0.0469 Mpps, 25.52 Mbit/s (33.02 Mbit/s with framing)
[0;34m[Device: id=0] TX[0m: 0.0500 Mpps, 30.40 Mbit/s (38.40 Mbit/s with framing)
[1;36m[Device: id=1] RX[0m: 0.0460 Mpps, 25.02 Mbit/s (32.37 Mbit/s with framing)
[0;34m[Device: id=0] TX[0m: 0.0500 Mpps, 30.40 Mbit/s (38.40 Mbit/s with framing)
[1;36m[Device: id=1] RX[0m: 0.0458 Mpps, 24.89 Mbit/s (32.21 Mbit/s with framing)
[0;34m[Device: id=0] TX[0m: 0.0500 Mpps, 30.41 Mbit/s (38.42 Mbit/s with framing)
[1;36m[Device: id=1] RX[0m: 0.0467 Mpps, 25.40 Mbit/s (32.87 Mbit/s with framing)
[0;34m[Device: id=0] TX[0m: 0.0500 Mpps, 30.41 Mbit/s (38.41 Mbit/s with framing)
[1;36m[Device: id=1] RX[0m: 0.0461 Mpps, 25.10 Mbit/s (32.48 Mbit/s with framing)
[0;34m[Device: id=0] TX[0m: 0.0500 Mpps, 30.40 Mbit/s (38.40 Mbit/s with framing)
[1;36m[Device: id=1] RX[0m: 0.0463 Mpps, 25.18 Mbit/s (32.59 Mbit/s with framing)
[0;34m[Device: id=0] TX[0m: 0.0500 Mpps, 30.40 Mbit/s (38.40 Mbit/s with framing)
[1;36m[Device: id=1] RX[0m: 0.0465 Mpps, 25.29 Mbit/s (32.72 Mbit/s with framing)
[0;34m[Device: id=0] TX[0m: 0.0500 Mpps, 30.40 Mbit/s (38.40 Mbit/s with framing)
[1;36m[Device: id=1] RX[0m: 0.0467 Mpps, 25.39 Mbit/s (32.86 Mbit/s with framing)
[0;34m[Device: id=0] TX[0m: 0.0500 Mpps, 30.42 Mbit/s (38.42 Mbit/s with framing)
[1;36m[Device: id=1] RX[0m: 0.0459 Mpps, 24.94 Mbit/s (32.28 Mbit/s with framing)
[0;34m[Device: id=0] TX[0m: 0.0500 Mpps, 30.38 Mbit/s (38.37 Mbit/s with framing)
[1;36m[Device: id=1] RX[0m: 0.0449 Mpps, 24.42 Mbit/s (31.60 Mbit/s with framing)
[0;34m[Device: id=0] TX[0m: 0.0500 Mpps, 30.41 Mbit/s (38.41 Mbit/s with framing)
[1;36m[Device: id=1] RX[0m: 0.0475 Mpps, 25.86 Mbit/s (33.47 Mbit/s with framing)
[0;34m[Device: id=0] TX[0m: 0.0500 Mpps, 30.40 Mbit/s (38.40 Mbit/s with framing)
[1;36m[Device: id=1] RX[0m: 0.0468 Mpps, 25.46 Mbit/s (32.95 Mbit/s with framing)
[0;34m[Device: id=0] TX[0m: 0.0500 Mpps, 30.40 Mbit/s (38.40 Mbit/s with framing)
[1;36m[Device: id=1] RX[0m: 0.0461 Mpps, 25.08 Mbit/s (32.45 Mbit/s with framing)
[0;34m[Device: id=0] TX[0m: 0.0500 Mpps, 30.37 Mbit/s (38.36 Mbit/s with framing)
[1;36m[Device: id=1] RX[0m: 0.0468 Mpps, 25.44 Mbit/s (32.92 Mbit/s with framing)
[0;34m[Device: id=0] TX[0m: 0.0501 Mpps, 30.43 Mbit/s (38.44 Mbit/s with framing)
[1;36m[Device: id=1] RX[0m: 0.0457 Mpps, 24.87 Mbit/s (32.18 Mbit/s with framing)
[0;34m[Device: id=0] TX[0m: 0.0500 Mpps, 30.38 Mbit/s (38.38 Mbit/s with framing)
[1;36m[Device: id=1] RX[0m: 0.0464 Mpps, 25.23 Mbit/s (32.65 Mbit/s with framing)
[0;34m[Device: id=0] TX[0m: 0.0500 Mpps, 30.40 Mbit/s (38.40 Mbit/s with framing)
[1;36m[Device: id=1] RX[0m: 0.0469 Mpps, 25.52 Mbit/s (33.03 Mbit/s with framing)
[0;34m[Device: id=0] TX[0m: 0.0500 Mpps, 30.40 Mbit/s (38.40 Mbit/s with framing)
[1;36m[Device: id=1] RX[0m: 0.0457 Mpps, 24.86 Mbit/s (32.17 Mbit/s with framing)
[0;34m[Device: id=0] TX[0m: 0.0500 Mpps, 30.41 Mbit/s (38.42 Mbit/s with framing)
[1;36m[Device: id=1] RX[0m: 0.0463 Mpps, 25.18 Mbit/s (32.59 Mbit/s with framing)
[0;34m[Device: id=0] TX[0m: 0.0500 Mpps, 30.39 Mbit/s (38.39 Mbit/s with framing)
[1;36m[Device: id=1] RX[0m: 0.0459 Mpps, 24.98 Mbit/s (32.33 Mbit/s with framing)
[0;34m[Device: id=0] TX[0m: 0.0500 Mpps, 30.41 Mbit/s (38.41 Mbit/s with framing)
[1;36m[Device: id=1] RX[0m: 0.0471 Mpps, 25.65 Mbit/s (33.19 Mbit/s with framing)
[0;34m[Device: id=0] TX[0m: 0.0499 Mpps, 30.32 Mbit/s (38.30 Mbit/s with framing)
[1;36m[Device: id=1] RX[0m: 0.0456 Mpps, 24.83 Mbit/s (32.13 Mbit/s with framing)
[0;34m[Device: id=0] TX[0m: 0.0501 Mpps, 30.48 Mbit/s (38.50 Mbit/s with framing)
[1;36m[Device: id=1] RX[0m: 0.0460 Mpps, 25.00 Mbit/s (32.36 Mbit/s with framing)
[0;34m[Device: id=0] TX[0m: 0.0500 Mpps, 30.41 Mbit/s (38.41 Mbit/s with framing)
[1;36m[Device: id=1] RX[0m: 0.0474 Mpps, 25.77 Mbit/s (33.35 Mbit/s with framing)
[0;34m[Device: id=0] TX[0m: 0.0500 Mpps, 30.38 Mbit/s (38.37 Mbit/s with framing)
[1;36m[Device: id=1] RX[0m: 0.0468 Mpps, 25.48 Mbit/s (32.97 Mbit/s with framing)
[0;34m[Device: id=0] TX[0m: 0.0500 Mpps, 30.41 Mbit/s (38.41 Mbit/s with framing)
[1;36m[Device: id=1] RX[0m: 0.0466 Mpps, 25.37 Mbit/s (32.83 Mbit/s with framing)
33
[0;34m[Device: id=0] TX[0m: 0.0494 Mpps, 30.04 Mbit/s (37.94 Mbit/s with framing)
[1;36m[Device: id=1] RX[0m: 0.0451 Mpps, 24.53 Mbit/s (31.74 Mbit/s with framing)
[0;34m[Device: id=0] TX[0m: 0.0000 Mpps, 0.00 Mbit/s (0.00 Mbit/s with framing)
[1;36m[Device: id=1] RX[0m: 0.0000 Mpps, 0.00 Mbit/s (0.00 Mbit/s with framing)
1500000
[1;36m[Device: id=1] RX[0m: 0.0448 (StdDev 0.0085) Mpps, 24.37 (StdDev 5) Mbit/s (31.54 Mbit/s with framing), total 1391733 packets with 94637844 bytes (incl. CRC)
[0;34m[Device: id=0] TX[0m: 0.0483 (StdDev 0.0091) Mpps, 29.38 (StdDev 6) Mbit/s (37.11 Mbit/s with framing), total 1500000 packets with 114000000 bytes (incl. CRC)
