[1;37m[INFO]  Initializing DPDK. This will take a few seconds...[0m
EAL: Probing VFIO support...
EAL: WARNING: cpu flags constant_tsc=yes nonstop_tsc=no -> using unreliable clock cycles !
EAL: PCI device 0000:00:03.0 on NUMA socket -1
EAL:   Invalid NUMA socket, default to 0
EAL:   probe driver: 1af4:1000 net_virtio
EAL: PCI device 0000:00:04.0 on NUMA socket -1
EAL:   Invalid NUMA socket, default to 0
EAL:   probe driver: 1af4:1000 net_virtio
EAL: PCI device 0000:00:05.0 on NUMA socket -1
EAL:   Invalid NUMA socket, default to 0
EAL:   probe driver: 1af4:1000 net_virtio
[1;37m[INFO]  Found 2 usable devices:[0m
   Device 0: 52:54:00:F1:C8:E2 ([0;32mRed Hat, Inc Virtio network device[0m)
   Device 1: 52:54:00:26:66:19 ([0;32mRed Hat, Inc Virtio network device[0m)
[1;37m[INFO]  Waiting for devices to come up...[0m
[1;37m[INFO]  Device 1 (52:54:00:26:66:19) is up: 10000 MBit/s[0m
[1;37m[INFO]  Device 0 (52:54:00:F1:C8:E2) is up: 10000 MBit/s[0m
[1;37m[INFO]  [0;32m2 devices are up.[0m[0m
[1;37m[INFO]  Trying to enable rx timestamping of all packets, this isn't supported by most nics[0m
[1;36m[Device: id=1] RX[0m: 0.0458 Mpps, 24.90 Mbit/s (32.22 Mbit/s with framing)
[0;34m[Device: id=0] TX[0m: 0.0603 Mpps, 36.66 Mbit/s (46.30 Mbit/s with framing)
[1;36m[Device: id=1] RX[0m: 0.0452 Mpps, 24.61 Mbit/s (31.84 Mbit/s with framing)
[0;34m[Device: id=0] TX[0m: 0.0599 Mpps, 36.45 Mbit/s (46.04 Mbit/s with framing)
[1;36m[Device: id=1] RX[0m: 0.0399 Mpps, 21.69 Mbit/s (28.07 Mbit/s with framing)
[0;34m[Device: id=0] TX[0m: 0.0599 Mpps, 36.45 Mbit/s (46.04 Mbit/s with framing)
[1;36m[Device: id=1] RX[0m: 0.0426 Mpps, 23.18 Mbit/s (30.00 Mbit/s with framing)
[0;34m[Device: id=0] TX[0m: 0.0600 Mpps, 36.46 Mbit/s (46.06 Mbit/s with framing)
[1;36m[Device: id=1] RX[0m: 0.0405 Mpps, 22.01 Mbit/s (28.48 Mbit/s with framing)
[0;34m[Device: id=0] TX[0m: 0.0601 Mpps, 36.53 Mbit/s (46.14 Mbit/s with framing)
[1;36m[Device: id=1] RX[0m: 0.0418 Mpps, 22.76 Mbit/s (29.46 Mbit/s with framing)
[0;34m[Device: id=0] TX[0m: 0.0600 Mpps, 36.50 Mbit/s (46.10 Mbit/s with framing)
[1;36m[Device: id=1] RX[0m: 0.0392 Mpps, 21.35 Mbit/s (27.62 Mbit/s with framing)
[0;34m[Device: id=0] TX[0m: 0.0598 Mpps, 36.35 Mbit/s (45.92 Mbit/s with framing)
[1;36m[Device: id=1] RX[0m: 0.0417 Mpps, 22.69 Mbit/s (29.36 Mbit/s with framing)
[0;34m[Device: id=0] TX[0m: 0.0602 Mpps, 36.62 Mbit/s (46.26 Mbit/s with framing)
[1;36m[Device: id=1] RX[0m: 0.0418 Mpps, 22.71 Mbit/s (29.39 Mbit/s with framing)
[0;34m[Device: id=0] TX[0m: 0.0600 Mpps, 36.47 Mbit/s (46.07 Mbit/s with framing)
[1;36m[Device: id=1] RX[0m: 0.0435 Mpps, 23.67 Mbit/s (30.63 Mbit/s with framing)
[0;34m[Device: id=0] TX[0m: 0.0600 Mpps, 36.47 Mbit/s (46.06 Mbit/s with framing)
[1;36m[Device: id=1] RX[0m: 0.0396 Mpps, 21.53 Mbit/s (27.87 Mbit/s with framing)
[0;34m[Device: id=0] TX[0m: 0.0600 Mpps, 36.46 Mbit/s (46.05 Mbit/s with framing)
[1;36m[Device: id=1] RX[0m: 0.0390 Mpps, 21.19 Mbit/s (27.42 Mbit/s with framing)
[0;34m[Device: id=0] TX[0m: 0.0601 Mpps, 36.52 Mbit/s (46.13 Mbit/s with framing)
[1;36m[Device: id=1] RX[0m: 0.0405 Mpps, 22.04 Mbit/s (28.52 Mbit/s with framing)
[0;34m[Device: id=0] TX[0m: 0.0600 Mpps, 36.48 Mbit/s (46.08 Mbit/s with framing)
[1;36m[Device: id=1] RX[0m: 0.0392 Mpps, 21.32 Mbit/s (27.60 Mbit/s with framing)
[0;34m[Device: id=0] TX[0m: 0.0599 Mpps, 36.40 Mbit/s (45.97 Mbit/s with framing)
[1;36m[Device: id=1] RX[0m: 0.0402 Mpps, 21.89 Mbit/s (28.33 Mbit/s with framing)
[0;34m[Device: id=0] TX[0m: 0.0596 Mpps, 36.22 Mbit/s (45.75 Mbit/s with framing)
[1;36m[Device: id=1] RX[0m: 0.0424 Mpps, 23.04 Mbit/s (29.82 Mbit/s with framing)
[0;34m[Device: id=0] TX[0m: 0.0606 Mpps, 36.84 Mbit/s (46.54 Mbit/s with framing)
[1;36m[Device: id=1] RX[0m: 0.0391 Mpps, 21.26 Mbit/s (27.51 Mbit/s with framing)
[0;34m[Device: id=0] TX[0m: 0.0597 Mpps, 36.27 Mbit/s (45.81 Mbit/s with framing)
[1;36m[Device: id=1] RX[0m: 0.0401 Mpps, 21.82 Mbit/s (28.24 Mbit/s with framing)
[0;34m[Device: id=0] TX[0m: 0.0602 Mpps, 36.61 Mbit/s (46.25 Mbit/s with framing)
[1;36m[Device: id=1] RX[0m: 0.0389 Mpps, 21.14 Mbit/s (27.36 Mbit/s with framing)
[0;34m[Device: id=0] TX[0m: 0.0601 Mpps, 36.57 Mbit/s (46.19 Mbit/s with framing)
[1;36m[Device: id=1] RX[0m: 0.0405 Mpps, 22.05 Mbit/s (28.54 Mbit/s with framing)
[0;34m[Device: id=0] TX[0m: 0.0599 Mpps, 36.42 Mbit/s (46.00 Mbit/s with framing)
[1;36m[Device: id=1] RX[0m: 0.0391 Mpps, 21.26 Mbit/s (27.51 Mbit/s with framing)
[0;34m[Device: id=0] TX[0m: 0.0601 Mpps, 36.53 Mbit/s (46.15 Mbit/s with framing)
[1;36m[Device: id=1] RX[0m: 0.0428 Mpps, 23.26 Mbit/s (30.10 Mbit/s with framing)
[0;34m[Device: id=0] TX[0m: 0.0600 Mpps, 36.47 Mbit/s (46.07 Mbit/s with framing)
[1;36m[Device: id=1] RX[0m: 0.0402 Mpps, 21.85 Mbit/s (28.28 Mbit/s with framing)
[0;34m[Device: id=0] TX[0m: 0.0600 Mpps, 36.49 Mbit/s (46.09 Mbit/s with framing)
[1;36m[Device: id=1] RX[0m: 0.0391 Mpps, 21.29 Mbit/s (27.55 Mbit/s with framing)
[0;34m[Device: id=0] TX[0m: 0.0598 Mpps, 36.37 Mbit/s (45.95 Mbit/s with framing)
[1;36m[Device: id=1] RX[0m: 0.0418 Mpps, 22.75 Mbit/s (29.45 Mbit/s with framing)
[0;34m[Device: id=0] TX[0m: 0.0601 Mpps, 36.54 Mbit/s (46.15 Mbit/s with framing)
[1;36m[Device: id=1] RX[0m: 0.0402 Mpps, 21.85 Mbit/s (28.28 Mbit/s with framing)
[0;34m[Device: id=0] TX[0m: 0.0598 Mpps, 36.34 Mbit/s (45.90 Mbit/s with framing)
[1;36m[Device: id=1] RX[0m: 0.0402 Mpps, 21.88 Mbit/s (28.32 Mbit/s with framing)
[0;34m[Device: id=0] TX[0m: 0.0603 Mpps, 36.68 Mbit/s (46.33 Mbit/s with framing)
[1;36m[Device: id=1] RX[0m: 0.0392 Mpps, 21.30 Mbit/s (27.56 Mbit/s with framing)
[0;34m[Device: id=0] TX[0m: 0.0599 Mpps, 36.40 Mbit/s (45.99 Mbit/s with framing)
[1;36m[Device: id=1] RX[0m: 0.0388 Mpps, 21.08 Mbit/s (27.28 Mbit/s with framing)
[0;34m[Device: id=0] TX[0m: 0.0596 Mpps, 36.23 Mbit/s (45.76 Mbit/s with framing)
27
[1;36m[Device: id=1] RX[0m: 0.0403 Mpps, 21.95 Mbit/s (28.40 Mbit/s with framing)
[0;34m[Device: id=0] TX[0m: 0.0581 Mpps, 35.32 Mbit/s (44.61 Mbit/s with framing)
[1;36m[Device: id=1] RX[0m: 0.0006 Mpps, 0.34 Mbit/s (0.45 Mbit/s with framing)
[0;34m[Device: id=0] TX[0m: 0.0000 Mpps, 0.00 Mbit/s (0.00 Mbit/s with framing)
1800000
[1;36m[Device: id=1] RX[0m: 0.0393 (StdDev 0.0075) Mpps, 21.36 (StdDev 4) Mbit/s (27.64 Mbit/s with framing), total 1223691 packets with 83210988 bytes (incl. CRC)
[0;34m[Device: id=0] TX[0m: 0.0579 (StdDev 0.0109) Mpps, 35.21 (StdDev 7) Mbit/s (44.48 Mbit/s with framing), total 1800000 packets with 136800000 bytes (incl. CRC)
