[1;37m[INFO]  Initializing DPDK. This will take a few seconds...[0m
EAL: Probing VFIO support...
EAL: WARNING: cpu flags constant_tsc=yes nonstop_tsc=no -> using unreliable clock cycles !
EAL: PCI device 0000:00:03.0 on NUMA socket -1
EAL:   Invalid NUMA socket, default to 0
EAL:   probe driver: 1af4:1000 net_virtio
EAL: PCI device 0000:00:04.0 on NUMA socket -1
EAL:   Invalid NUMA socket, default to 0
EAL:   probe driver: 1af4:1000 net_virtio
EAL: PCI device 0000:00:05.0 on NUMA socket -1
EAL:   Invalid NUMA socket, default to 0
EAL:   probe driver: 1af4:1000 net_virtio
[1;37m[INFO]  Found 2 usable devices:[0m
   Device 0: 52:54:00:F1:C8:E2 ([0;32mRed Hat, Inc Virtio network device[0m)
   Device 1: 52:54:00:26:66:19 ([0;32mRed Hat, Inc Virtio network device[0m)
[1;37m[INFO]  Waiting for devices to come up...[0m
[1;37m[INFO]  Device 1 (52:54:00:26:66:19) is up: 10000 MBit/s[0m
[1;37m[INFO]  Device 0 (52:54:00:F1:C8:E2) is up: 10000 MBit/s[0m
[1;37m[INFO]  [0;32m2 devices are up.[0m[0m
[1;37m[INFO]  Trying to enable rx timestamping of all packets, this isn't supported by most nics[0m
[0;34m[Device: id=0] TX[0m: 0.0194 Mpps, 11.81 Mbit/s (14.92 Mbit/s with framing)
[1;36m[Device: id=1] RX[0m: 0.0201 Mpps, 10.92 Mbit/s (14.14 Mbit/s with framing)
[0;34m[Device: id=0] TX[0m: 0.0200 Mpps, 12.16 Mbit/s (15.36 Mbit/s with framing)
[1;36m[Device: id=1] RX[0m: 0.0200 Mpps, 10.88 Mbit/s (14.08 Mbit/s with framing)
[0;34m[Device: id=0] TX[0m: 0.0200 Mpps, 12.16 Mbit/s (15.36 Mbit/s with framing)
[1;36m[Device: id=1] RX[0m: 0.0200 Mpps, 10.88 Mbit/s (14.08 Mbit/s with framing)
[0;34m[Device: id=0] TX[0m: 0.0200 Mpps, 12.16 Mbit/s (15.36 Mbit/s with framing)
[1;36m[Device: id=1] RX[0m: 0.0200 Mpps, 10.88 Mbit/s (14.08 Mbit/s with framing)
[0;34m[Device: id=0] TX[0m: 0.0200 Mpps, 12.16 Mbit/s (15.36 Mbit/s with framing)
[1;36m[Device: id=1] RX[0m: 0.0200 Mpps, 10.88 Mbit/s (14.08 Mbit/s with framing)
[0;34m[Device: id=0] TX[0m: 0.0200 Mpps, 12.16 Mbit/s (15.36 Mbit/s with framing)
[1;36m[Device: id=1] RX[0m: 0.0200 Mpps, 10.88 Mbit/s (14.08 Mbit/s with framing)
[0;34m[Device: id=0] TX[0m: 0.0200 Mpps, 12.16 Mbit/s (15.36 Mbit/s with framing)
[1;36m[Device: id=1] RX[0m: 0.0200 Mpps, 10.88 Mbit/s (14.08 Mbit/s with framing)
[0;34m[Device: id=0] TX[0m: 0.0200 Mpps, 12.16 Mbit/s (15.36 Mbit/s with framing)
[1;36m[Device: id=1] RX[0m: 0.0200 Mpps, 10.88 Mbit/s (14.08 Mbit/s with framing)
[0;34m[Device: id=0] TX[0m: 0.0200 Mpps, 12.16 Mbit/s (15.36 Mbit/s with framing)
[1;36m[Device: id=1] RX[0m: 0.0200 Mpps, 10.88 Mbit/s (14.08 Mbit/s with framing)
[0;34m[Device: id=0] TX[0m: 0.0200 Mpps, 12.16 Mbit/s (15.36 Mbit/s with framing)
[1;36m[Device: id=1] RX[0m: 0.0200 Mpps, 10.88 Mbit/s (14.08 Mbit/s with framing)
[0;34m[Device: id=0] TX[0m: 0.0200 Mpps, 12.16 Mbit/s (15.36 Mbit/s with framing)
[1;36m[Device: id=1] RX[0m: 0.0200 Mpps, 10.88 Mbit/s (14.08 Mbit/s with framing)
[0;34m[Device: id=0] TX[0m: 0.0200 Mpps, 12.16 Mbit/s (15.36 Mbit/s with framing)
[1;36m[Device: id=1] RX[0m: 0.0200 Mpps, 10.88 Mbit/s (14.08 Mbit/s with framing)
[0;34m[Device: id=0] TX[0m: 0.0200 Mpps, 12.16 Mbit/s (15.36 Mbit/s with framing)
[1;36m[Device: id=1] RX[0m: 0.0200 Mpps, 10.88 Mbit/s (14.08 Mbit/s with framing)
[0;34m[Device: id=0] TX[0m: 0.0200 Mpps, 12.16 Mbit/s (15.36 Mbit/s with framing)
[1;36m[Device: id=1] RX[0m: 0.0200 Mpps, 10.88 Mbit/s (14.08 Mbit/s with framing)
[0;34m[Device: id=0] TX[0m: 0.0200 Mpps, 12.16 Mbit/s (15.36 Mbit/s with framing)
[1;36m[Device: id=1] RX[0m: 0.0200 Mpps, 10.88 Mbit/s (14.08 Mbit/s with framing)
[0;34m[Device: id=0] TX[0m: 0.0200 Mpps, 12.16 Mbit/s (15.36 Mbit/s with framing)
[1;36m[Device: id=1] RX[0m: 0.0200 Mpps, 10.88 Mbit/s (14.08 Mbit/s with framing)
[1;36m[Device: id=1] RX[0m: 0.0199 Mpps, 10.81 Mbit/s (13.99 Mbit/s with framing)
[0;34m[Device: id=0] TX[0m: 0.0198 Mpps, 12.06 Mbit/s (15.24 Mbit/s with framing)
[1;36m[Device: id=1] RX[0m: 0.0201 Mpps, 10.95 Mbit/s (14.17 Mbit/s with framing)
[0;34m[Device: id=0] TX[0m: 0.0202 Mpps, 12.26 Mbit/s (15.48 Mbit/s with framing)
[1;36m[Device: id=1] RX[0m: 0.0200 Mpps, 10.88 Mbit/s (14.08 Mbit/s with framing)
[0;34m[Device: id=0] TX[0m: 0.0200 Mpps, 12.16 Mbit/s (15.36 Mbit/s with framing)
[1;36m[Device: id=1] RX[0m: 0.0200 Mpps, 10.88 Mbit/s (14.08 Mbit/s with framing)
[0;34m[Device: id=0] TX[0m: 0.0200 Mpps, 12.16 Mbit/s (15.36 Mbit/s with framing)
[1;36m[Device: id=1] RX[0m: 0.0200 Mpps, 10.88 Mbit/s (14.08 Mbit/s with framing)
[0;34m[Device: id=0] TX[0m: 0.0200 Mpps, 12.16 Mbit/s (15.36 Mbit/s with framing)
[1;36m[Device: id=1] RX[0m: 0.0200 Mpps, 10.88 Mbit/s (14.08 Mbit/s with framing)
[0;34m[Device: id=0] TX[0m: 0.0200 Mpps, 12.16 Mbit/s (15.36 Mbit/s with framing)
[1;36m[Device: id=1] RX[0m: 0.0200 Mpps, 10.88 Mbit/s (14.08 Mbit/s with framing)
[0;34m[Device: id=0] TX[0m: 0.0200 Mpps, 12.16 Mbit/s (15.36 Mbit/s with framing)
[1;36m[Device: id=1] RX[0m: 0.0200 Mpps, 10.88 Mbit/s (14.08 Mbit/s with framing)
[0;34m[Device: id=0] TX[0m: 0.0200 Mpps, 12.16 Mbit/s (15.36 Mbit/s with framing)
[1;36m[Device: id=1] RX[0m: 0.0200 Mpps, 10.88 Mbit/s (14.08 Mbit/s with framing)
[0;34m[Device: id=0] TX[0m: 0.0200 Mpps, 12.16 Mbit/s (15.36 Mbit/s with framing)
[1;36m[Device: id=1] RX[0m: 0.0200 Mpps, 10.88 Mbit/s (14.08 Mbit/s with framing)
[0;34m[Device: id=0] TX[0m: 0.0200 Mpps, 12.16 Mbit/s (15.36 Mbit/s with framing)
[1;36m[Device: id=1] RX[0m: 0.0200 Mpps, 10.88 Mbit/s (14.08 Mbit/s with framing)
[0;34m[Device: id=0] TX[0m: 0.0200 Mpps, 12.16 Mbit/s (15.36 Mbit/s with framing)
[1;36m[Device: id=1] RX[0m: 0.0200 Mpps, 10.88 Mbit/s (14.08 Mbit/s with framing)
[0;34m[Device: id=0] TX[0m: 0.0200 Mpps, 12.16 Mbit/s (15.36 Mbit/s with framing)
[1;36m[Device: id=1] RX[0m: 0.0200 Mpps, 10.88 Mbit/s (14.08 Mbit/s with framing)
[0;34m[Device: id=0] TX[0m: 0.0200 Mpps, 12.16 Mbit/s (15.36 Mbit/s with framing)
51
[1;36m[Device: id=1] RX[0m: 0.0199 Mpps, 10.81 Mbit/s (13.98 Mbit/s with framing)
[0;34m[Device: id=0] TX[0m: 0.0196 Mpps, 11.92 Mbit/s (15.06 Mbit/s with framing)
[1;36m[Device: id=1] RX[0m: 0.0000 Mpps, 0.00 Mbit/s (0.00 Mbit/s with framing)
[0;34m[Device: id=0] TX[0m: 0.0000 Mpps, 0.00 Mbit/s (0.00 Mbit/s with framing)
600000
[1;36m[Device: id=1] RX[0m: 0.0193 (StdDev 0.0037) Mpps, 10.51 (StdDev 2) Mbit/s (13.61 Mbit/s with framing), total 600000 packets with 40800000 bytes (incl. CRC)
[0;34m[Device: id=0] TX[0m: 0.0193 (StdDev 0.0036) Mpps, 11.75 (StdDev 2) Mbit/s (14.84 Mbit/s with framing), total 600000 packets with 45600000 bytes (incl. CRC)
