[1;37m[INFO]  Initializing DPDK. This will take a few seconds...[0m
EAL: Probing VFIO support...
EAL: WARNING: cpu flags constant_tsc=yes nonstop_tsc=no -> using unreliable clock cycles !
EAL: PCI device 0000:00:03.0 on NUMA socket -1
EAL:   Invalid NUMA socket, default to 0
EAL:   probe driver: 1af4:1000 net_virtio
EAL: PCI device 0000:00:04.0 on NUMA socket -1
EAL:   Invalid NUMA socket, default to 0
EAL:   probe driver: 1af4:1000 net_virtio
EAL: PCI device 0000:00:05.0 on NUMA socket -1
EAL:   Invalid NUMA socket, default to 0
EAL:   probe driver: 1af4:1000 net_virtio
[1;37m[INFO]  Found 2 usable devices:[0m
   Device 0: 52:54:00:F1:C8:E2 ([0;32mRed Hat, Inc Virtio network device[0m)
   Device 1: 52:54:00:26:66:19 ([0;32mRed Hat, Inc Virtio network device[0m)
[1;37m[INFO]  Waiting for devices to come up...[0m
[1;37m[INFO]  Device 1 (52:54:00:26:66:19) is up: 10000 MBit/s[0m
[1;37m[INFO]  Device 0 (52:54:00:F1:C8:E2) is up: 10000 MBit/s[0m
[1;37m[INFO]  [0;32m2 devices are up.[0m[0m
[1;37m[INFO]  Trying to enable rx timestamping of all packets, this isn't supported by most nics[0m
[0;34m[Device: id=0] TX[0m: 0.1685 Mpps, 2037.85 Mbit/s (2064.81 Mbit/s with framing)
[1;36m[Device: id=1] RX[0m: 0.0584 Mpps, 702.29 Mbit/s (711.62 Mbit/s with framing)
[0;34m[Device: id=0] TX[0m: 0.1704 Mpps, 2060.92 Mbit/s (2088.18 Mbit/s with framing)
[1;36m[Device: id=1] RX[0m: 0.0379 Mpps, 456.40 Mbit/s (462.47 Mbit/s with framing)
[0;34m[Device: id=0] TX[0m: 0.1699 Mpps, 2055.45 Mbit/s (2082.64 Mbit/s with framing)
[1;36m[Device: id=1] RX[0m: 0.0432 Mpps, 519.93 Mbit/s (526.85 Mbit/s with framing)
[0;34m[Device: id=0] TX[0m: 0.1702 Mpps, 2058.19 Mbit/s (2085.42 Mbit/s with framing)
[1;36m[Device: id=1] RX[0m: 0.0447 Mpps, 538.20 Mbit/s (545.36 Mbit/s with framing)
[0;34m[Device: id=0] TX[0m: 0.1699 Mpps, 2055.29 Mbit/s (2082.47 Mbit/s with framing)
[1;36m[Device: id=1] RX[0m: 0.0466 Mpps, 561.20 Mbit/s (568.66 Mbit/s with framing)
[0;34m[Device: id=0] TX[0m: 0.1700 Mpps, 2056.55 Mbit/s (2083.75 Mbit/s with framing)
[1;36m[Device: id=1] RX[0m: 0.0408 Mpps, 490.80 Mbit/s (497.33 Mbit/s with framing)
[0;34m[Device: id=0] TX[0m: 0.1697 Mpps, 2052.54 Mbit/s (2079.69 Mbit/s with framing)
[1;36m[Device: id=1] RX[0m: 0.0449 Mpps, 540.79 Mbit/s (547.98 Mbit/s with framing)
[0;34m[Device: id=0] TX[0m: 0.1703 Mpps, 2060.26 Mbit/s (2087.51 Mbit/s with framing)
[1;36m[Device: id=1] RX[0m: 0.0437 Mpps, 526.22 Mbit/s (533.22 Mbit/s with framing)
[0;34m[Device: id=0] TX[0m: 0.1702 Mpps, 2058.72 Mbit/s (2085.96 Mbit/s with framing)
[1;36m[Device: id=1] RX[0m: 0.0429 Mpps, 516.22 Mbit/s (523.08 Mbit/s with framing)
[0;34m[Device: id=0] TX[0m: 0.1699 Mpps, 2055.63 Mbit/s (2082.83 Mbit/s with framing)
[1;36m[Device: id=1] RX[0m: 0.0418 Mpps, 502.74 Mbit/s (509.42 Mbit/s with framing)
[0;34m[Device: id=0] TX[0m: 0.1697 Mpps, 2052.99 Mbit/s (2080.15 Mbit/s with framing)
[1;36m[Device: id=1] RX[0m: 0.0527 Mpps, 633.99 Mbit/s (642.42 Mbit/s with framing)
[0;34m[Device: id=0] TX[0m: 0.1692 Mpps, 2046.89 Mbit/s (2073.96 Mbit/s with framing)
[1;36m[Device: id=1] RX[0m: 0.0418 Mpps, 503.22 Mbit/s (509.91 Mbit/s with framing)
[0;34m[Device: id=0] TX[0m: 0.1687 Mpps, 2040.85 Mbit/s (2067.85 Mbit/s with framing)
[1;36m[Device: id=1] RX[0m: 0.0464 Mpps, 558.15 Mbit/s (565.57 Mbit/s with framing)
[0;34m[Device: id=0] TX[0m: 0.1720 Mpps, 2081.08 Mbit/s (2108.61 Mbit/s with framing)
[1;36m[Device: id=1] RX[0m: 0.0476 Mpps, 572.42 Mbit/s (580.03 Mbit/s with framing)
[0;34m[Device: id=0] TX[0m: 0.1702 Mpps, 2059.06 Mbit/s (2086.30 Mbit/s with framing)
[1;36m[Device: id=1] RX[0m: 0.0409 Mpps, 492.30 Mbit/s (498.85 Mbit/s with framing)
[0;34m[Device: id=0] TX[0m: 0.1687 Mpps, 2040.40 Mbit/s (2067.38 Mbit/s with framing)
[1;36m[Device: id=1] RX[0m: 0.0443 Mpps, 532.70 Mbit/s (539.79 Mbit/s with framing)
[1;36m[Device: id=1] RX[0m: 0.0383 Mpps, 460.23 Mbit/s (466.35 Mbit/s with framing)
[0;34m[Device: id=0] TX[0m: 0.1712 Mpps, 2070.48 Mbit/s (2097.87 Mbit/s with framing)
[1;36m[Device: id=1] RX[0m: 0.0500 Mpps, 601.71 Mbit/s (609.71 Mbit/s with framing)
[0;34m[Device: id=0] TX[0m: 0.1704 Mpps, 2061.62 Mbit/s (2088.89 Mbit/s with framing)
[1;36m[Device: id=1] RX[0m: 0.0414 Mpps, 497.71 Mbit/s (504.33 Mbit/s with framing)
[0;34m[Device: id=0] TX[0m: 0.1700 Mpps, 2055.72 Mbit/s (2082.91 Mbit/s with framing)
[1;36m[Device: id=1] RX[0m: 0.0467 Mpps, 562.23 Mbit/s (569.71 Mbit/s with framing)
[0;34m[Device: id=0] TX[0m: 0.1702 Mpps, 2058.53 Mbit/s (2085.76 Mbit/s with framing)
[1;36m[Device: id=1] RX[0m: 0.0400 Mpps, 480.88 Mbit/s (487.27 Mbit/s with framing)
[0;34m[Device: id=0] TX[0m: 0.1696 Mpps, 2051.80 Mbit/s (2078.94 Mbit/s with framing)
[1;36m[Device: id=1] RX[0m: 0.0404 Mpps, 486.55 Mbit/s (493.02 Mbit/s with framing)
[0;34m[Device: id=0] TX[0m: 0.1704 Mpps, 2061.55 Mbit/s (2088.81 Mbit/s with framing)
[1;36m[Device: id=1] RX[0m: 0.0384 Mpps, 461.75 Mbit/s (467.89 Mbit/s with framing)
[0;34m[Device: id=0] TX[0m: 0.1672 Mpps, 2022.49 Mbit/s (2049.24 Mbit/s with framing)
[1;36m[Device: id=1] RX[0m: 0.0527 Mpps, 634.60 Mbit/s (643.03 Mbit/s with framing)
[0;34m[Device: id=0] TX[0m: 0.1724 Mpps, 2085.67 Mbit/s (2113.26 Mbit/s with framing)
[1;36m[Device: id=1] RX[0m: 0.0403 Mpps, 484.33 Mbit/s (490.78 Mbit/s with framing)
[0;34m[Device: id=0] TX[0m: 0.1699 Mpps, 2055.53 Mbit/s (2082.72 Mbit/s with framing)
[1;36m[Device: id=1] RX[0m: 0.0389 Mpps, 467.94 Mbit/s (474.16 Mbit/s with framing)
[0;34m[Device: id=0] TX[0m: 0.1705 Mpps, 2062.05 Mbit/s (2089.32 Mbit/s with framing)
[1;36m[Device: id=1] RX[0m: 0.0389 Mpps, 468.32 Mbit/s (474.55 Mbit/s with framing)
[0;34m[Device: id=0] TX[0m: 0.1686 Mpps, 2039.10 Mbit/s (2066.07 Mbit/s with framing)
[1;36m[Device: id=1] RX[0m: 0.0387 Mpps, 465.90 Mbit/s (472.10 Mbit/s with framing)
[0;34m[Device: id=0] TX[0m: 0.1699 Mpps, 2054.59 Mbit/s (2081.77 Mbit/s with framing)
[1;36m[Device: id=1] RX[0m: 0.0450 Mpps, 541.45 Mbit/s (548.65 Mbit/s with framing)
[0;34m[Device: id=0] TX[0m: 0.1717 Mpps, 2076.35 Mbit/s (2103.82 Mbit/s with framing)
24
[1;36m[Device: id=1] RX[0m: 0.0411 Mpps, 494.49 Mbit/s (501.07 Mbit/s with framing)
[0;34m[Device: id=0] TX[0m: 0.1575 Mpps, 1905.38 Mbit/s (1930.58 Mbit/s with framing)
[1;36m[Device: id=1] RX[0m: 0.0000 Mpps, 0.00 Mbit/s (0.00 Mbit/s with framing)
[0;34m[Device: id=0] TX[0m: 0.0000 Mpps, 0.00 Mbit/s (0.00 Mbit/s with framing)
5100000
[1;36m[Device: id=1] RX[0m: 0.0417 (StdDev 0.0089) Mpps, 501.78 (StdDev 107) Mbit/s (508.45 Mbit/s with framing), total 1309495 packets with 1969479050 bytes (incl. CRC)
[0;34m[Device: id=0] TX[0m: 0.1640 (StdDev 0.0311) Mpps, 1983.19 (StdDev 376) Mbit/s (2009.42 Mbit/s with framing), total 5100000 packets with 7711200000 bytes (incl. CRC)
