[1;37m[INFO]  Initializing DPDK. This will take a few seconds...[0m
EAL: Probing VFIO support...
EAL: WARNING: cpu flags constant_tsc=yes nonstop_tsc=no -> using unreliable clock cycles !
EAL: PCI device 0000:00:03.0 on NUMA socket -1
EAL:   Invalid NUMA socket, default to 0
EAL:   probe driver: 1af4:1000 net_virtio
EAL: PCI device 0000:00:04.0 on NUMA socket -1
EAL:   Invalid NUMA socket, default to 0
EAL:   probe driver: 1af4:1000 net_virtio
EAL: PCI device 0000:00:05.0 on NUMA socket -1
EAL:   Invalid NUMA socket, default to 0
EAL:   probe driver: 1af4:1000 net_virtio
[1;37m[INFO]  Found 2 usable devices:[0m
   Device 0: 52:54:00:F1:C8:E2 ([0;32mRed Hat, Inc Virtio network device[0m)
   Device 1: 52:54:00:26:66:19 ([0;32mRed Hat, Inc Virtio network device[0m)
[1;37m[INFO]  Waiting for devices to come up...[0m
[1;37m[INFO]  Device 1 (52:54:00:26:66:19) is up: 10000 MBit/s[0m
[1;37m[INFO]  Device 0 (52:54:00:F1:C8:E2) is up: 10000 MBit/s[0m
[1;37m[INFO]  [0;32m2 devices are up.[0m[0m
[1;37m[INFO]  Trying to enable rx timestamping of all packets, this isn't supported by most nics[0m
[1;36m[Device: id=1] RX[0m: 0.1441 Mpps, 1733.22 Mbit/s (1756.27 Mbit/s with framing)
[0;34m[Device: id=0] TX[0m: 0.1813 Mpps, 2192.91 Mbit/s (2221.91 Mbit/s with framing)
[1;36m[Device: id=1] RX[0m: 0.1014 Mpps, 1220.53 Mbit/s (1236.76 Mbit/s with framing)
[0;34m[Device: id=0] TX[0m: 0.1797 Mpps, 2173.18 Mbit/s (2201.93 Mbit/s with framing)
[1;36m[Device: id=1] RX[0m: 0.0850 Mpps, 1023.04 Mbit/s (1036.65 Mbit/s with framing)
[0;34m[Device: id=0] TX[0m: 0.1793 Mpps, 2168.28 Mbit/s (2196.96 Mbit/s with framing)
[1;36m[Device: id=1] RX[0m: 0.0731 Mpps, 879.63 Mbit/s (891.33 Mbit/s with framing)
[0;34m[Device: id=0] TX[0m: 0.1800 Mpps, 2177.31 Mbit/s (2206.11 Mbit/s with framing)
[1;36m[Device: id=1] RX[0m: 0.0919 Mpps, 1106.14 Mbit/s (1120.85 Mbit/s with framing)
[0;34m[Device: id=0] TX[0m: 0.1808 Mpps, 2187.46 Mbit/s (2216.39 Mbit/s with framing)
[1;36m[Device: id=1] RX[0m: 0.0872 Mpps, 1049.73 Mbit/s (1063.69 Mbit/s with framing)
[0;34m[Device: id=0] TX[0m: 0.1799 Mpps, 2175.84 Mbit/s (2204.62 Mbit/s with framing)
[1;36m[Device: id=1] RX[0m: 0.0837 Mpps, 1006.53 Mbit/s (1019.92 Mbit/s with framing)
[0;34m[Device: id=0] TX[0m: 0.1787 Mpps, 2161.58 Mbit/s (2190.18 Mbit/s with framing)
[1;36m[Device: id=1] RX[0m: 0.0793 Mpps, 953.88 Mbit/s (966.56 Mbit/s with framing)
[0;34m[Device: id=0] TX[0m: 0.1726 Mpps, 2087.46 Mbit/s (2115.07 Mbit/s with framing)
[1;36m[Device: id=1] RX[0m: 0.0761 Mpps, 915.14 Mbit/s (927.31 Mbit/s with framing)
[0;34m[Device: id=0] TX[0m: 0.1868 Mpps, 2259.74 Mbit/s (2289.63 Mbit/s with framing)
[1;36m[Device: id=1] RX[0m: 0.0895 Mpps, 1076.33 Mbit/s (1090.64 Mbit/s with framing)
[0;34m[Device: id=0] TX[0m: 0.1814 Mpps, 2194.60 Mbit/s (2223.63 Mbit/s with framing)
[1;36m[Device: id=1] RX[0m: 0.0915 Mpps, 1100.80 Mbit/s (1115.44 Mbit/s with framing)
[0;34m[Device: id=0] TX[0m: 0.1793 Mpps, 2168.56 Mbit/s (2197.25 Mbit/s with framing)
[1;36m[Device: id=1] RX[0m: 0.0725 Mpps, 872.84 Mbit/s (884.45 Mbit/s with framing)
[0;34m[Device: id=0] TX[0m: 0.1735 Mpps, 2098.65 Mbit/s (2126.41 Mbit/s with framing)
[1;36m[Device: id=1] RX[0m: 0.0878 Mpps, 1055.89 Mbit/s (1069.93 Mbit/s with framing)
[0;34m[Device: id=0] TX[0m: 0.1883 Mpps, 2277.26 Mbit/s (2307.38 Mbit/s with framing)
[1;36m[Device: id=1] RX[0m: 0.0871 Mpps, 1048.40 Mbit/s (1062.34 Mbit/s with framing)
[0;34m[Device: id=0] TX[0m: 0.1765 Mpps, 2134.72 Mbit/s (2162.96 Mbit/s with framing)
[1;36m[Device: id=1] RX[0m: 0.0875 Mpps, 1052.70 Mbit/s (1066.70 Mbit/s with framing)
[0;34m[Device: id=0] TX[0m: 0.1831 Mpps, 2214.77 Mbit/s (2244.07 Mbit/s with framing)
[1;36m[Device: id=1] RX[0m: 0.1009 Mpps, 1214.24 Mbit/s (1230.38 Mbit/s with framing)
[0;34m[Device: id=0] TX[0m: 0.1789 Mpps, 2163.88 Mbit/s (2192.51 Mbit/s with framing)
[1;36m[Device: id=1] RX[0m: 0.0975 Mpps, 1173.06 Mbit/s (1188.66 Mbit/s with framing)
[0;34m[Device: id=0] TX[0m: 0.1795 Mpps, 2171.65 Mbit/s (2200.38 Mbit/s with framing)
[1;36m[Device: id=1] RX[0m: 0.0832 Mpps, 1001.25 Mbit/s (1014.56 Mbit/s with framing)
[0;34m[Device: id=0] TX[0m: 0.1821 Mpps, 2203.02 Mbit/s (2232.16 Mbit/s with framing)
[1;36m[Device: id=1] RX[0m: 0.0948 Mpps, 1140.75 Mbit/s (1155.92 Mbit/s with framing)
[0;34m[Device: id=0] TX[0m: 0.1799 Mpps, 2176.22 Mbit/s (2205.00 Mbit/s with framing)
[1;36m[Device: id=1] RX[0m: 0.0929 Mpps, 1117.37 Mbit/s (1132.23 Mbit/s with framing)
[0;34m[Device: id=0] TX[0m: 0.1702 Mpps, 2058.73 Mbit/s (2085.96 Mbit/s with framing)
[1;36m[Device: id=1] RX[0m: 0.1093 Mpps, 1314.76 Mbit/s (1332.24 Mbit/s with framing)
[0;34m[Device: id=0] TX[0m: 0.1899 Mpps, 2297.02 Mbit/s (2327.41 Mbit/s with framing)
[1;36m[Device: id=1] RX[0m: 0.1025 Mpps, 1232.86 Mbit/s (1249.25 Mbit/s with framing)
[0;34m[Device: id=0] TX[0m: 0.1750 Mpps, 2116.67 Mbit/s (2144.67 Mbit/s with framing)
[1;36m[Device: id=1] RX[0m: 0.1071 Mpps, 1289.06 Mbit/s (1306.21 Mbit/s with framing)
[0;34m[Device: id=0] TX[0m: 0.1808 Mpps, 2186.90 Mbit/s (2215.83 Mbit/s with framing)
[1;36m[Device: id=1] RX[0m: 0.1062 Mpps, 1277.87 Mbit/s (1294.86 Mbit/s with framing)
[0;34m[Device: id=0] TX[0m: 0.1782 Mpps, 2155.46 Mbit/s (2183.97 Mbit/s with framing)
[1;36m[Device: id=1] RX[0m: 0.1005 Mpps, 1209.61 Mbit/s (1225.70 Mbit/s with framing)
[0;34m[Device: id=0] TX[0m: 0.1786 Mpps, 2160.02 Mbit/s (2188.59 Mbit/s with framing)
[1;36m[Device: id=1] RX[0m: 0.1132 Mpps, 1362.10 Mbit/s (1380.21 Mbit/s with framing)
[0;34m[Device: id=0] TX[0m: 0.1871 Mpps, 2263.76 Mbit/s (2293.70 Mbit/s with framing)
[1;36m[Device: id=1] RX[0m: 0.1154 Mpps, 1388.00 Mbit/s (1406.46 Mbit/s with framing)
[0;34m[Device: id=0] TX[0m: 0.1797 Mpps, 2174.03 Mbit/s (2202.78 Mbit/s with framing)
[1;36m[Device: id=1] RX[0m: 0.0941 Mpps, 1131.88 Mbit/s (1146.93 Mbit/s with framing)
[0;34m[Device: id=0] TX[0m: 0.1770 Mpps, 2140.41 Mbit/s (2168.72 Mbit/s with framing)
[1;36m[Device: id=1] RX[0m: 0.0846 Mpps, 1018.21 Mbit/s (1031.75 Mbit/s with framing)
[0;34m[Device: id=0] TX[0m: 0.1742 Mpps, 2107.02 Mbit/s (2134.89 Mbit/s with framing)
18
[1;36m[Device: id=1] RX[0m: 0.1046 Mpps, 1258.16 Mbit/s (1274.89 Mbit/s with framing)
[0;34m[Device: id=0] TX[0m: 0.1770 Mpps, 2140.47 Mbit/s (2168.78 Mbit/s with framing)
[1;36m[Device: id=1] RX[0m: 0.0013 Mpps, 15.46 Mbit/s (15.67 Mbit/s with framing)
[0;34m[Device: id=0] TX[0m: 0.0000 Mpps, 0.00 Mbit/s (0.00 Mbit/s with framing)
5400000
[1;36m[Device: id=1] RX[0m: 0.0901 (StdDev 0.0202) Mpps, 1083.54 (StdDev 244) Mbit/s (1097.95 Mbit/s with framing), total 2845748 packets with 4280004992 bytes (incl. CRC)
[0;34m[Device: id=0] TX[0m: 0.1736 (StdDev 0.0331) Mpps, 2099.82 (StdDev 400) Mbit/s (2127.60 Mbit/s with framing), total 5400000 packets with 8164800000 bytes (incl. CRC)
