[1;37m[INFO]  Initializing DPDK. This will take a few seconds...[0m
EAL: Probing VFIO support...
EAL: WARNING: cpu flags constant_tsc=yes nonstop_tsc=no -> using unreliable clock cycles !
EAL: PCI device 0000:00:03.0 on NUMA socket -1
EAL:   Invalid NUMA socket, default to 0
EAL:   probe driver: 1af4:1000 net_virtio
EAL: PCI device 0000:00:04.0 on NUMA socket -1
EAL:   Invalid NUMA socket, default to 0
EAL:   probe driver: 1af4:1000 net_virtio
EAL: PCI device 0000:00:05.0 on NUMA socket -1
EAL:   Invalid NUMA socket, default to 0
EAL:   probe driver: 1af4:1000 net_virtio
[1;37m[INFO]  Found 2 usable devices:[0m
   Device 0: 52:54:00:F1:C8:E2 ([0;32mRed Hat, Inc Virtio network device[0m)
   Device 1: 52:54:00:26:66:19 ([0;32mRed Hat, Inc Virtio network device[0m)
[1;37m[INFO]  Waiting for devices to come up...[0m
[1;37m[INFO]  Device 1 (52:54:00:26:66:19) is up: 10000 MBit/s[0m
[1;37m[INFO]  Device 0 (52:54:00:F1:C8:E2) is up: 10000 MBit/s[0m
[1;37m[INFO]  [0;32m2 devices are up.[0m[0m
[1;37m[INFO]  Trying to enable rx timestamping of all packets, this isn't supported by most nics[0m
[0;34m[Device: id=0] TX[0m: 0.0496 Mpps, 600.43 Mbit/s (608.37 Mbit/s with framing)
[1;36m[Device: id=1] RX[0m: 0.0312 Mpps, 375.26 Mbit/s (380.25 Mbit/s with framing)
[0;34m[Device: id=0] TX[0m: 0.0500 Mpps, 604.96 Mbit/s (612.97 Mbit/s with framing)
[1;36m[Device: id=1] RX[0m: 0.0432 Mpps, 519.24 Mbit/s (526.15 Mbit/s with framing)
[0;34m[Device: id=0] TX[0m: 0.0500 Mpps, 604.72 Mbit/s (612.72 Mbit/s with framing)
[1;36m[Device: id=1] RX[0m: 0.0438 Mpps, 526.52 Mbit/s (533.52 Mbit/s with framing)
[0;34m[Device: id=0] TX[0m: 0.0500 Mpps, 604.53 Mbit/s (612.53 Mbit/s with framing)
[1;36m[Device: id=1] RX[0m: 0.0434 Mpps, 521.93 Mbit/s (528.87 Mbit/s with framing)
[0;34m[Device: id=0] TX[0m: 0.0500 Mpps, 605.06 Mbit/s (613.07 Mbit/s with framing)
[1;36m[Device: id=1] RX[0m: 0.0435 Mpps, 522.96 Mbit/s (529.92 Mbit/s with framing)
[0;34m[Device: id=0] TX[0m: 0.0500 Mpps, 604.59 Mbit/s (612.59 Mbit/s with framing)
[1;36m[Device: id=1] RX[0m: 0.0479 Mpps, 576.21 Mbit/s (583.87 Mbit/s with framing)
[0;34m[Device: id=0] TX[0m: 0.0500 Mpps, 604.79 Mbit/s (612.79 Mbit/s with framing)
[1;36m[Device: id=1] RX[0m: 0.0427 Mpps, 514.14 Mbit/s (520.98 Mbit/s with framing)
[0;34m[Device: id=0] TX[0m: 0.0500 Mpps, 604.81 Mbit/s (612.81 Mbit/s with framing)
[1;36m[Device: id=1] RX[0m: 0.0455 Mpps, 547.65 Mbit/s (554.93 Mbit/s with framing)
[0;34m[Device: id=0] TX[0m: 0.0500 Mpps, 604.47 Mbit/s (612.47 Mbit/s with framing)
[1;36m[Device: id=1] RX[0m: 0.0413 Mpps, 496.51 Mbit/s (503.11 Mbit/s with framing)
[0;34m[Device: id=0] TX[0m: 0.0500 Mpps, 604.57 Mbit/s (612.56 Mbit/s with framing)
[1;36m[Device: id=1] RX[0m: 0.0432 Mpps, 519.62 Mbit/s (526.53 Mbit/s with framing)
[0;34m[Device: id=0] TX[0m: 0.0501 Mpps, 605.52 Mbit/s (613.53 Mbit/s with framing)
[1;36m[Device: id=1] RX[0m: 0.0439 Mpps, 528.45 Mbit/s (535.48 Mbit/s with framing)
[1;36m[Device: id=1] RX[0m: 0.0409 Mpps, 492.31 Mbit/s (498.86 Mbit/s with framing)
[0;34m[Device: id=0] TX[0m: 0.0499 Mpps, 603.97 Mbit/s (611.96 Mbit/s with framing)
[1;36m[Device: id=1] RX[0m: 0.0415 Mpps, 499.20 Mbit/s (505.84 Mbit/s with framing)
[0;34m[Device: id=0] TX[0m: 0.0501 Mpps, 605.66 Mbit/s (613.67 Mbit/s with framing)
[1;36m[Device: id=1] RX[0m: 0.0399 Mpps, 480.27 Mbit/s (486.66 Mbit/s with framing)
[0;34m[Device: id=0] TX[0m: 0.0500 Mpps, 604.53 Mbit/s (612.53 Mbit/s with framing)
[1;36m[Device: id=1] RX[0m: 0.0400 Mpps, 480.80 Mbit/s (487.20 Mbit/s with framing)
[0;34m[Device: id=0] TX[0m: 0.0500 Mpps, 604.99 Mbit/s (612.99 Mbit/s with framing)
[1;36m[Device: id=1] RX[0m: 0.0424 Mpps, 510.67 Mbit/s (517.46 Mbit/s with framing)
[0;34m[Device: id=0] TX[0m: 0.0500 Mpps, 604.70 Mbit/s (612.70 Mbit/s with framing)
[1;36m[Device: id=1] RX[0m: 0.0409 Mpps, 491.81 Mbit/s (498.35 Mbit/s with framing)
[0;34m[Device: id=0] TX[0m: 0.0499 Mpps, 603.80 Mbit/s (611.79 Mbit/s with framing)
[1;36m[Device: id=1] RX[0m: 0.0408 Mpps, 490.43 Mbit/s (496.95 Mbit/s with framing)
[0;34m[Device: id=0] TX[0m: 0.0501 Mpps, 605.97 Mbit/s (613.99 Mbit/s with framing)
[1;36m[Device: id=1] RX[0m: 0.0414 Mpps, 497.98 Mbit/s (504.61 Mbit/s with framing)
[0;34m[Device: id=0] TX[0m: 0.0500 Mpps, 604.53 Mbit/s (612.53 Mbit/s with framing)
[1;36m[Device: id=1] RX[0m: 0.0428 Mpps, 515.39 Mbit/s (522.24 Mbit/s with framing)
[0;34m[Device: id=0] TX[0m: 0.0500 Mpps, 604.95 Mbit/s (612.95 Mbit/s with framing)
[1;36m[Device: id=1] RX[0m: 0.0400 Mpps, 480.88 Mbit/s (487.28 Mbit/s with framing)
[0;34m[Device: id=0] TX[0m: 0.0500 Mpps, 604.88 Mbit/s (612.88 Mbit/s with framing)
[1;36m[Device: id=1] RX[0m: 0.0405 Mpps, 487.26 Mbit/s (493.74 Mbit/s with framing)
[0;34m[Device: id=0] TX[0m: 0.0500 Mpps, 604.91 Mbit/s (612.92 Mbit/s with framing)
[1;36m[Device: id=1] RX[0m: 0.0400 Mpps, 481.31 Mbit/s (487.71 Mbit/s with framing)
[0;34m[Device: id=0] TX[0m: 0.0500 Mpps, 604.72 Mbit/s (612.72 Mbit/s with framing)
[1;36m[Device: id=1] RX[0m: 0.0416 Mpps, 500.63 Mbit/s (507.29 Mbit/s with framing)
[0;34m[Device: id=0] TX[0m: 0.0500 Mpps, 604.82 Mbit/s (612.82 Mbit/s with framing)
[1;36m[Device: id=1] RX[0m: 0.0404 Mpps, 486.45 Mbit/s (492.92 Mbit/s with framing)
[0;34m[Device: id=0] TX[0m: 0.0500 Mpps, 604.77 Mbit/s (612.77 Mbit/s with framing)
[1;36m[Device: id=1] RX[0m: 0.0400 Mpps, 481.38 Mbit/s (487.79 Mbit/s with framing)
[0;34m[Device: id=0] TX[0m: 0.0500 Mpps, 604.76 Mbit/s (612.76 Mbit/s with framing)
[1;36m[Device: id=1] RX[0m: 0.0411 Mpps, 494.63 Mbit/s (501.21 Mbit/s with framing)
[0;34m[Device: id=0] TX[0m: 0.0500 Mpps, 604.80 Mbit/s (612.80 Mbit/s with framing)
[1;36m[Device: id=1] RX[0m: 0.0405 Mpps, 486.98 Mbit/s (493.46 Mbit/s with framing)
[0;34m[Device: id=0] TX[0m: 0.0500 Mpps, 604.92 Mbit/s (612.92 Mbit/s with framing)
[1;36m[Device: id=1] RX[0m: 0.0399 Mpps, 479.67 Mbit/s (486.05 Mbit/s with framing)
[0;34m[Device: id=0] TX[0m: 0.0500 Mpps, 604.73 Mbit/s (612.73 Mbit/s with framing)
33
[1;36m[Device: id=1] RX[0m: 0.0404 Mpps, 486.08 Mbit/s (492.55 Mbit/s with framing)
[0;34m[Device: id=0] TX[0m: 0.0411 Mpps, 497.38 Mbit/s (503.96 Mbit/s with framing)
[1;36m[Device: id=1] RX[0m: 0.0000 Mpps, 0.00 Mbit/s (0.00 Mbit/s with framing)
[0;34m[Device: id=0] TX[0m: 0.0000 Mpps, 0.00 Mbit/s (0.00 Mbit/s with framing)
1500000
[1;36m[Device: id=1] RX[0m: 0.0404 (StdDev 0.0079) Mpps, 486.58 (StdDev 95) Mbit/s (493.05 Mbit/s with framing), total 1244429 packets with 1871621216 bytes (incl. CRC)
[0;34m[Device: id=0] TX[0m: 0.0480 (StdDev 0.0092) Mpps, 581.06 (StdDev 111) Mbit/s (588.75 Mbit/s with framing), total 1500000 packets with 2268000000 bytes (incl. CRC)
