[1;37m[INFO]  Initializing DPDK. This will take a few seconds...[0m
EAL: Probing VFIO support...
EAL: WARNING: cpu flags constant_tsc=yes nonstop_tsc=no -> using unreliable clock cycles !
EAL: PCI device 0000:00:03.0 on NUMA socket -1
EAL:   Invalid NUMA socket, default to 0
EAL:   probe driver: 1af4:1000 net_virtio
EAL: PCI device 0000:00:04.0 on NUMA socket -1
EAL:   Invalid NUMA socket, default to 0
EAL:   probe driver: 1af4:1000 net_virtio
EAL: PCI device 0000:00:05.0 on NUMA socket -1
EAL:   Invalid NUMA socket, default to 0
EAL:   probe driver: 1af4:1000 net_virtio
[1;37m[INFO]  Found 2 usable devices:[0m
   Device 0: 52:54:00:F1:C8:E2 ([0;32mRed Hat, Inc Virtio network device[0m)
   Device 1: 52:54:00:26:66:19 ([0;32mRed Hat, Inc Virtio network device[0m)
[1;37m[INFO]  Waiting for devices to come up...[0m
[1;37m[INFO]  Device 1 (52:54:00:26:66:19) is up: 10000 MBit/s[0m
[1;37m[INFO]  Device 0 (52:54:00:F1:C8:E2) is up: 10000 MBit/s[0m
[1;37m[INFO]  [0;32m2 devices are up.[0m[0m
[1;37m[INFO]  Trying to enable rx timestamping of all packets, this isn't supported by most nics[0m
[1;36m[Device: id=1] RX[0m: 0.0400 Mpps, 21.77 Mbit/s (28.17 Mbit/s with framing)
[0;34m[Device: id=0] TX[0m: 0.0396 Mpps, 24.09 Mbit/s (30.43 Mbit/s with framing)
[0;34m[Device: id=0] TX[0m: 0.0400 Mpps, 24.32 Mbit/s (30.72 Mbit/s with framing)
[1;36m[Device: id=1] RX[0m: 0.0400 Mpps, 21.76 Mbit/s (28.16 Mbit/s with framing)
[1;36m[Device: id=1] RX[0m: 0.0400 Mpps, 21.76 Mbit/s (28.16 Mbit/s with framing)
[0;34m[Device: id=0] TX[0m: 0.0400 Mpps, 24.32 Mbit/s (30.72 Mbit/s with framing)
[1;36m[Device: id=1] RX[0m: 0.0400 Mpps, 21.76 Mbit/s (28.16 Mbit/s with framing)
[0;34m[Device: id=0] TX[0m: 0.0400 Mpps, 24.32 Mbit/s (30.72 Mbit/s with framing)
[1;36m[Device: id=1] RX[0m: 0.0400 Mpps, 21.74 Mbit/s (28.14 Mbit/s with framing)
[0;34m[Device: id=0] TX[0m: 0.0400 Mpps, 24.32 Mbit/s (30.72 Mbit/s with framing)
[1;36m[Device: id=1] RX[0m: 0.0400 Mpps, 21.76 Mbit/s (28.16 Mbit/s with framing)
[0;34m[Device: id=0] TX[0m: 0.0400 Mpps, 24.32 Mbit/s (30.72 Mbit/s with framing)
[1;36m[Device: id=1] RX[0m: 0.0400 Mpps, 21.75 Mbit/s (28.15 Mbit/s with framing)
[0;34m[Device: id=0] TX[0m: 0.0400 Mpps, 24.32 Mbit/s (30.72 Mbit/s with framing)
[1;36m[Device: id=1] RX[0m: 0.0400 Mpps, 21.79 Mbit/s (28.19 Mbit/s with framing)
[0;34m[Device: id=0] TX[0m: 0.0400 Mpps, 24.32 Mbit/s (30.72 Mbit/s with framing)
[1;36m[Device: id=1] RX[0m: 0.0400 Mpps, 21.76 Mbit/s (28.16 Mbit/s with framing)
[0;34m[Device: id=0] TX[0m: 0.0400 Mpps, 24.32 Mbit/s (30.72 Mbit/s with framing)
[1;36m[Device: id=1] RX[0m: 0.0400 Mpps, 21.76 Mbit/s (28.16 Mbit/s with framing)
[0;34m[Device: id=0] TX[0m: 0.0400 Mpps, 24.32 Mbit/s (30.72 Mbit/s with framing)
[1;36m[Device: id=1] RX[0m: 0.0400 Mpps, 21.76 Mbit/s (28.16 Mbit/s with framing)
[0;34m[Device: id=0] TX[0m: 0.0400 Mpps, 24.32 Mbit/s (30.72 Mbit/s with framing)
[1;36m[Device: id=1] RX[0m: 0.0400 Mpps, 21.76 Mbit/s (28.16 Mbit/s with framing)
[0;34m[Device: id=0] TX[0m: 0.0400 Mpps, 24.32 Mbit/s (30.72 Mbit/s with framing)
[1;36m[Device: id=1] RX[0m: 0.0400 Mpps, 21.76 Mbit/s (28.16 Mbit/s with framing)
[0;34m[Device: id=0] TX[0m: 0.0400 Mpps, 24.32 Mbit/s (30.72 Mbit/s with framing)
[1;36m[Device: id=1] RX[0m: 0.0399 Mpps, 21.72 Mbit/s (28.11 Mbit/s with framing)
[0;34m[Device: id=0] TX[0m: 0.0400 Mpps, 24.32 Mbit/s (30.72 Mbit/s with framing)
[1;36m[Device: id=1] RX[0m: 0.0400 Mpps, 21.78 Mbit/s (28.19 Mbit/s with framing)
[0;34m[Device: id=0] TX[0m: 0.0400 Mpps, 24.32 Mbit/s (30.72 Mbit/s with framing)
[1;36m[Device: id=1] RX[0m: 0.0400 Mpps, 21.78 Mbit/s (28.18 Mbit/s with framing)
[0;34m[Device: id=0] TX[0m: 0.0400 Mpps, 24.32 Mbit/s (30.72 Mbit/s with framing)
[1;36m[Device: id=1] RX[0m: 0.0400 Mpps, 21.76 Mbit/s (28.16 Mbit/s with framing)
[0;34m[Device: id=0] TX[0m: 0.0400 Mpps, 24.32 Mbit/s (30.72 Mbit/s with framing)
[1;36m[Device: id=1] RX[0m: 0.0400 Mpps, 21.75 Mbit/s (28.15 Mbit/s with framing)
[0;34m[Device: id=0] TX[0m: 0.0400 Mpps, 24.32 Mbit/s (30.72 Mbit/s with framing)
[1;36m[Device: id=1] RX[0m: 0.0400 Mpps, 21.76 Mbit/s (28.16 Mbit/s with framing)
[0;34m[Device: id=0] TX[0m: 0.0400 Mpps, 24.32 Mbit/s (30.72 Mbit/s with framing)
[1;36m[Device: id=1] RX[0m: 0.0400 Mpps, 21.76 Mbit/s (28.16 Mbit/s with framing)
[0;34m[Device: id=0] TX[0m: 0.0400 Mpps, 24.32 Mbit/s (30.72 Mbit/s with framing)
[1;36m[Device: id=1] RX[0m: 0.0400 Mpps, 21.77 Mbit/s (28.17 Mbit/s with framing)
[0;34m[Device: id=0] TX[0m: 0.0400 Mpps, 24.32 Mbit/s (30.72 Mbit/s with framing)
[1;36m[Device: id=1] RX[0m: 0.0400 Mpps, 21.76 Mbit/s (28.16 Mbit/s with framing)
[0;34m[Device: id=0] TX[0m: 0.0400 Mpps, 24.32 Mbit/s (30.72 Mbit/s with framing)
[1;36m[Device: id=1] RX[0m: 0.0400 Mpps, 21.76 Mbit/s (28.16 Mbit/s with framing)
[0;34m[Device: id=0] TX[0m: 0.0400 Mpps, 24.32 Mbit/s (30.72 Mbit/s with framing)
[1;36m[Device: id=1] RX[0m: 0.0400 Mpps, 21.73 Mbit/s (28.13 Mbit/s with framing)
[0;34m[Device: id=0] TX[0m: 0.0400 Mpps, 24.32 Mbit/s (30.72 Mbit/s with framing)
[1;36m[Device: id=1] RX[0m: 0.0400 Mpps, 21.77 Mbit/s (28.17 Mbit/s with framing)
[0;34m[Device: id=0] TX[0m: 0.0400 Mpps, 24.32 Mbit/s (30.72 Mbit/s with framing)
[1;36m[Device: id=1] RX[0m: 0.0400 Mpps, 21.75 Mbit/s (28.15 Mbit/s with framing)
[0;34m[Device: id=0] TX[0m: 0.0400 Mpps, 24.32 Mbit/s (30.72 Mbit/s with framing)
[1;36m[Device: id=1] RX[0m: 0.0401 Mpps, 21.79 Mbit/s (28.20 Mbit/s with framing)
[0;34m[Device: id=0] TX[0m: 0.0400 Mpps, 24.32 Mbit/s (30.72 Mbit/s with framing)
[1;36m[Device: id=1] RX[0m: 0.0400 Mpps, 21.75 Mbit/s (28.14 Mbit/s with framing)
[0;34m[Device: id=0] TX[0m: 0.0400 Mpps, 24.32 Mbit/s (30.72 Mbit/s with framing)
[1;36m[Device: id=1] RX[0m: 0.0400 Mpps, 21.76 Mbit/s (28.16 Mbit/s with framing)
[0;34m[Device: id=0] TX[0m: 0.0400 Mpps, 24.32 Mbit/s (30.72 Mbit/s with framing)
39
[1;36m[Device: id=1] RX[0m: 0.0400 Mpps, 21.76 Mbit/s (28.15 Mbit/s with framing)
[0;34m[Device: id=0] TX[0m: 0.0376 Mpps, 22.85 Mbit/s (28.86 Mbit/s with framing)
[1;36m[Device: id=1] RX[0m: 0.0000 Mpps, 0.00 Mbit/s (0.00 Mbit/s with framing)
[0;34m[Device: id=0] TX[0m: 0.0000 Mpps, 0.00 Mbit/s (0.00 Mbit/s with framing)
1200000
[1;36m[Device: id=1] RX[0m: 0.0387 (StdDev 0.0073) Mpps, 21.03 (StdDev 4) Mbit/s (27.22 Mbit/s with framing), total 1199994 packets with 81599592 bytes (incl. CRC)
[0;34m[Device: id=0] TX[0m: 0.0386 (StdDev 0.0073) Mpps, 23.46 (StdDev 4) Mbit/s (29.63 Mbit/s with framing), total 1200000 packets with 91200000 bytes (incl. CRC)
