[1;37m[INFO]  Initializing DPDK. This will take a few seconds...[0m
EAL: Probing VFIO support...
EAL: WARNING: cpu flags constant_tsc=yes nonstop_tsc=no -> using unreliable clock cycles !
EAL: PCI device 0000:00:03.0 on NUMA socket -1
EAL:   Invalid NUMA socket, default to 0
EAL:   probe driver: 1af4:1000 net_virtio
EAL: PCI device 0000:00:04.0 on NUMA socket -1
EAL:   Invalid NUMA socket, default to 0
EAL:   probe driver: 1af4:1000 net_virtio
EAL: PCI device 0000:00:05.0 on NUMA socket -1
EAL:   Invalid NUMA socket, default to 0
EAL:   probe driver: 1af4:1000 net_virtio
[1;37m[INFO]  Found 2 usable devices:[0m
   Device 0: 52:54:00:F1:C8:E2 ([0;32mRed Hat, Inc Virtio network device[0m)
   Device 1: 52:54:00:26:66:19 ([0;32mRed Hat, Inc Virtio network device[0m)
[1;37m[INFO]  Waiting for devices to come up...[0m
[1;37m[INFO]  Device 1 (52:54:00:26:66:19) is up: 10000 MBit/s[0m
[1;37m[INFO]  Device 0 (52:54:00:F1:C8:E2) is up: 10000 MBit/s[0m
[1;37m[INFO]  [0;32m2 devices are up.[0m[0m
[1;37m[INFO]  Trying to enable rx timestamping of all packets, this isn't supported by most nics[0m
[1;36m[Device: id=1] RX[0m: 0.0350 Mpps, 421.41 Mbit/s (427.01 Mbit/s with framing)
[0;34m[Device: id=0] TX[0m: 0.0397 Mpps, 480.80 Mbit/s (487.16 Mbit/s with framing)
[0;34m[Device: id=0] TX[0m: 0.0400 Mpps, 483.84 Mbit/s (490.24 Mbit/s with framing)
[1;36m[Device: id=1] RX[0m: 0.0384 Mpps, 462.41 Mbit/s (468.56 Mbit/s with framing)
[0;34m[Device: id=0] TX[0m: 0.0400 Mpps, 483.84 Mbit/s (490.24 Mbit/s with framing)
[1;36m[Device: id=1] RX[0m: 0.0384 Mpps, 462.01 Mbit/s (468.15 Mbit/s with framing)
[0;34m[Device: id=0] TX[0m: 0.0400 Mpps, 483.84 Mbit/s (490.24 Mbit/s with framing)
[1;36m[Device: id=1] RX[0m: 0.0376 Mpps, 452.27 Mbit/s (458.28 Mbit/s with framing)
[0;34m[Device: id=0] TX[0m: 0.0400 Mpps, 483.84 Mbit/s (490.24 Mbit/s with framing)
[1;36m[Device: id=1] RX[0m: 0.0370 Mpps, 444.75 Mbit/s (450.66 Mbit/s with framing)
[0;34m[Device: id=0] TX[0m: 0.0400 Mpps, 483.84 Mbit/s (490.24 Mbit/s with framing)
[1;36m[Device: id=1] RX[0m: 0.0391 Mpps, 470.69 Mbit/s (476.95 Mbit/s with framing)
[0;34m[Device: id=0] TX[0m: 0.0400 Mpps, 483.85 Mbit/s (490.25 Mbit/s with framing)
[1;36m[Device: id=1] RX[0m: 0.0378 Mpps, 455.06 Mbit/s (461.11 Mbit/s with framing)
[0;34m[Device: id=0] TX[0m: 0.0400 Mpps, 483.83 Mbit/s (490.23 Mbit/s with framing)
[1;36m[Device: id=1] RX[0m: 0.0371 Mpps, 446.07 Mbit/s (452.00 Mbit/s with framing)
[0;34m[Device: id=0] TX[0m: 0.0400 Mpps, 483.84 Mbit/s (490.24 Mbit/s with framing)
[1;36m[Device: id=1] RX[0m: 0.0369 Mpps, 444.53 Mbit/s (450.44 Mbit/s with framing)
[0;34m[Device: id=0] TX[0m: 0.0400 Mpps, 483.85 Mbit/s (490.25 Mbit/s with framing)
[1;36m[Device: id=1] RX[0m: 0.0371 Mpps, 446.74 Mbit/s (452.69 Mbit/s with framing)
[0;34m[Device: id=0] TX[0m: 0.0400 Mpps, 483.85 Mbit/s (490.25 Mbit/s with framing)
[1;36m[Device: id=1] RX[0m: 0.0394 Mpps, 473.49 Mbit/s (479.79 Mbit/s with framing)
[0;34m[Device: id=0] TX[0m: 0.0400 Mpps, 483.82 Mbit/s (490.22 Mbit/s with framing)
[1;36m[Device: id=1] RX[0m: 0.0371 Mpps, 446.91 Mbit/s (452.85 Mbit/s with framing)
[0;34m[Device: id=0] TX[0m: 0.0400 Mpps, 483.84 Mbit/s (490.24 Mbit/s with framing)
[1;36m[Device: id=1] RX[0m: 0.0371 Mpps, 446.36 Mbit/s (452.29 Mbit/s with framing)
[0;34m[Device: id=0] TX[0m: 0.0400 Mpps, 483.85 Mbit/s (490.25 Mbit/s with framing)
[1;36m[Device: id=1] RX[0m: 0.0373 Mpps, 449.19 Mbit/s (455.16 Mbit/s with framing)
[0;34m[Device: id=0] TX[0m: 0.0400 Mpps, 483.84 Mbit/s (490.24 Mbit/s with framing)
[1;36m[Device: id=1] RX[0m: 0.0372 Mpps, 447.05 Mbit/s (452.99 Mbit/s with framing)
[0;34m[Device: id=0] TX[0m: 0.0400 Mpps, 483.84 Mbit/s (490.24 Mbit/s with framing)
[1;36m[Device: id=1] RX[0m: 0.0380 Mpps, 457.64 Mbit/s (463.73 Mbit/s with framing)
[0;34m[Device: id=0] TX[0m: 0.0400 Mpps, 483.84 Mbit/s (490.24 Mbit/s with framing)
[1;36m[Device: id=1] RX[0m: 0.0378 Mpps, 455.02 Mbit/s (461.07 Mbit/s with framing)
[0;34m[Device: id=0] TX[0m: 0.0400 Mpps, 483.84 Mbit/s (490.24 Mbit/s with framing)
[1;36m[Device: id=1] RX[0m: 0.0378 Mpps, 455.31 Mbit/s (461.37 Mbit/s with framing)
[0;34m[Device: id=0] TX[0m: 0.0400 Mpps, 483.84 Mbit/s (490.24 Mbit/s with framing)
[1;36m[Device: id=1] RX[0m: 0.0372 Mpps, 447.83 Mbit/s (453.79 Mbit/s with framing)
[0;34m[Device: id=0] TX[0m: 0.0400 Mpps, 483.85 Mbit/s (490.25 Mbit/s with framing)
[1;36m[Device: id=1] RX[0m: 0.0390 Mpps, 469.61 Mbit/s (475.85 Mbit/s with framing)
[0;34m[Device: id=0] TX[0m: 0.0400 Mpps, 483.84 Mbit/s (490.24 Mbit/s with framing)
[1;36m[Device: id=1] RX[0m: 0.0380 Mpps, 457.53 Mbit/s (463.62 Mbit/s with framing)
[0;34m[Device: id=0] TX[0m: 0.0400 Mpps, 483.84 Mbit/s (490.24 Mbit/s with framing)
[1;36m[Device: id=1] RX[0m: 0.0381 Mpps, 458.06 Mbit/s (464.15 Mbit/s with framing)
[0;34m[Device: id=0] TX[0m: 0.0400 Mpps, 483.84 Mbit/s (490.24 Mbit/s with framing)
[1;36m[Device: id=1] RX[0m: 0.0390 Mpps, 468.96 Mbit/s (475.19 Mbit/s with framing)
[0;34m[Device: id=0] TX[0m: 0.0400 Mpps, 483.84 Mbit/s (490.24 Mbit/s with framing)
[1;36m[Device: id=1] RX[0m: 0.0372 Mpps, 447.87 Mbit/s (453.82 Mbit/s with framing)
[0;34m[Device: id=0] TX[0m: 0.0400 Mpps, 483.85 Mbit/s (490.25 Mbit/s with framing)
[1;36m[Device: id=1] RX[0m: 0.0376 Mpps, 452.74 Mbit/s (458.76 Mbit/s with framing)
[0;34m[Device: id=0] TX[0m: 0.0400 Mpps, 483.83 Mbit/s (490.23 Mbit/s with framing)
[1;36m[Device: id=1] RX[0m: 0.0369 Mpps, 444.53 Mbit/s (450.44 Mbit/s with framing)
[0;34m[Device: id=0] TX[0m: 0.0400 Mpps, 483.85 Mbit/s (490.25 Mbit/s with framing)
[1;36m[Device: id=1] RX[0m: 0.0380 Mpps, 456.89 Mbit/s (462.96 Mbit/s with framing)
[0;34m[Device: id=0] TX[0m: 0.0400 Mpps, 483.84 Mbit/s (490.24 Mbit/s with framing)
[1;36m[Device: id=1] RX[0m: 0.0382 Mpps, 459.05 Mbit/s (465.15 Mbit/s with framing)
[0;34m[Device: id=0] TX[0m: 0.0400 Mpps, 483.84 Mbit/s (490.24 Mbit/s with framing)
[1;36m[Device: id=1] RX[0m: 0.0371 Mpps, 446.91 Mbit/s (452.85 Mbit/s with framing)
39
[0;34m[Device: id=0] TX[0m: 0.0392 Mpps, 473.84 Mbit/s (480.11 Mbit/s with framing)
[1;36m[Device: id=1] RX[0m: 0.0363 Mpps, 437.18 Mbit/s (443.00 Mbit/s with framing)
[1;36m[Device: id=1] RX[0m: 0.0000 Mpps, 0.00 Mbit/s (0.00 Mbit/s with framing)
[0;34m[Device: id=0] TX[0m: 0.0000 Mpps, 0.00 Mbit/s (0.00 Mbit/s with framing)
1200000
[1;36m[Device: id=1] RX[0m: 0.0365 (StdDev 0.0069) Mpps, 438.76 (StdDev 83) Mbit/s (444.59 Mbit/s with framing), total 1129011 packets with 1698032544 bytes (incl. CRC)
[0;34m[Device: id=0] TX[0m: 0.0386 (StdDev 0.0073) Mpps, 467.38 (StdDev 88) Mbit/s (473.56 Mbit/s with framing), total 1200000 packets with 1814400000 bytes (incl. CRC)
