[1;37m[INFO]  Initializing DPDK. This will take a few seconds...[0m
EAL: Probing VFIO support...
EAL: WARNING: cpu flags constant_tsc=yes nonstop_tsc=no -> using unreliable clock cycles !
EAL: PCI device 0000:00:03.0 on NUMA socket -1
EAL:   Invalid NUMA socket, default to 0
EAL:   probe driver: 1af4:1000 net_virtio
EAL: PCI device 0000:00:04.0 on NUMA socket -1
EAL:   Invalid NUMA socket, default to 0
EAL:   probe driver: 1af4:1000 net_virtio
EAL: PCI device 0000:00:05.0 on NUMA socket -1
EAL:   Invalid NUMA socket, default to 0
EAL:   probe driver: 1af4:1000 net_virtio
[1;37m[INFO]  Found 2 usable devices:[0m
   Device 0: 52:54:00:F1:C8:E2 ([0;32mRed Hat, Inc Virtio network device[0m)
   Device 1: 52:54:00:26:66:19 ([0;32mRed Hat, Inc Virtio network device[0m)
[1;37m[INFO]  Waiting for devices to come up...[0m
[1;37m[INFO]  Device 1 (52:54:00:26:66:19) is up: 10000 MBit/s[0m
[1;37m[INFO]  Device 0 (52:54:00:F1:C8:E2) is up: 10000 MBit/s[0m
[1;37m[INFO]  [0;32m2 devices are up.[0m[0m
[1;37m[INFO]  Trying to enable rx timestamping of all packets, this isn't supported by most nics[0m
[1;36m[Device: id=1] RX[0m: 0.1461 Mpps, 79.48 Mbit/s (102.86 Mbit/s with framing)
[0;34m[Device: id=0] TX[0m: 0.2885 Mpps, 175.38 Mbit/s (221.53 Mbit/s with framing)
[0;34m[Device: id=0] TX[0m: 0.2768 Mpps, 168.30 Mbit/s (212.59 Mbit/s with framing)
[1;36m[Device: id=1] RX[0m: 0.0992 Mpps, 53.94 Mbit/s (69.80 Mbit/s with framing)
[0;34m[Device: id=0] TX[0m: 0.2926 Mpps, 177.87 Mbit/s (224.68 Mbit/s with framing)
[1;36m[Device: id=1] RX[0m: 0.0961 Mpps, 52.26 Mbit/s (67.63 Mbit/s with framing)
[1;36m[Device: id=1] RX[0m: 0.1079 Mpps, 58.68 Mbit/s (75.94 Mbit/s with framing)
[0;34m[Device: id=0] TX[0m: 0.2617 Mpps, 159.09 Mbit/s (200.96 Mbit/s with framing)
[1;36m[Device: id=1] RX[0m: 0.0689 Mpps, 37.49 Mbit/s (48.51 Mbit/s with framing)
[0;34m[Device: id=0] TX[0m: 0.3297 Mpps, 200.43 Mbit/s (253.17 Mbit/s with framing)
[1;36m[Device: id=1] RX[0m: 0.0527 Mpps, 28.65 Mbit/s (37.08 Mbit/s with framing)
[0;34m[Device: id=0] TX[0m: 0.2746 Mpps, 166.94 Mbit/s (210.87 Mbit/s with framing)
[1;36m[Device: id=1] RX[0m: 0.0422 Mpps, 22.94 Mbit/s (29.69 Mbit/s with framing)
[0;34m[Device: id=0] TX[0m: 0.2826 Mpps, 171.84 Mbit/s (217.06 Mbit/s with framing)
[1;36m[Device: id=1] RX[0m: 0.0552 Mpps, 30.03 Mbit/s (38.87 Mbit/s with framing)
[0;34m[Device: id=0] TX[0m: 0.3085 Mpps, 187.55 Mbit/s (236.90 Mbit/s with framing)
[1;36m[Device: id=1] RX[0m: 0.0487 Mpps, 26.52 Mbit/s (34.32 Mbit/s with framing)
[0;34m[Device: id=0] TX[0m: 0.2969 Mpps, 180.48 Mbit/s (227.98 Mbit/s with framing)
[1;36m[Device: id=1] RX[0m: 0.0447 Mpps, 24.32 Mbit/s (31.47 Mbit/s with framing)
[0;34m[Device: id=0] TX[0m: 0.2839 Mpps, 172.63 Mbit/s (218.06 Mbit/s with framing)
[1;36m[Device: id=1] RX[0m: 0.0492 Mpps, 26.74 Mbit/s (34.61 Mbit/s with framing)
[0;34m[Device: id=0] TX[0m: 0.2540 Mpps, 154.42 Mbit/s (195.06 Mbit/s with framing)
[1;36m[Device: id=1] RX[0m: 0.0540 Mpps, 29.39 Mbit/s (38.03 Mbit/s with framing)
[0;34m[Device: id=0] TX[0m: 0.3012 Mpps, 183.11 Mbit/s (231.29 Mbit/s with framing)
[1;36m[Device: id=1] RX[0m: 0.0427 Mpps, 23.21 Mbit/s (30.04 Mbit/s with framing)
[0;34m[Device: id=0] TX[0m: 0.3059 Mpps, 185.98 Mbit/s (234.92 Mbit/s with framing)
[1;36m[Device: id=1] RX[0m: 0.0525 Mpps, 28.54 Mbit/s (36.93 Mbit/s with framing)
[0;34m[Device: id=0] TX[0m: 0.2784 Mpps, 169.29 Mbit/s (213.85 Mbit/s with framing)
[1;36m[Device: id=1] RX[0m: 0.0625 Mpps, 34.02 Mbit/s (44.03 Mbit/s with framing)
[0;34m[Device: id=0] TX[0m: 0.3073 Mpps, 186.85 Mbit/s (236.02 Mbit/s with framing)
[1;36m[Device: id=1] RX[0m: 0.0630 Mpps, 34.26 Mbit/s (44.33 Mbit/s with framing)
[0;34m[Device: id=0] TX[0m: 0.2881 Mpps, 175.15 Mbit/s (221.24 Mbit/s with framing)
[1;36m[Device: id=1] RX[0m: 0.0421 Mpps, 22.91 Mbit/s (29.65 Mbit/s with framing)
[0;34m[Device: id=0] TX[0m: 0.2837 Mpps, 172.51 Mbit/s (217.90 Mbit/s with framing)
[1;36m[Device: id=1] RX[0m: 0.0430 Mpps, 23.39 Mbit/s (30.26 Mbit/s with framing)
[0;34m[Device: id=0] TX[0m: 0.2656 Mpps, 161.50 Mbit/s (204.00 Mbit/s with framing)
[1;36m[Device: id=1] RX[0m: 0.0433 Mpps, 23.55 Mbit/s (30.48 Mbit/s with framing)
[0;34m[Device: id=0] TX[0m: 0.3276 Mpps, 199.20 Mbit/s (251.62 Mbit/s with framing)
[1;36m[Device: id=1] RX[0m: 0.0557 Mpps, 30.32 Mbit/s (39.24 Mbit/s with framing)
[0;34m[Device: id=0] TX[0m: 0.2895 Mpps, 176.01 Mbit/s (222.33 Mbit/s with framing)
[1;36m[Device: id=1] RX[0m: 0.0485 Mpps, 26.39 Mbit/s (34.15 Mbit/s with framing)
[0;34m[Device: id=0] TX[0m: 0.2935 Mpps, 178.42 Mbit/s (225.37 Mbit/s with framing)
[1;36m[Device: id=1] RX[0m: 0.1021 Mpps, 55.54 Mbit/s (71.87 Mbit/s with framing)
[0;34m[Device: id=0] TX[0m: 0.2502 Mpps, 152.11 Mbit/s (192.14 Mbit/s with framing)
[1;36m[Device: id=1] RX[0m: 0.0471 Mpps, 25.63 Mbit/s (33.17 Mbit/s with framing)
[0;34m[Device: id=0] TX[0m: 0.2960 Mpps, 179.94 Mbit/s (227.29 Mbit/s with framing)
[1;36m[Device: id=1] RX[0m: 0.0537 Mpps, 29.20 Mbit/s (37.78 Mbit/s with framing)
[0;34m[Device: id=0] TX[0m: 0.3174 Mpps, 192.97 Mbit/s (243.75 Mbit/s with framing)
[1;36m[Device: id=1] RX[0m: 0.0714 Mpps, 38.84 Mbit/s (50.26 Mbit/s with framing)
[0;34m[Device: id=0] TX[0m: 0.2783 Mpps, 169.23 Mbit/s (213.76 Mbit/s with framing)
[1;36m[Device: id=1] RX[0m: 0.0433 Mpps, 23.54 Mbit/s (30.46 Mbit/s with framing)
[0;34m[Device: id=0] TX[0m: 0.2992 Mpps, 181.89 Mbit/s (229.75 Mbit/s with framing)
[1;36m[Device: id=1] RX[0m: 0.0404 Mpps, 21.99 Mbit/s (28.45 Mbit/s with framing)
[0;34m[Device: id=0] TX[0m: 0.2413 Mpps, 146.71 Mbit/s (185.32 Mbit/s with framing)
[1;36m[Device: id=1] RX[0m: 0.0416 Mpps, 22.63 Mbit/s (29.28 Mbit/s with framing)
[0;34m[Device: id=0] TX[0m: 0.3293 Mpps, 200.19 Mbit/s (252.88 Mbit/s with framing)
[1;36m[Device: id=1] RX[0m: 0.0465 Mpps, 25.31 Mbit/s (32.76 Mbit/s with framing)
[0;34m[Device: id=0] TX[0m: 0.2895 Mpps, 175.99 Mbit/s (222.30 Mbit/s with framing)
15
[1;36m[Device: id=1] RX[0m: 0.0476 Mpps, 25.92 Mbit/s (33.54 Mbit/s with framing)
[0;34m[Device: id=0] TX[0m: 0.2661 Mpps, 161.81 Mbit/s (204.40 Mbit/s with framing)
[1;36m[Device: id=1] RX[0m: 0.0002 Mpps, 0.11 Mbit/s (0.14 Mbit/s with framing)
[0;34m[Device: id=0] TX[0m: 0.0000 Mpps, 0.00 Mbit/s (0.00 Mbit/s with framing)
8700000
[1;36m[Device: id=1] RX[0m: 0.0555 (StdDev 0.0219) Mpps, 30.21 (StdDev 12) Mbit/s (39.09 Mbit/s with framing), total 1812015 packets with 123217020 bytes (incl. CRC)
[0;34m[Device: id=0] TX[0m: 0.2790 (StdDev 0.0572) Mpps, 169.61 (StdDev 35) Mbit/s (214.25 Mbit/s with framing), total 8700000 packets with 661200000 bytes (incl. CRC)
