[1;37m[INFO]  Initializing DPDK. This will take a few seconds...[0m
EAL: Probing VFIO support...
EAL: WARNING: cpu flags constant_tsc=yes nonstop_tsc=no -> using unreliable clock cycles !
EAL: PCI device 0000:00:03.0 on NUMA socket -1
EAL:   Invalid NUMA socket, default to 0
EAL:   probe driver: 1af4:1000 net_virtio
EAL: PCI device 0000:00:04.0 on NUMA socket -1
EAL:   Invalid NUMA socket, default to 0
EAL:   probe driver: 1af4:1000 net_virtio
EAL: PCI device 0000:00:05.0 on NUMA socket -1
EAL:   Invalid NUMA socket, default to 0
EAL:   probe driver: 1af4:1000 net_virtio
[1;37m[INFO]  Found 2 usable devices:[0m
   Device 0: 52:54:00:F1:C8:E2 ([0;32mRed Hat, Inc Virtio network device[0m)
   Device 1: 52:54:00:26:66:19 ([0;32mRed Hat, Inc Virtio network device[0m)
[1;37m[INFO]  Waiting for devices to come up...[0m
[1;37m[INFO]  Device 1 (52:54:00:26:66:19) is up: 10000 MBit/s[0m
[1;37m[INFO]  Device 0 (52:54:00:F1:C8:E2) is up: 10000 MBit/s[0m
[1;37m[INFO]  [0;32m2 devices are up.[0m[0m
[1;37m[INFO]  Trying to enable rx timestamping of all packets, this isn't supported by most nics[0m
[0;34m[Device: id=0] TX[0m: 0.0903 Mpps, 1091.97 Mbit/s (1106.42 Mbit/s with framing)
[1;36m[Device: id=1] RX[0m: 0.0460 Mpps, 553.96 Mbit/s (561.33 Mbit/s with framing)
[0;34m[Device: id=0] TX[0m: 0.0900 Mpps, 1088.67 Mbit/s (1103.07 Mbit/s with framing)
[1;36m[Device: id=1] RX[0m: 0.0441 Mpps, 530.94 Mbit/s (538.00 Mbit/s with framing)
[0;34m[Device: id=0] TX[0m: 0.0902 Mpps, 1091.38 Mbit/s (1105.82 Mbit/s with framing)
[1;36m[Device: id=1] RX[0m: 0.0416 Mpps, 500.40 Mbit/s (507.05 Mbit/s with framing)
[0;34m[Device: id=0] TX[0m: 0.0894 Mpps, 1081.97 Mbit/s (1096.28 Mbit/s with framing)
[1;36m[Device: id=1] RX[0m: 0.0443 Mpps, 532.55 Mbit/s (539.63 Mbit/s with framing)
[0;34m[Device: id=0] TX[0m: 0.0904 Mpps, 1093.45 Mbit/s (1107.91 Mbit/s with framing)
[1;36m[Device: id=1] RX[0m: 0.0410 Mpps, 493.13 Mbit/s (499.69 Mbit/s with framing)
[0;34m[Device: id=0] TX[0m: 0.0900 Mpps, 1088.11 Mbit/s (1102.51 Mbit/s with framing)
[1;36m[Device: id=1] RX[0m: 0.0405 Mpps, 486.94 Mbit/s (493.41 Mbit/s with framing)
[0;34m[Device: id=0] TX[0m: 0.0902 Mpps, 1091.57 Mbit/s (1106.01 Mbit/s with framing)
[1;36m[Device: id=1] RX[0m: 0.0408 Mpps, 490.98 Mbit/s (497.51 Mbit/s with framing)
[0;34m[Device: id=0] TX[0m: 0.0896 Mpps, 1084.28 Mbit/s (1098.63 Mbit/s with framing)
[1;36m[Device: id=1] RX[0m: 0.0437 Mpps, 525.76 Mbit/s (532.75 Mbit/s with framing)
[0;34m[Device: id=0] TX[0m: 0.0902 Mpps, 1091.46 Mbit/s (1105.90 Mbit/s with framing)
[1;36m[Device: id=1] RX[0m: 0.0461 Mpps, 554.09 Mbit/s (561.46 Mbit/s with framing)
[0;34m[Device: id=0] TX[0m: 0.0901 Mpps, 1089.69 Mbit/s (1104.11 Mbit/s with framing)
[1;36m[Device: id=1] RX[0m: 0.0461 Mpps, 554.51 Mbit/s (561.89 Mbit/s with framing)
[1;36m[Device: id=1] RX[0m: 0.0428 Mpps, 515.30 Mbit/s (522.16 Mbit/s with framing)
[0;34m[Device: id=0] TX[0m: 0.0901 Mpps, 1089.88 Mbit/s (1104.30 Mbit/s with framing)
[1;36m[Device: id=1] RX[0m: 0.0391 Mpps, 470.68 Mbit/s (476.94 Mbit/s with framing)
[0;34m[Device: id=0] TX[0m: 0.0896 Mpps, 1083.98 Mbit/s (1098.32 Mbit/s with framing)
[1;36m[Device: id=1] RX[0m: 0.0420 Mpps, 505.37 Mbit/s (512.09 Mbit/s with framing)
[0;34m[Device: id=0] TX[0m: 0.0898 Mpps, 1085.70 Mbit/s (1100.06 Mbit/s with framing)
[1;36m[Device: id=1] RX[0m: 0.0404 Mpps, 486.22 Mbit/s (492.69 Mbit/s with framing)
[0;34m[Device: id=0] TX[0m: 0.0901 Mpps, 1089.61 Mbit/s (1104.02 Mbit/s with framing)
[1;36m[Device: id=1] RX[0m: 0.0426 Mpps, 512.12 Mbit/s (518.93 Mbit/s with framing)
[0;34m[Device: id=0] TX[0m: 0.0903 Mpps, 1092.07 Mbit/s (1106.51 Mbit/s with framing)
[1;36m[Device: id=1] RX[0m: 0.0468 Mpps, 563.36 Mbit/s (570.85 Mbit/s with framing)
[0;34m[Device: id=0] TX[0m: 0.0903 Mpps, 1091.89 Mbit/s (1106.33 Mbit/s with framing)
[1;36m[Device: id=1] RX[0m: 0.0457 Mpps, 550.31 Mbit/s (557.62 Mbit/s with framing)
[0;34m[Device: id=0] TX[0m: 0.0900 Mpps, 1088.65 Mbit/s (1103.05 Mbit/s with framing)
[1;36m[Device: id=1] RX[0m: 0.0407 Mpps, 489.32 Mbit/s (495.83 Mbit/s with framing)
[0;34m[Device: id=0] TX[0m: 0.0899 Mpps, 1087.03 Mbit/s (1101.41 Mbit/s with framing)
[1;36m[Device: id=1] RX[0m: 0.0458 Mpps, 551.00 Mbit/s (558.33 Mbit/s with framing)
[0;34m[Device: id=0] TX[0m: 0.0899 Mpps, 1087.08 Mbit/s (1101.46 Mbit/s with framing)
[1;36m[Device: id=1] RX[0m: 0.0409 Mpps, 492.42 Mbit/s (498.97 Mbit/s with framing)
[0;34m[Device: id=0] TX[0m: 0.0902 Mpps, 1090.49 Mbit/s (1104.92 Mbit/s with framing)
[1;36m[Device: id=1] RX[0m: 0.0428 Mpps, 514.81 Mbit/s (521.66 Mbit/s with framing)
[0;34m[Device: id=0] TX[0m: 0.0900 Mpps, 1089.04 Mbit/s (1103.45 Mbit/s with framing)
[1;36m[Device: id=1] RX[0m: 0.0453 Mpps, 544.76 Mbit/s (552.00 Mbit/s with framing)
[0;34m[Device: id=0] TX[0m: 0.0901 Mpps, 1090.18 Mbit/s (1104.60 Mbit/s with framing)
[1;36m[Device: id=1] RX[0m: 0.0462 Mpps, 556.24 Mbit/s (563.64 Mbit/s with framing)
[0;34m[Device: id=0] TX[0m: 0.0899 Mpps, 1087.81 Mbit/s (1102.20 Mbit/s with framing)
[1;36m[Device: id=1] RX[0m: 0.0420 Mpps, 505.68 Mbit/s (512.41 Mbit/s with framing)
[0;34m[Device: id=0] TX[0m: 0.0900 Mpps, 1088.18 Mbit/s (1102.57 Mbit/s with framing)
[1;36m[Device: id=1] RX[0m: 0.0425 Mpps, 511.86 Mbit/s (518.67 Mbit/s with framing)
[0;34m[Device: id=0] TX[0m: 0.0901 Mpps, 1090.33 Mbit/s (1104.75 Mbit/s with framing)
[1;36m[Device: id=1] RX[0m: 0.0392 Mpps, 471.47 Mbit/s (477.74 Mbit/s with framing)
[0;34m[Device: id=0] TX[0m: 0.0896 Mpps, 1083.87 Mbit/s (1098.20 Mbit/s with framing)
[1;36m[Device: id=1] RX[0m: 0.0392 Mpps, 472.09 Mbit/s (478.37 Mbit/s with framing)
[0;34m[Device: id=0] TX[0m: 0.0903 Mpps, 1092.46 Mbit/s (1106.91 Mbit/s with framing)
[1;36m[Device: id=1] RX[0m: 0.0394 Mpps, 474.23 Mbit/s (480.54 Mbit/s with framing)
[0;34m[Device: id=0] TX[0m: 0.0901 Mpps, 1090.29 Mbit/s (1104.71 Mbit/s with framing)
[1;36m[Device: id=1] RX[0m: 0.0401 Mpps, 482.70 Mbit/s (489.12 Mbit/s with framing)
[0;34m[Device: id=0] TX[0m: 0.0900 Mpps, 1088.75 Mbit/s (1103.15 Mbit/s with framing)
9
[1;36m[Device: id=1] RX[0m: 0.0393 Mpps, 473.23 Mbit/s (479.53 Mbit/s with framing)
[0;34m[Device: id=0] TX[0m: 0.0866 Mpps, 1047.42 Mbit/s (1061.28 Mbit/s with framing)
[1;36m[Device: id=1] RX[0m: 0.0000 Mpps, 0.18 Mbit/s (0.18 Mbit/s with framing)
[0;34m[Device: id=0] TX[0m: 0.0000 Mpps, 0.00 Mbit/s (0.00 Mbit/s with framing)
2700000
[1;36m[Device: id=1] RX[0m: 0.0410 (StdDev 0.0081) Mpps, 493.76 (StdDev 98) Mbit/s (500.32 Mbit/s with framing), total 1277172 packets with 1920866688 bytes (incl. CRC)
[0;34m[Device: id=0] TX[0m: 0.0869 (StdDev 0.0164) Mpps, 1051.18 (StdDev 199) Mbit/s (1065.08 Mbit/s with framing), total 2700000 packets with 4082400000 bytes (incl. CRC)
