[1;37m[INFO]  Initializing DPDK. This will take a few seconds...[0m
EAL: Probing VFIO support...
EAL: WARNING: cpu flags constant_tsc=yes nonstop_tsc=no -> using unreliable clock cycles !
EAL: PCI device 0000:00:03.0 on NUMA socket -1
EAL:   Invalid NUMA socket, default to 0
EAL:   probe driver: 1af4:1000 net_virtio
EAL: PCI device 0000:00:04.0 on NUMA socket -1
EAL:   Invalid NUMA socket, default to 0
EAL:   probe driver: 1af4:1000 net_virtio
EAL: PCI device 0000:00:05.0 on NUMA socket -1
EAL:   Invalid NUMA socket, default to 0
EAL:   probe driver: 1af4:1000 net_virtio
[1;37m[INFO]  Found 2 usable devices:[0m
   Device 0: 52:54:00:F1:C8:E2 ([0;32mRed Hat, Inc Virtio network device[0m)
   Device 1: 52:54:00:26:66:19 ([0;32mRed Hat, Inc Virtio network device[0m)
[1;37m[INFO]  Waiting for devices to come up...[0m
[1;37m[INFO]  Device 1 (52:54:00:26:66:19) is up: 10000 MBit/s[0m
[1;37m[INFO]  Device 0 (52:54:00:F1:C8:E2) is up: 10000 MBit/s[0m
[1;37m[INFO]  [0;32m2 devices are up.[0m[0m
[1;37m[INFO]  Trying to enable rx timestamping of all packets, this isn't supported by most nics[0m
[1;36m[Device: id=1] RX[0m: 0.1343 Mpps, 1616.45 Mbit/s (1637.95 Mbit/s with framing)
[0;34m[Device: id=0] TX[0m: 0.2272 Mpps, 2748.57 Mbit/s (2784.92 Mbit/s with framing)
[0;34m[Device: id=0] TX[0m: 0.2191 Mpps, 2650.03 Mbit/s (2685.08 Mbit/s with framing)
[1;36m[Device: id=1] RX[0m: 0.0749 Mpps, 900.66 Mbit/s (912.64 Mbit/s with framing)
[0;34m[Device: id=0] TX[0m: 0.2108 Mpps, 2550.21 Mbit/s (2583.94 Mbit/s with framing)
[1;36m[Device: id=1] RX[0m: 0.0494 Mpps, 594.98 Mbit/s (602.89 Mbit/s with framing)
[0;34m[Device: id=0] TX[0m: 0.2602 Mpps, 3147.11 Mbit/s (3188.73 Mbit/s with framing)
[1;36m[Device: id=1] RX[0m: 0.1002 Mpps, 1205.87 Mbit/s (1221.90 Mbit/s with framing)
[0;34m[Device: id=0] TX[0m: 0.2211 Mpps, 2674.43 Mbit/s (2709.81 Mbit/s with framing)
[1;36m[Device: id=1] RX[0m: 0.0746 Mpps, 897.05 Mbit/s (908.97 Mbit/s with framing)
[0;34m[Device: id=0] TX[0m: 0.2427 Mpps, 2935.93 Mbit/s (2974.77 Mbit/s with framing)
[1;36m[Device: id=1] RX[0m: 0.0702 Mpps, 844.38 Mbit/s (855.61 Mbit/s with framing)
[1;36m[Device: id=1] RX[0m: 0.0788 Mpps, 947.77 Mbit/s (960.37 Mbit/s with framing)
[0;34m[Device: id=0] TX[0m: 0.1912 Mpps, 2312.19 Mbit/s (2342.77 Mbit/s with framing)
[1;36m[Device: id=1] RX[0m: 0.0496 Mpps, 596.70 Mbit/s (604.63 Mbit/s with framing)
[0;34m[Device: id=0] TX[0m: 0.2219 Mpps, 2684.17 Mbit/s (2719.67 Mbit/s with framing)
[1;36m[Device: id=1] RX[0m: 0.0549 Mpps, 661.04 Mbit/s (669.83 Mbit/s with framing)
[0;34m[Device: id=0] TX[0m: 0.2436 Mpps, 2946.98 Mbit/s (2985.97 Mbit/s with framing)
[1;36m[Device: id=1] RX[0m: 0.0477 Mpps, 573.44 Mbit/s (581.06 Mbit/s with framing)
[0;34m[Device: id=0] TX[0m: 0.2630 Mpps, 3181.38 Mbit/s (3223.46 Mbit/s with framing)
[1;36m[Device: id=1] RX[0m: 0.0543 Mpps, 653.92 Mbit/s (662.61 Mbit/s with framing)
[0;34m[Device: id=0] TX[0m: 0.2271 Mpps, 2746.45 Mbit/s (2782.78 Mbit/s with framing)
[1;36m[Device: id=1] RX[0m: 0.0535 Mpps, 643.59 Mbit/s (652.15 Mbit/s with framing)
[0;34m[Device: id=0] TX[0m: 0.2335 Mpps, 2823.93 Mbit/s (2861.28 Mbit/s with framing)
[1;36m[Device: id=1] RX[0m: 0.0382 Mpps, 460.10 Mbit/s (466.22 Mbit/s with framing)
[0;34m[Device: id=0] TX[0m: 0.2301 Mpps, 2783.63 Mbit/s (2820.45 Mbit/s with framing)
[1;36m[Device: id=1] RX[0m: 0.0590 Mpps, 709.77 Mbit/s (719.21 Mbit/s with framing)
[0;34m[Device: id=0] TX[0m: 0.2302 Mpps, 2783.91 Mbit/s (2820.73 Mbit/s with framing)
[1;36m[Device: id=1] RX[0m: 0.0613 Mpps, 737.12 Mbit/s (746.93 Mbit/s with framing)
[0;34m[Device: id=0] TX[0m: 0.2261 Mpps, 2735.06 Mbit/s (2771.24 Mbit/s with framing)
[1;36m[Device: id=1] RX[0m: 0.0408 Mpps, 491.23 Mbit/s (497.76 Mbit/s with framing)
[0;34m[Device: id=0] TX[0m: 0.2324 Mpps, 2811.57 Mbit/s (2848.76 Mbit/s with framing)
[1;36m[Device: id=1] RX[0m: 0.0505 Mpps, 607.88 Mbit/s (615.96 Mbit/s with framing)
[0;34m[Device: id=0] TX[0m: 0.2062 Mpps, 2493.92 Mbit/s (2526.91 Mbit/s with framing)
[1;36m[Device: id=1] RX[0m: 0.0565 Mpps, 679.50 Mbit/s (688.54 Mbit/s with framing)
[0;34m[Device: id=0] TX[0m: 0.2515 Mpps, 3042.73 Mbit/s (3082.98 Mbit/s with framing)
[1;36m[Device: id=1] RX[0m: 0.0399 Mpps, 479.75 Mbit/s (486.13 Mbit/s with framing)
[0;34m[Device: id=0] TX[0m: 0.2272 Mpps, 2748.81 Mbit/s (2785.17 Mbit/s with framing)
[1;36m[Device: id=1] RX[0m: 0.0690 Mpps, 830.73 Mbit/s (841.77 Mbit/s with framing)
[0;34m[Device: id=0] TX[0m: 0.2362 Mpps, 2857.42 Mbit/s (2895.21 Mbit/s with framing)
[1;36m[Device: id=1] RX[0m: 0.0420 Mpps, 505.43 Mbit/s (512.15 Mbit/s with framing)
[0;34m[Device: id=0] TX[0m: 0.2209 Mpps, 2672.46 Mbit/s (2707.81 Mbit/s with framing)
[1;36m[Device: id=1] RX[0m: 0.0449 Mpps, 540.18 Mbit/s (547.36 Mbit/s with framing)
[0;34m[Device: id=0] TX[0m: 0.2392 Mpps, 2893.78 Mbit/s (2932.05 Mbit/s with framing)
[1;36m[Device: id=1] RX[0m: 0.0425 Mpps, 511.71 Mbit/s (518.51 Mbit/s with framing)
[0;34m[Device: id=0] TX[0m: 0.1638 Mpps, 1981.84 Mbit/s (2008.06 Mbit/s with framing)
[1;36m[Device: id=1] RX[0m: 0.0765 Mpps, 920.33 Mbit/s (932.57 Mbit/s with framing)
[0;34m[Device: id=0] TX[0m: 0.2956 Mpps, 3575.76 Mbit/s (3623.06 Mbit/s with framing)
[1;36m[Device: id=1] RX[0m: 0.0592 Mpps, 712.82 Mbit/s (722.29 Mbit/s with framing)
[0;34m[Device: id=0] TX[0m: 0.1522 Mpps, 1841.38 Mbit/s (1865.74 Mbit/s with framing)
[1;36m[Device: id=1] RX[0m: 0.0830 Mpps, 998.53 Mbit/s (1011.80 Mbit/s with framing)
[0;34m[Device: id=0] TX[0m: 0.3090 Mpps, 3737.16 Mbit/s (3786.60 Mbit/s with framing)
[1;36m[Device: id=1] RX[0m: 0.0590 Mpps, 710.07 Mbit/s (719.51 Mbit/s with framing)
[0;34m[Device: id=0] TX[0m: 0.1830 Mpps, 2213.02 Mbit/s (2242.29 Mbit/s with framing)
[1;36m[Device: id=1] RX[0m: 0.1450 Mpps, 1744.68 Mbit/s (1767.88 Mbit/s with framing)
[0;34m[Device: id=0] TX[0m: 0.2670 Mpps, 3230.16 Mbit/s (3272.88 Mbit/s with framing)
[1;36m[Device: id=1] RX[0m: 0.0388 Mpps, 466.51 Mbit/s (472.71 Mbit/s with framing)
[0;34m[Device: id=0] TX[0m: 0.1463 Mpps, 1769.19 Mbit/s (1792.59 Mbit/s with framing)
51
[1;36m[Device: id=1] RX[0m: 0.0608 Mpps, 731.51 Mbit/s (741.24 Mbit/s with framing)
[0;34m[Device: id=0] TX[0m: 0.2920 Mpps, 3531.49 Mbit/s (3578.20 Mbit/s with framing)
[1;36m[Device: id=1] RX[0m: 0.0000 Mpps, 0.00 Mbit/s (0.00 Mbit/s with framing)
[0;34m[Device: id=0] TX[0m: 0.0000 Mpps, 0.00 Mbit/s (0.00 Mbit/s with framing)
6900000
[1;36m[Device: id=1] RX[0m: 0.0592 (StdDev 0.0244) Mpps, 711.91 (StdDev 294) Mbit/s (721.37 Mbit/s with framing), total 1909422 packets with 2871770688 bytes (incl. CRC)
[0;34m[Device: id=0] TX[0m: 0.2214 (StdDev 0.0563) Mpps, 2678.54 (StdDev 681) Mbit/s (2713.97 Mbit/s with framing), total 6900000 packets with 10432800000 bytes (incl. CRC)
