[1;37m[INFO]  Initializing DPDK. This will take a few seconds...[0m
EAL: Probing VFIO support...
EAL: WARNING: cpu flags constant_tsc=yes nonstop_tsc=no -> using unreliable clock cycles !
EAL: PCI device 0000:00:03.0 on NUMA socket -1
EAL:   Invalid NUMA socket, default to 0
EAL:   probe driver: 1af4:1000 net_virtio
EAL: PCI device 0000:00:04.0 on NUMA socket -1
EAL:   Invalid NUMA socket, default to 0
EAL:   probe driver: 1af4:1000 net_virtio
EAL: PCI device 0000:00:05.0 on NUMA socket -1
EAL:   Invalid NUMA socket, default to 0
EAL:   probe driver: 1af4:1000 net_virtio
[1;37m[INFO]  Found 2 usable devices:[0m
   Device 0: 52:54:00:F1:C8:E2 ([0;32mRed Hat, Inc Virtio network device[0m)
   Device 1: 52:54:00:26:66:19 ([0;32mRed Hat, Inc Virtio network device[0m)
[1;37m[INFO]  Waiting for devices to come up...[0m
[1;37m[INFO]  Device 1 (52:54:00:26:66:19) is up: 10000 MBit/s[0m
[1;37m[INFO]  Device 0 (52:54:00:F1:C8:E2) is up: 10000 MBit/s[0m
[1;37m[INFO]  [0;32m2 devices are up.[0m[0m
[1;37m[INFO]  Trying to enable rx timestamping of all packets, this isn't supported by most nics[0m
[0;34m[Device: id=0] TX[0m: 0.2104 Mpps, 2544.51 Mbit/s (2578.16 Mbit/s with framing)
[1;36m[Device: id=1] RX[0m: 0.0684 Mpps, 822.67 Mbit/s (833.61 Mbit/s with framing)
[0;34m[Device: id=0] TX[0m: 0.2261 Mpps, 2735.20 Mbit/s (2771.38 Mbit/s with framing)
[1;36m[Device: id=1] RX[0m: 0.0627 Mpps, 754.53 Mbit/s (764.56 Mbit/s with framing)
[0;34m[Device: id=0] TX[0m: 0.2097 Mpps, 2536.81 Mbit/s (2570.36 Mbit/s with framing)
[1;36m[Device: id=1] RX[0m: 0.0776 Mpps, 934.03 Mbit/s (946.45 Mbit/s with framing)
[0;34m[Device: id=0] TX[0m: 0.2269 Mpps, 2744.18 Mbit/s (2780.48 Mbit/s with framing)
[1;36m[Device: id=1] RX[0m: 0.0529 Mpps, 636.88 Mbit/s (645.35 Mbit/s with framing)
[0;34m[Device: id=0] TX[0m: 0.2233 Mpps, 2701.01 Mbit/s (2736.73 Mbit/s with framing)
[1;36m[Device: id=1] RX[0m: 0.0570 Mpps, 686.37 Mbit/s (695.50 Mbit/s with framing)
[0;34m[Device: id=0] TX[0m: 0.2064 Mpps, 2496.49 Mbit/s (2529.51 Mbit/s with framing)
[1;36m[Device: id=1] RX[0m: 0.0486 Mpps, 584.85 Mbit/s (592.63 Mbit/s with framing)
[0;34m[Device: id=0] TX[0m: 0.2317 Mpps, 2802.86 Mbit/s (2839.94 Mbit/s with framing)
[1;36m[Device: id=1] RX[0m: 0.0525 Mpps, 631.61 Mbit/s (640.01 Mbit/s with framing)
[0;34m[Device: id=0] TX[0m: 0.1917 Mpps, 2318.78 Mbit/s (2349.46 Mbit/s with framing)
[1;36m[Device: id=1] RX[0m: 0.1035 Mpps, 1245.49 Mbit/s (1262.05 Mbit/s with framing)
[0;34m[Device: id=0] TX[0m: 0.2515 Mpps, 3041.58 Mbit/s (3081.81 Mbit/s with framing)
[1;36m[Device: id=1] RX[0m: 0.0801 Mpps, 963.83 Mbit/s (976.64 Mbit/s with framing)
[0;34m[Device: id=0] TX[0m: 0.1982 Mpps, 2397.57 Mbit/s (2429.28 Mbit/s with framing)
[1;36m[Device: id=1] RX[0m: 0.0868 Mpps, 1044.34 Mbit/s (1058.23 Mbit/s with framing)
[0;34m[Device: id=0] TX[0m: 0.2148 Mpps, 2597.70 Mbit/s (2632.06 Mbit/s with framing)
[1;36m[Device: id=1] RX[0m: 0.0836 Mpps, 1006.04 Mbit/s (1019.42 Mbit/s with framing)
[0;34m[Device: id=0] TX[0m: 0.2304 Mpps, 2786.48 Mbit/s (2823.34 Mbit/s with framing)
[1;36m[Device: id=1] RX[0m: 0.0859 Mpps, 1033.85 Mbit/s (1047.60 Mbit/s with framing)
[0;34m[Device: id=0] TX[0m: 0.1886 Mpps, 2281.29 Mbit/s (2311.47 Mbit/s with framing)
[1;36m[Device: id=1] RX[0m: 0.0549 Mpps, 660.71 Mbit/s (669.49 Mbit/s with framing)
[0;34m[Device: id=0] TX[0m: 0.2618 Mpps, 3166.98 Mbit/s (3208.87 Mbit/s with framing)
[1;36m[Device: id=1] RX[0m: 0.0591 Mpps, 711.15 Mbit/s (720.60 Mbit/s with framing)
[0;34m[Device: id=0] TX[0m: 0.2038 Mpps, 2464.68 Mbit/s (2497.28 Mbit/s with framing)
[1;36m[Device: id=1] RX[0m: 0.0386 Mpps, 463.91 Mbit/s (470.07 Mbit/s with framing)
[0;34m[Device: id=0] TX[0m: 0.2431 Mpps, 2940.94 Mbit/s (2979.84 Mbit/s with framing)
[1;36m[Device: id=1] RX[0m: 0.0820 Mpps, 986.59 Mbit/s (999.71 Mbit/s with framing)
[0;34m[Device: id=0] TX[0m: 0.1886 Mpps, 2281.56 Mbit/s (2311.74 Mbit/s with framing)
[1;36m[Device: id=1] RX[0m: 0.0399 Mpps, 479.55 Mbit/s (485.93 Mbit/s with framing)
[0;34m[Device: id=0] TX[0m: 0.2267 Mpps, 2742.50 Mbit/s (2778.78 Mbit/s with framing)
[1;36m[Device: id=1] RX[0m: 0.0388 Mpps, 467.24 Mbit/s (473.45 Mbit/s with framing)
[0;34m[Device: id=0] TX[0m: 0.2172 Mpps, 2626.93 Mbit/s (2661.68 Mbit/s with framing)
[1;36m[Device: id=1] RX[0m: 0.0388 Mpps, 466.28 Mbit/s (472.48 Mbit/s with framing)
[0;34m[Device: id=0] TX[0m: 0.2415 Mpps, 2921.50 Mbit/s (2960.14 Mbit/s with framing)
[1;36m[Device: id=1] RX[0m: 0.0979 Mpps, 1178.00 Mbit/s (1193.66 Mbit/s with framing)
[0;34m[Device: id=0] TX[0m: 0.2062 Mpps, 2493.88 Mbit/s (2526.87 Mbit/s with framing)
[1;36m[Device: id=1] RX[0m: 0.0784 Mpps, 942.93 Mbit/s (955.47 Mbit/s with framing)
[0;34m[Device: id=0] TX[0m: 0.1990 Mpps, 2407.27 Mbit/s (2439.11 Mbit/s with framing)
[1;36m[Device: id=1] RX[0m: 0.0462 Mpps, 556.04 Mbit/s (563.43 Mbit/s with framing)
[0;34m[Device: id=0] TX[0m: 0.1905 Mpps, 2304.40 Mbit/s (2334.88 Mbit/s with framing)
[1;36m[Device: id=1] RX[0m: 0.0389 Mpps, 468.10 Mbit/s (474.32 Mbit/s with framing)
[0;34m[Device: id=0] TX[0m: 0.2239 Mpps, 2708.67 Mbit/s (2744.50 Mbit/s with framing)
[1;36m[Device: id=1] RX[0m: 0.0399 Mpps, 480.46 Mbit/s (486.84 Mbit/s with framing)
[0;34m[Device: id=0] TX[0m: 0.2861 Mpps, 3460.70 Mbit/s (3506.48 Mbit/s with framing)
[1;36m[Device: id=1] RX[0m: 0.0389 Mpps, 467.80 Mbit/s (474.02 Mbit/s with framing)
[0;34m[Device: id=0] TX[0m: 0.2196 Mpps, 2655.74 Mbit/s (2690.87 Mbit/s with framing)
[1;36m[Device: id=1] RX[0m: 0.0577 Mpps, 694.22 Mbit/s (703.45 Mbit/s with framing)
[0;34m[Device: id=0] TX[0m: 0.2177 Mpps, 2633.11 Mbit/s (2667.94 Mbit/s with framing)
[1;36m[Device: id=1] RX[0m: 0.0414 Mpps, 498.70 Mbit/s (505.33 Mbit/s with framing)
[0;34m[Device: id=0] TX[0m: 0.2230 Mpps, 2697.76 Mbit/s (2733.44 Mbit/s with framing)
[1;36m[Device: id=1] RX[0m: 0.0389 Mpps, 467.94 Mbit/s (474.17 Mbit/s with framing)
[0;34m[Device: id=0] TX[0m: 0.1339 Mpps, 1619.38 Mbit/s (1640.80 Mbit/s with framing)
[1;36m[Device: id=1] RX[0m: 0.0386 Mpps, 464.83 Mbit/s (471.01 Mbit/s with framing)
57
[0;34m[Device: id=0] TX[0m: 0.3021 Mpps, 3654.55 Mbit/s (3702.89 Mbit/s with framing)
[1;36m[Device: id=1] RX[0m: 0.1027 Mpps, 1235.42 Mbit/s (1251.85 Mbit/s with framing)
[0;34m[Device: id=0] TX[0m: 0.0000 Mpps, 0.00 Mbit/s (0.00 Mbit/s with framing)
[1;36m[Device: id=1] RX[0m: 0.0009 Mpps, 10.27 Mbit/s (10.41 Mbit/s with framing)
6600000
[1;36m[Device: id=1] RX[0m: 0.0588 (StdDev 0.0241) Mpps, 707.40 (StdDev 290) Mbit/s (716.81 Mbit/s with framing), total 1832200 packets with 2755628800 bytes (incl. CRC)
[0;34m[Device: id=0] TX[0m: 0.2128 (StdDev 0.0508) Mpps, 2574.02 (StdDev 615) Mbit/s (2608.06 Mbit/s with framing), total 6600000 packets with 9979200000 bytes (incl. CRC)
