[1;37m[INFO]  Initializing DPDK. This will take a few seconds...[0m
EAL: Probing VFIO support...
EAL: WARNING: cpu flags constant_tsc=yes nonstop_tsc=no -> using unreliable clock cycles !
EAL: PCI device 0000:00:03.0 on NUMA socket -1
EAL:   Invalid NUMA socket, default to 0
EAL:   probe driver: 1af4:1000 net_virtio
EAL: PCI device 0000:00:04.0 on NUMA socket -1
EAL:   Invalid NUMA socket, default to 0
EAL:   probe driver: 1af4:1000 net_virtio
EAL: PCI device 0000:00:05.0 on NUMA socket -1
EAL:   Invalid NUMA socket, default to 0
EAL:   probe driver: 1af4:1000 net_virtio
[1;37m[INFO]  Found 2 usable devices:[0m
   Device 0: 52:54:00:F1:C8:E2 ([0;32mRed Hat, Inc Virtio network device[0m)
   Device 1: 52:54:00:26:66:19 ([0;32mRed Hat, Inc Virtio network device[0m)
[1;37m[INFO]  Waiting for devices to come up...[0m
[1;37m[INFO]  Device 1 (52:54:00:26:66:19) is up: 10000 MBit/s[0m
[1;37m[INFO]  Device 0 (52:54:00:F1:C8:E2) is up: 10000 MBit/s[0m
[1;37m[INFO]  [0;32m2 devices are up.[0m[0m
[1;37m[INFO]  Trying to enable rx timestamping of all packets, this isn't supported by most nics[0m
[1;36m[Device: id=1] RX[0m: 0.0357 Mpps, 19.41 Mbit/s (25.12 Mbit/s with framing)
[0;34m[Device: id=0] TX[0m: 0.1173 Mpps, 71.30 Mbit/s (90.06 Mbit/s with framing)
[0;34m[Device: id=0] TX[0m: 0.1198 Mpps, 72.85 Mbit/s (92.02 Mbit/s with framing)
[1;36m[Device: id=1] RX[0m: 0.0411 Mpps, 22.34 Mbit/s (28.91 Mbit/s with framing)
[0;34m[Device: id=0] TX[0m: 0.1199 Mpps, 72.89 Mbit/s (92.07 Mbit/s with framing)
[1;36m[Device: id=1] RX[0m: 0.0392 Mpps, 21.33 Mbit/s (27.61 Mbit/s with framing)
[0;34m[Device: id=0] TX[0m: 0.1203 Mpps, 73.12 Mbit/s (92.36 Mbit/s with framing)
[1;36m[Device: id=1] RX[0m: 0.0392 Mpps, 21.33 Mbit/s (27.60 Mbit/s with framing)
[0;34m[Device: id=0] TX[0m: 0.1195 Mpps, 72.68 Mbit/s (91.80 Mbit/s with framing)
[1;36m[Device: id=1] RX[0m: 0.0405 Mpps, 22.04 Mbit/s (28.52 Mbit/s with framing)
[1;36m[Device: id=1] RX[0m: 0.0390 Mpps, 21.22 Mbit/s (27.46 Mbit/s with framing)
[0;34m[Device: id=0] TX[0m: 0.1207 Mpps, 73.40 Mbit/s (92.71 Mbit/s with framing)
[1;36m[Device: id=1] RX[0m: 0.0390 Mpps, 21.22 Mbit/s (27.47 Mbit/s with framing)
[0;34m[Device: id=0] TX[0m: 0.1201 Mpps, 73.05 Mbit/s (92.27 Mbit/s with framing)
[1;36m[Device: id=1] RX[0m: 0.0404 Mpps, 21.97 Mbit/s (28.43 Mbit/s with framing)
[0;34m[Device: id=0] TX[0m: 0.1198 Mpps, 72.83 Mbit/s (92.00 Mbit/s with framing)
[1;36m[Device: id=1] RX[0m: 0.0391 Mpps, 21.26 Mbit/s (27.51 Mbit/s with framing)
[0;34m[Device: id=0] TX[0m: 0.1183 Mpps, 71.95 Mbit/s (90.88 Mbit/s with framing)
[1;36m[Device: id=1] RX[0m: 0.0390 Mpps, 21.20 Mbit/s (27.43 Mbit/s with framing)
[0;34m[Device: id=0] TX[0m: 0.1217 Mpps, 74.00 Mbit/s (93.47 Mbit/s with framing)
[1;36m[Device: id=1] RX[0m: 0.0389 Mpps, 21.18 Mbit/s (27.41 Mbit/s with framing)
[0;34m[Device: id=0] TX[0m: 0.1178 Mpps, 71.61 Mbit/s (90.46 Mbit/s with framing)
[1;36m[Device: id=1] RX[0m: 0.0407 Mpps, 22.16 Mbit/s (28.68 Mbit/s with framing)
[0;34m[Device: id=0] TX[0m: 0.1211 Mpps, 73.65 Mbit/s (93.03 Mbit/s with framing)
[1;36m[Device: id=1] RX[0m: 0.0393 Mpps, 21.36 Mbit/s (27.64 Mbit/s with framing)
[0;34m[Device: id=0] TX[0m: 0.1212 Mpps, 73.71 Mbit/s (93.11 Mbit/s with framing)
[1;36m[Device: id=1] RX[0m: 0.0391 Mpps, 21.28 Mbit/s (27.54 Mbit/s with framing)
[0;34m[Device: id=0] TX[0m: 0.1176 Mpps, 71.50 Mbit/s (90.31 Mbit/s with framing)
[1;36m[Device: id=1] RX[0m: 0.0393 Mpps, 21.36 Mbit/s (27.64 Mbit/s with framing)
[0;34m[Device: id=0] TX[0m: 0.1212 Mpps, 73.67 Mbit/s (93.06 Mbit/s with framing)
[1;36m[Device: id=1] RX[0m: 0.0404 Mpps, 21.95 Mbit/s (28.41 Mbit/s with framing)
[0;34m[Device: id=0] TX[0m: 0.1208 Mpps, 73.45 Mbit/s (92.78 Mbit/s with framing)
[1;36m[Device: id=1] RX[0m: 0.0392 Mpps, 21.34 Mbit/s (27.61 Mbit/s with framing)
[0;34m[Device: id=0] TX[0m: 0.1180 Mpps, 71.77 Mbit/s (90.66 Mbit/s with framing)
[1;36m[Device: id=1] RX[0m: 0.0414 Mpps, 22.52 Mbit/s (29.14 Mbit/s with framing)
[0;34m[Device: id=0] TX[0m: 0.1219 Mpps, 74.09 Mbit/s (93.59 Mbit/s with framing)
[1;36m[Device: id=1] RX[0m: 0.0406 Mpps, 22.11 Mbit/s (28.62 Mbit/s with framing)
[0;34m[Device: id=0] TX[0m: 0.1196 Mpps, 72.75 Mbit/s (91.89 Mbit/s with framing)
[1;36m[Device: id=1] RX[0m: 0.0420 Mpps, 22.85 Mbit/s (29.56 Mbit/s with framing)
[0;34m[Device: id=0] TX[0m: 0.1204 Mpps, 73.20 Mbit/s (92.47 Mbit/s with framing)
[1;36m[Device: id=1] RX[0m: 0.0392 Mpps, 21.31 Mbit/s (27.58 Mbit/s with framing)
[0;34m[Device: id=0] TX[0m: 0.1202 Mpps, 73.11 Mbit/s (92.35 Mbit/s with framing)
[1;36m[Device: id=1] RX[0m: 0.0390 Mpps, 21.24 Mbit/s (27.49 Mbit/s with framing)
[0;34m[Device: id=0] TX[0m: 0.1184 Mpps, 71.97 Mbit/s (90.91 Mbit/s with framing)
[1;36m[Device: id=1] RX[0m: 0.0390 Mpps, 21.22 Mbit/s (27.46 Mbit/s with framing)
[0;34m[Device: id=0] TX[0m: 0.1209 Mpps, 73.48 Mbit/s (92.82 Mbit/s with framing)
[1;36m[Device: id=1] RX[0m: 0.0390 Mpps, 21.22 Mbit/s (27.46 Mbit/s with framing)
[0;34m[Device: id=0] TX[0m: 0.1193 Mpps, 72.53 Mbit/s (91.61 Mbit/s with framing)
[1;36m[Device: id=1] RX[0m: 0.0408 Mpps, 22.20 Mbit/s (28.72 Mbit/s with framing)
[0;34m[Device: id=0] TX[0m: 0.1204 Mpps, 73.23 Mbit/s (92.50 Mbit/s with framing)
[1;36m[Device: id=1] RX[0m: 0.0392 Mpps, 21.33 Mbit/s (27.61 Mbit/s with framing)
[0;34m[Device: id=0] TX[0m: 0.1213 Mpps, 73.76 Mbit/s (93.16 Mbit/s with framing)
[1;36m[Device: id=1] RX[0m: 0.0392 Mpps, 21.30 Mbit/s (27.56 Mbit/s with framing)
[0;34m[Device: id=0] TX[0m: 0.1191 Mpps, 72.44 Mbit/s (91.50 Mbit/s with framing)
[1;36m[Device: id=1] RX[0m: 0.0392 Mpps, 21.34 Mbit/s (27.62 Mbit/s with framing)
[0;34m[Device: id=0] TX[0m: 0.1205 Mpps, 73.25 Mbit/s (92.53 Mbit/s with framing)
[1;36m[Device: id=1] RX[0m: 0.0392 Mpps, 21.31 Mbit/s (27.57 Mbit/s with framing)
[0;34m[Device: id=0] TX[0m: 0.1205 Mpps, 73.26 Mbit/s (92.54 Mbit/s with framing)
[1;36m[Device: id=1] RX[0m: 0.0392 Mpps, 21.33 Mbit/s (27.61 Mbit/s with framing)
54
[0;34m[Device: id=0] TX[0m: 0.1172 Mpps, 71.27 Mbit/s (90.02 Mbit/s with framing)
[1;36m[Device: id=1] RX[0m: 0.0019 Mpps, 1.04 Mbit/s (1.35 Mbit/s with framing)
[0;34m[Device: id=0] TX[0m: 0.0000 Mpps, 0.00 Mbit/s (0.00 Mbit/s with framing)
3600000
[1;36m[Device: id=1] RX[0m: 0.0384 (StdDev 0.0069) Mpps, 20.90 (StdDev 4) Mbit/s (27.04 Mbit/s with framing), total 1188028 packets with 80785904 bytes (incl. CRC)
[0;34m[Device: id=0] TX[0m: 0.1159 (StdDev 0.0219) Mpps, 70.48 (StdDev 13) Mbit/s (89.03 Mbit/s with framing), total 3600000 packets with 273600000 bytes (incl. CRC)
