[1;37m[INFO]  Initializing DPDK. This will take a few seconds...[0m
EAL: Probing VFIO support...
EAL: WARNING: cpu flags constant_tsc=yes nonstop_tsc=no -> using unreliable clock cycles !
EAL: PCI device 0000:00:03.0 on NUMA socket -1
EAL:   Invalid NUMA socket, default to 0
EAL:   probe driver: 1af4:1000 net_virtio
EAL: PCI device 0000:00:04.0 on NUMA socket -1
EAL:   Invalid NUMA socket, default to 0
EAL:   probe driver: 1af4:1000 net_virtio
EAL: PCI device 0000:00:05.0 on NUMA socket -1
EAL:   Invalid NUMA socket, default to 0
EAL:   probe driver: 1af4:1000 net_virtio
[1;37m[INFO]  Found 2 usable devices:[0m
   Device 0: 52:54:00:F1:C8:E2 ([0;32mRed Hat, Inc Virtio network device[0m)
   Device 1: 52:54:00:26:66:19 ([0;32mRed Hat, Inc Virtio network device[0m)
[1;37m[INFO]  Waiting for devices to come up...[0m
[1;37m[INFO]  Device 1 (52:54:00:26:66:19) is up: 10000 MBit/s[0m
[1;37m[INFO]  Device 0 (52:54:00:F1:C8:E2) is up: 10000 MBit/s[0m
[1;37m[INFO]  [0;32m2 devices are up.[0m[0m
[1;37m[INFO]  Trying to enable rx timestamping of all packets, this isn't supported by most nics[0m
[1;36m[Device: id=1] RX[0m: 0.0391 Mpps, 21.28 Mbit/s (27.54 Mbit/s with framing)
[0;34m[Device: id=0] TX[0m: 0.1509 Mpps, 91.74 Mbit/s (115.88 Mbit/s with framing)
[0;34m[Device: id=0] TX[0m: 0.1496 Mpps, 90.94 Mbit/s (114.88 Mbit/s with framing)
[1;36m[Device: id=1] RX[0m: 0.0403 Mpps, 21.95 Mbit/s (28.41 Mbit/s with framing)
[0;34m[Device: id=0] TX[0m: 0.1469 Mpps, 89.29 Mbit/s (112.79 Mbit/s with framing)
[1;36m[Device: id=1] RX[0m: 0.0452 Mpps, 24.57 Mbit/s (31.79 Mbit/s with framing)
[1;36m[Device: id=1] RX[0m: 0.0426 Mpps, 23.19 Mbit/s (30.01 Mbit/s with framing)
[0;34m[Device: id=0] TX[0m: 0.1489 Mpps, 90.52 Mbit/s (114.34 Mbit/s with framing)
[1;36m[Device: id=1] RX[0m: 0.0393 Mpps, 21.37 Mbit/s (27.66 Mbit/s with framing)
[0;34m[Device: id=0] TX[0m: 0.1544 Mpps, 93.89 Mbit/s (118.60 Mbit/s with framing)
[1;36m[Device: id=1] RX[0m: 0.0452 Mpps, 24.59 Mbit/s (31.82 Mbit/s with framing)
[0;34m[Device: id=0] TX[0m: 0.1486 Mpps, 90.37 Mbit/s (114.16 Mbit/s with framing)
[1;36m[Device: id=1] RX[0m: 0.1345 Mpps, 73.15 Mbit/s (94.66 Mbit/s with framing)
[0;34m[Device: id=0] TX[0m: 0.1494 Mpps, 90.84 Mbit/s (114.74 Mbit/s with framing)
[1;36m[Device: id=1] RX[0m: 0.1215 Mpps, 66.09 Mbit/s (85.52 Mbit/s with framing)
[0;34m[Device: id=0] TX[0m: 0.1489 Mpps, 90.55 Mbit/s (114.38 Mbit/s with framing)
[1;36m[Device: id=1] RX[0m: 0.1094 Mpps, 59.54 Mbit/s (77.05 Mbit/s with framing)
[0;34m[Device: id=0] TX[0m: 0.1261 Mpps, 76.68 Mbit/s (96.86 Mbit/s with framing)
[1;36m[Device: id=1] RX[0m: 0.1075 Mpps, 58.48 Mbit/s (75.68 Mbit/s with framing)
[0;34m[Device: id=0] TX[0m: 0.1667 Mpps, 101.34 Mbit/s (128.01 Mbit/s with framing)
[1;36m[Device: id=1] RX[0m: 0.0395 Mpps, 21.48 Mbit/s (27.79 Mbit/s with framing)
[0;34m[Device: id=0] TX[0m: 0.1275 Mpps, 77.53 Mbit/s (97.93 Mbit/s with framing)
[1;36m[Device: id=1] RX[0m: 0.0399 Mpps, 21.70 Mbit/s (28.08 Mbit/s with framing)
[0;34m[Device: id=0] TX[0m: 0.1788 Mpps, 108.69 Mbit/s (137.30 Mbit/s with framing)
[1;36m[Device: id=1] RX[0m: 0.0405 Mpps, 22.05 Mbit/s (28.53 Mbit/s with framing)
[0;34m[Device: id=0] TX[0m: 0.1504 Mpps, 91.47 Mbit/s (115.54 Mbit/s with framing)
[1;36m[Device: id=1] RX[0m: 0.0492 Mpps, 26.78 Mbit/s (34.66 Mbit/s with framing)
[0;34m[Device: id=0] TX[0m: 0.1451 Mpps, 88.22 Mbit/s (111.44 Mbit/s with framing)
[1;36m[Device: id=1] RX[0m: 0.0391 Mpps, 21.29 Mbit/s (27.55 Mbit/s with framing)
[0;34m[Device: id=0] TX[0m: 0.1535 Mpps, 93.30 Mbit/s (117.85 Mbit/s with framing)
[1;36m[Device: id=1] RX[0m: 0.0392 Mpps, 21.31 Mbit/s (27.58 Mbit/s with framing)
[0;34m[Device: id=0] TX[0m: 0.1458 Mpps, 88.62 Mbit/s (111.94 Mbit/s with framing)
[1;36m[Device: id=1] RX[0m: 0.0401 Mpps, 21.83 Mbit/s (28.25 Mbit/s with framing)
[0;34m[Device: id=0] TX[0m: 0.1593 Mpps, 96.84 Mbit/s (122.32 Mbit/s with framing)
[1;36m[Device: id=1] RX[0m: 0.0395 Mpps, 21.48 Mbit/s (27.79 Mbit/s with framing)
[0;34m[Device: id=0] TX[0m: 0.1298 Mpps, 78.89 Mbit/s (99.66 Mbit/s with framing)
[1;36m[Device: id=1] RX[0m: 0.0394 Mpps, 21.42 Mbit/s (27.73 Mbit/s with framing)
[0;34m[Device: id=0] TX[0m: 0.1695 Mpps, 103.08 Mbit/s (130.21 Mbit/s with framing)
[1;36m[Device: id=1] RX[0m: 0.0394 Mpps, 21.42 Mbit/s (27.72 Mbit/s with framing)
[0;34m[Device: id=0] TX[0m: 0.1173 Mpps, 71.29 Mbit/s (90.05 Mbit/s with framing)
[1;36m[Device: id=1] RX[0m: 0.0598 Mpps, 32.53 Mbit/s (42.09 Mbit/s with framing)
[0;34m[Device: id=0] TX[0m: 0.1820 Mpps, 110.69 Mbit/s (139.81 Mbit/s with framing)
[1;36m[Device: id=1] RX[0m: 0.0395 Mpps, 21.49 Mbit/s (27.80 Mbit/s with framing)
[0;34m[Device: id=0] TX[0m: 0.1502 Mpps, 91.33 Mbit/s (115.36 Mbit/s with framing)
[1;36m[Device: id=1] RX[0m: 0.0396 Mpps, 21.55 Mbit/s (27.89 Mbit/s with framing)
[0;34m[Device: id=0] TX[0m: 0.1492 Mpps, 90.70 Mbit/s (114.57 Mbit/s with framing)
[1;36m[Device: id=1] RX[0m: 0.0411 Mpps, 22.36 Mbit/s (28.94 Mbit/s with framing)
[0;34m[Device: id=0] TX[0m: 0.1478 Mpps, 89.87 Mbit/s (113.52 Mbit/s with framing)
[1;36m[Device: id=1] RX[0m: 0.0395 Mpps, 21.49 Mbit/s (27.81 Mbit/s with framing)
[0;34m[Device: id=0] TX[0m: 0.1444 Mpps, 87.78 Mbit/s (110.88 Mbit/s with framing)
[1;36m[Device: id=1] RX[0m: 0.0396 Mpps, 21.52 Mbit/s (27.84 Mbit/s with framing)
[0;34m[Device: id=0] TX[0m: 0.1520 Mpps, 92.41 Mbit/s (116.73 Mbit/s with framing)
[1;36m[Device: id=1] RX[0m: 0.0460 Mpps, 25.05 Mbit/s (32.42 Mbit/s with framing)
[0;34m[Device: id=0] TX[0m: 0.1544 Mpps, 93.87 Mbit/s (118.58 Mbit/s with framing)
[1;36m[Device: id=1] RX[0m: 0.0396 Mpps, 21.53 Mbit/s (27.86 Mbit/s with framing)
[0;34m[Device: id=0] TX[0m: 0.1538 Mpps, 93.52 Mbit/s (118.14 Mbit/s with framing)
[1;36m[Device: id=1] RX[0m: 0.0396 Mpps, 21.55 Mbit/s (27.89 Mbit/s with framing)
[0;34m[Device: id=0] TX[0m: 0.1494 Mpps, 90.81 Mbit/s (114.71 Mbit/s with framing)
36
[1;36m[Device: id=1] RX[0m: 0.0421 Mpps, 22.88 Mbit/s (29.61 Mbit/s with framing)
[0;34m[Device: id=0] TX[0m: 0.1351 Mpps, 82.12 Mbit/s (103.73 Mbit/s with framing)
[1;36m[Device: id=1] RX[0m: 0.0011 Mpps, 0.61 Mbit/s (0.79 Mbit/s with framing)
[0;34m[Device: id=0] TX[0m: 0.0000 Mpps, 0.00 Mbit/s (0.00 Mbit/s with framing)
4500000
[1;36m[Device: id=1] RX[0m: 0.0506 (StdDev 0.0286) Mpps, 27.54 (StdDev 16) Mbit/s (35.64 Mbit/s with framing), total 1557947 packets with 105940396 bytes (incl. CRC)
[0;34m[Device: id=0] TX[0m: 0.1445 (StdDev 0.0306) Mpps, 87.85 (StdDev 19) Mbit/s (110.97 Mbit/s with framing), total 4500000 packets with 342000000 bytes (incl. CRC)
