[1;37m[INFO]  Initializing DPDK. This will take a few seconds...[0m
EAL: Probing VFIO support...
EAL: WARNING: cpu flags constant_tsc=yes nonstop_tsc=no -> using unreliable clock cycles !
EAL: PCI device 0000:00:03.0 on NUMA socket -1
EAL:   Invalid NUMA socket, default to 0
EAL:   probe driver: 1af4:1000 net_virtio
EAL: PCI device 0000:00:04.0 on NUMA socket -1
EAL:   Invalid NUMA socket, default to 0
EAL:   probe driver: 1af4:1000 net_virtio
EAL: PCI device 0000:00:05.0 on NUMA socket -1
EAL:   Invalid NUMA socket, default to 0
EAL:   probe driver: 1af4:1000 net_virtio
[1;37m[INFO]  Found 2 usable devices:[0m
   Device 0: 52:54:00:F1:C8:E2 ([0;32mRed Hat, Inc Virtio network device[0m)
   Device 1: 52:54:00:26:66:19 ([0;32mRed Hat, Inc Virtio network device[0m)
[1;37m[INFO]  Waiting for devices to come up...[0m
[1;37m[INFO]  Device 1 (52:54:00:26:66:19) is up: 10000 MBit/s[0m
[1;37m[INFO]  Device 0 (52:54:00:F1:C8:E2) is up: 10000 MBit/s[0m
[1;37m[INFO]  [0;32m2 devices are up.[0m[0m
[1;37m[INFO]  Trying to enable rx timestamping of all packets, this isn't supported by most nics[0m
[0;34m[Device: id=0] TX[0m: 0.1804 Mpps, 109.69 Mbit/s (138.56 Mbit/s with framing)
[1;36m[Device: id=1] RX[0m: 0.0598 Mpps, 32.53 Mbit/s (42.10 Mbit/s with framing)
[0;34m[Device: id=0] TX[0m: 0.1806 Mpps, 109.80 Mbit/s (138.70 Mbit/s with framing)
[1;36m[Device: id=1] RX[0m: 0.0579 Mpps, 31.47 Mbit/s (40.73 Mbit/s with framing)
[0;34m[Device: id=0] TX[0m: 0.1801 Mpps, 109.53 Mbit/s (138.35 Mbit/s with framing)
[1;36m[Device: id=1] RX[0m: 0.0662 Mpps, 36.02 Mbit/s (46.62 Mbit/s with framing)
[0;34m[Device: id=0] TX[0m: 0.1800 Mpps, 109.44 Mbit/s (138.25 Mbit/s with framing)
[1;36m[Device: id=1] RX[0m: 0.0625 Mpps, 34.01 Mbit/s (44.01 Mbit/s with framing)
[0;34m[Device: id=0] TX[0m: 0.1800 Mpps, 109.42 Mbit/s (138.21 Mbit/s with framing)
[1;36m[Device: id=1] RX[0m: 0.0584 Mpps, 31.78 Mbit/s (41.13 Mbit/s with framing)
[0;34m[Device: id=0] TX[0m: 0.1800 Mpps, 109.46 Mbit/s (138.27 Mbit/s with framing)
[1;36m[Device: id=1] RX[0m: 0.0532 Mpps, 28.92 Mbit/s (37.43 Mbit/s with framing)
[0;34m[Device: id=0] TX[0m: 0.1801 Mpps, 109.48 Mbit/s (138.29 Mbit/s with framing)
[1;36m[Device: id=1] RX[0m: 0.0604 Mpps, 32.87 Mbit/s (42.54 Mbit/s with framing)
[0;34m[Device: id=0] TX[0m: 0.1800 Mpps, 109.45 Mbit/s (138.25 Mbit/s with framing)
[1;36m[Device: id=1] RX[0m: 0.0553 Mpps, 30.07 Mbit/s (38.92 Mbit/s with framing)
[0;34m[Device: id=0] TX[0m: 0.1798 Mpps, 109.35 Mbit/s (138.12 Mbit/s with framing)
[1;36m[Device: id=1] RX[0m: 0.0669 Mpps, 36.38 Mbit/s (47.09 Mbit/s with framing)
[0;34m[Device: id=0] TX[0m: 0.1739 Mpps, 105.73 Mbit/s (133.55 Mbit/s with framing)
[1;36m[Device: id=1] RX[0m: 0.0635 Mpps, 34.53 Mbit/s (44.69 Mbit/s with framing)
[0;34m[Device: id=0] TX[0m: 0.1848 Mpps, 112.34 Mbit/s (141.90 Mbit/s with framing)
[1;36m[Device: id=1] RX[0m: 0.1495 Mpps, 81.33 Mbit/s (105.25 Mbit/s with framing)
[0;34m[Device: id=0] TX[0m: 0.1677 Mpps, 101.97 Mbit/s (128.80 Mbit/s with framing)
[1;36m[Device: id=1] RX[0m: 0.1161 Mpps, 63.16 Mbit/s (81.74 Mbit/s with framing)
[1;36m[Device: id=1] RX[0m: 0.1515 Mpps, 82.43 Mbit/s (106.68 Mbit/s with framing)
[0;34m[Device: id=0] TX[0m: 0.1845 Mpps, 112.18 Mbit/s (141.70 Mbit/s with framing)
[1;36m[Device: id=1] RX[0m: 0.1281 Mpps, 69.70 Mbit/s (90.20 Mbit/s with framing)
[0;34m[Device: id=0] TX[0m: 0.1862 Mpps, 113.23 Mbit/s (143.03 Mbit/s with framing)
[1;36m[Device: id=1] RX[0m: 0.1277 Mpps, 69.46 Mbit/s (89.89 Mbit/s with framing)
[0;34m[Device: id=0] TX[0m: 0.1752 Mpps, 106.51 Mbit/s (134.53 Mbit/s with framing)
[1;36m[Device: id=1] RX[0m: 0.1064 Mpps, 57.91 Mbit/s (74.94 Mbit/s with framing)
[0;34m[Device: id=0] TX[0m: 0.1879 Mpps, 114.23 Mbit/s (144.30 Mbit/s with framing)
[1;36m[Device: id=1] RX[0m: 0.1105 Mpps, 60.11 Mbit/s (77.79 Mbit/s with framing)
[0;34m[Device: id=0] TX[0m: 0.1741 Mpps, 105.83 Mbit/s (133.67 Mbit/s with framing)
[1;36m[Device: id=1] RX[0m: 0.1201 Mpps, 65.31 Mbit/s (84.52 Mbit/s with framing)
[0;34m[Device: id=0] TX[0m: 0.1798 Mpps, 109.33 Mbit/s (138.10 Mbit/s with framing)
[1;36m[Device: id=1] RX[0m: 0.0986 Mpps, 53.65 Mbit/s (69.43 Mbit/s with framing)
[0;34m[Device: id=0] TX[0m: 0.1854 Mpps, 112.72 Mbit/s (142.39 Mbit/s with framing)
[1;36m[Device: id=1] RX[0m: 0.0628 Mpps, 34.14 Mbit/s (44.18 Mbit/s with framing)
[0;34m[Device: id=0] TX[0m: 0.1798 Mpps, 109.29 Mbit/s (138.05 Mbit/s with framing)
[1;36m[Device: id=1] RX[0m: 0.0629 Mpps, 34.21 Mbit/s (44.28 Mbit/s with framing)
[0;34m[Device: id=0] TX[0m: 0.1811 Mpps, 110.13 Mbit/s (139.11 Mbit/s with framing)
[1;36m[Device: id=1] RX[0m: 0.0717 Mpps, 39.02 Mbit/s (50.50 Mbit/s with framing)
[0;34m[Device: id=0] TX[0m: 0.1782 Mpps, 108.34 Mbit/s (136.85 Mbit/s with framing)
[1;36m[Device: id=1] RX[0m: 0.0713 Mpps, 38.81 Mbit/s (50.23 Mbit/s with framing)
[0;34m[Device: id=0] TX[0m: 0.1817 Mpps, 110.49 Mbit/s (139.57 Mbit/s with framing)
[1;36m[Device: id=1] RX[0m: 0.0834 Mpps, 45.37 Mbit/s (58.72 Mbit/s with framing)
[0;34m[Device: id=0] TX[0m: 0.1781 Mpps, 108.29 Mbit/s (136.78 Mbit/s with framing)
[1;36m[Device: id=1] RX[0m: 0.0951 Mpps, 51.72 Mbit/s (66.94 Mbit/s with framing)
[0;34m[Device: id=0] TX[0m: 0.1819 Mpps, 110.60 Mbit/s (139.71 Mbit/s with framing)
[1;36m[Device: id=1] RX[0m: 0.0678 Mpps, 36.88 Mbit/s (47.72 Mbit/s with framing)
[0;34m[Device: id=0] TX[0m: 0.1790 Mpps, 108.81 Mbit/s (137.45 Mbit/s with framing)
[1;36m[Device: id=1] RX[0m: 0.0657 Mpps, 35.75 Mbit/s (46.26 Mbit/s with framing)
[0;34m[Device: id=0] TX[0m: 0.1800 Mpps, 109.46 Mbit/s (138.26 Mbit/s with framing)
[1;36m[Device: id=1] RX[0m: 0.0685 Mpps, 37.28 Mbit/s (48.24 Mbit/s with framing)
[0;34m[Device: id=0] TX[0m: 0.1806 Mpps, 109.80 Mbit/s (138.70 Mbit/s with framing)
[1;36m[Device: id=1] RX[0m: 0.0818 Mpps, 44.48 Mbit/s (57.57 Mbit/s with framing)
[0;34m[Device: id=0] TX[0m: 0.1788 Mpps, 108.73 Mbit/s (137.35 Mbit/s with framing)
18
[1;36m[Device: id=1] RX[0m: 0.0766 Mpps, 41.66 Mbit/s (53.91 Mbit/s with framing)
[0;34m[Device: id=0] TX[0m: 0.1651 Mpps, 100.37 Mbit/s (126.78 Mbit/s with framing)
[1;36m[Device: id=1] RX[0m: 0.0000 Mpps, 0.00 Mbit/s (0.00 Mbit/s with framing)
[0;34m[Device: id=0] TX[0m: 0.0000 Mpps, 0.00 Mbit/s (0.00 Mbit/s with framing)
5400000
[1;36m[Device: id=1] RX[0m: 0.0820 (StdDev 0.0326) Mpps, 44.62 (StdDev 18) Mbit/s (57.74 Mbit/s with framing), total 2520235 packets with 171375980 bytes (incl. CRC)
[0;34m[Device: id=0] TX[0m: 0.1735 (StdDev 0.0331) Mpps, 105.48 (StdDev 20) Mbit/s (133.23 Mbit/s with framing), total 5400000 packets with 410400000 bytes (incl. CRC)
