[1;37m[INFO]  Initializing DPDK. This will take a few seconds...[0m
EAL: Probing VFIO support...
EAL: WARNING: cpu flags constant_tsc=yes nonstop_tsc=no -> using unreliable clock cycles !
EAL: PCI device 0000:00:03.0 on NUMA socket -1
EAL:   Invalid NUMA socket, default to 0
EAL:   probe driver: 1af4:1000 net_virtio
EAL: PCI device 0000:00:04.0 on NUMA socket -1
EAL:   Invalid NUMA socket, default to 0
EAL:   probe driver: 1af4:1000 net_virtio
EAL: PCI device 0000:00:05.0 on NUMA socket -1
EAL:   Invalid NUMA socket, default to 0
EAL:   probe driver: 1af4:1000 net_virtio
[1;37m[INFO]  Found 2 usable devices:[0m
   Device 0: 52:54:00:F1:C8:E2 ([0;32mRed Hat, Inc Virtio network device[0m)
   Device 1: 52:54:00:26:66:19 ([0;32mRed Hat, Inc Virtio network device[0m)
[1;37m[INFO]  Waiting for devices to come up...[0m
[1;37m[INFO]  Device 1 (52:54:00:26:66:19) is up: 10000 MBit/s[0m
[1;37m[INFO]  Device 0 (52:54:00:F1:C8:E2) is up: 10000 MBit/s[0m
[1;37m[INFO]  [0;32m2 devices are up.[0m[0m
[1;37m[INFO]  Trying to enable rx timestamping of all packets, this isn't supported by most nics[0m
[0;34m[Device: id=0] TX[0m: 0.1959 Mpps, 119.12 Mbit/s (150.46 Mbit/s with framing)
[1;36m[Device: id=1] RX[0m: 0.1884 Mpps, 102.47 Mbit/s (132.61 Mbit/s with framing)
[0;34m[Device: id=0] TX[0m: 0.2000 Mpps, 121.63 Mbit/s (153.64 Mbit/s with framing)
[1;36m[Device: id=1] RX[0m: 0.0693 Mpps, 37.69 Mbit/s (48.78 Mbit/s with framing)
[0;34m[Device: id=0] TX[0m: 0.2000 Mpps, 121.58 Mbit/s (153.58 Mbit/s with framing)
[1;36m[Device: id=1] RX[0m: 0.0600 Mpps, 32.62 Mbit/s (42.22 Mbit/s with framing)
[0;34m[Device: id=0] TX[0m: 0.2000 Mpps, 121.60 Mbit/s (153.60 Mbit/s with framing)
[1;36m[Device: id=1] RX[0m: 0.0756 Mpps, 41.13 Mbit/s (53.23 Mbit/s with framing)
[0;34m[Device: id=0] TX[0m: 0.2000 Mpps, 121.59 Mbit/s (153.59 Mbit/s with framing)
[1;36m[Device: id=1] RX[0m: 0.0696 Mpps, 37.85 Mbit/s (48.99 Mbit/s with framing)
[0;34m[Device: id=0] TX[0m: 0.2000 Mpps, 121.61 Mbit/s (153.62 Mbit/s with framing)
[1;36m[Device: id=1] RX[0m: 0.0706 Mpps, 38.39 Mbit/s (49.68 Mbit/s with framing)
[0;34m[Device: id=0] TX[0m: 0.2000 Mpps, 121.59 Mbit/s (153.58 Mbit/s with framing)
[1;36m[Device: id=1] RX[0m: 0.0781 Mpps, 42.51 Mbit/s (55.01 Mbit/s with framing)
[0;34m[Device: id=0] TX[0m: 0.2000 Mpps, 121.61 Mbit/s (153.62 Mbit/s with framing)
[1;36m[Device: id=1] RX[0m: 0.0660 Mpps, 35.92 Mbit/s (46.48 Mbit/s with framing)
[0;34m[Device: id=0] TX[0m: 0.2000 Mpps, 121.60 Mbit/s (153.60 Mbit/s with framing)
[1;36m[Device: id=1] RX[0m: 0.0745 Mpps, 40.51 Mbit/s (52.43 Mbit/s with framing)
[0;34m[Device: id=0] TX[0m: 0.2000 Mpps, 121.59 Mbit/s (153.59 Mbit/s with framing)
[1;36m[Device: id=1] RX[0m: 0.0835 Mpps, 45.41 Mbit/s (58.77 Mbit/s with framing)
[0;34m[Device: id=0] TX[0m: 0.2000 Mpps, 121.61 Mbit/s (153.61 Mbit/s with framing)
[1;36m[Device: id=1] RX[0m: 0.0499 Mpps, 27.13 Mbit/s (35.11 Mbit/s with framing)
[0;34m[Device: id=0] TX[0m: 0.2000 Mpps, 121.60 Mbit/s (153.60 Mbit/s with framing)
[1;36m[Device: id=1] RX[0m: 0.0780 Mpps, 42.44 Mbit/s (54.92 Mbit/s with framing)
[0;34m[Device: id=0] TX[0m: 0.2000 Mpps, 121.59 Mbit/s (153.58 Mbit/s with framing)
[1;36m[Device: id=1] RX[0m: 0.0770 Mpps, 41.87 Mbit/s (54.18 Mbit/s with framing)
[0;34m[Device: id=0] TX[0m: 0.2000 Mpps, 121.61 Mbit/s (153.61 Mbit/s with framing)
[1;36m[Device: id=1] RX[0m: 0.0537 Mpps, 29.21 Mbit/s (37.80 Mbit/s with framing)
[1;36m[Device: id=1] RX[0m: 0.0440 Mpps, 23.95 Mbit/s (31.00 Mbit/s with framing)
[0;34m[Device: id=0] TX[0m: 0.2000 Mpps, 121.60 Mbit/s (153.61 Mbit/s with framing)
[1;36m[Device: id=1] RX[0m: 0.0436 Mpps, 23.72 Mbit/s (30.70 Mbit/s with framing)
[0;34m[Device: id=0] TX[0m: 0.2000 Mpps, 121.60 Mbit/s (153.60 Mbit/s with framing)
[1;36m[Device: id=1] RX[0m: 0.0392 Mpps, 21.31 Mbit/s (27.58 Mbit/s with framing)
[0;34m[Device: id=0] TX[0m: 0.1954 Mpps, 118.80 Mbit/s (150.07 Mbit/s with framing)
[1;36m[Device: id=1] RX[0m: 0.0390 Mpps, 21.19 Mbit/s (27.43 Mbit/s with framing)
[0;34m[Device: id=0] TX[0m: 0.1878 Mpps, 114.21 Mbit/s (144.27 Mbit/s with framing)
[1;36m[Device: id=1] RX[0m: 0.0390 Mpps, 21.20 Mbit/s (27.44 Mbit/s with framing)
[0;34m[Device: id=0] TX[0m: 0.2076 Mpps, 126.20 Mbit/s (159.41 Mbit/s with framing)
[1;36m[Device: id=1] RX[0m: 0.0392 Mpps, 21.32 Mbit/s (27.59 Mbit/s with framing)
[0;34m[Device: id=0] TX[0m: 0.1977 Mpps, 120.21 Mbit/s (151.85 Mbit/s with framing)
[1;36m[Device: id=1] RX[0m: 0.0608 Mpps, 33.05 Mbit/s (42.77 Mbit/s with framing)
[0;34m[Device: id=0] TX[0m: 0.2076 Mpps, 126.25 Mbit/s (159.48 Mbit/s with framing)
[1;36m[Device: id=1] RX[0m: 0.0393 Mpps, 21.38 Mbit/s (27.66 Mbit/s with framing)
[0;34m[Device: id=0] TX[0m: 0.2013 Mpps, 122.41 Mbit/s (154.62 Mbit/s with framing)
[1;36m[Device: id=1] RX[0m: 0.0394 Mpps, 21.42 Mbit/s (27.72 Mbit/s with framing)
[0;34m[Device: id=0] TX[0m: 0.1952 Mpps, 118.71 Mbit/s (149.95 Mbit/s with framing)
[1;36m[Device: id=1] RX[0m: 0.0391 Mpps, 21.27 Mbit/s (27.53 Mbit/s with framing)
[0;34m[Device: id=0] TX[0m: 0.1815 Mpps, 110.35 Mbit/s (139.38 Mbit/s with framing)
[1;36m[Device: id=1] RX[0m: 0.0394 Mpps, 21.42 Mbit/s (27.72 Mbit/s with framing)
[0;34m[Device: id=0] TX[0m: 0.2051 Mpps, 124.68 Mbit/s (157.49 Mbit/s with framing)
[1;36m[Device: id=1] RX[0m: 0.0394 Mpps, 21.44 Mbit/s (27.74 Mbit/s with framing)
[0;34m[Device: id=0] TX[0m: 0.1784 Mpps, 108.49 Mbit/s (137.04 Mbit/s with framing)
[1;36m[Device: id=1] RX[0m: 0.0393 Mpps, 21.40 Mbit/s (27.69 Mbit/s with framing)
[0;34m[Device: id=0] TX[0m: 0.2297 Mpps, 139.64 Mbit/s (176.39 Mbit/s with framing)
[1;36m[Device: id=1] RX[0m: 0.0394 Mpps, 21.44 Mbit/s (27.74 Mbit/s with framing)
[0;34m[Device: id=0] TX[0m: 0.1950 Mpps, 118.56 Mbit/s (149.76 Mbit/s with framing)
[1;36m[Device: id=1] RX[0m: 0.0394 Mpps, 21.43 Mbit/s (27.74 Mbit/s with framing)
[0;34m[Device: id=0] TX[0m: 0.2142 Mpps, 130.25 Mbit/s (164.53 Mbit/s with framing)
6
[1;36m[Device: id=1] RX[0m: 0.0602 Mpps, 32.73 Mbit/s (42.35 Mbit/s with framing)
[0;34m[Device: id=0] TX[0m: 0.1968 Mpps, 119.66 Mbit/s (151.15 Mbit/s with framing)
[1;36m[Device: id=1] RX[0m: 0.0011 Mpps, 0.61 Mbit/s (0.78 Mbit/s with framing)
[0;34m[Device: id=0] TX[0m: 0.0000 Mpps, 0.00 Mbit/s (0.00 Mbit/s with framing)
6000000
[1;36m[Device: id=1] RX[0m: 0.0529 (StdDev 0.0186) Mpps, 28.77 (StdDev 10) Mbit/s (37.23 Mbit/s with framing), total 1774731 packets with 120681708 bytes (incl. CRC)
[0;34m[Device: id=0] TX[0m: 0.1931 (StdDev 0.0375) Mpps, 117.41 (StdDev 23) Mbit/s (148.31 Mbit/s with framing), total 6000000 packets with 456000000 bytes (incl. CRC)
