[1;37m[INFO]  Initializing DPDK. This will take a few seconds...[0m
EAL: Probing VFIO support...
EAL: WARNING: cpu flags constant_tsc=yes nonstop_tsc=no -> using unreliable clock cycles !
EAL: PCI device 0000:00:03.0 on NUMA socket -1
EAL:   Invalid NUMA socket, default to 0
EAL:   probe driver: 1af4:1000 net_virtio
EAL: PCI device 0000:00:04.0 on NUMA socket -1
EAL:   Invalid NUMA socket, default to 0
EAL:   probe driver: 1af4:1000 net_virtio
EAL: PCI device 0000:00:05.0 on NUMA socket -1
EAL:   Invalid NUMA socket, default to 0
EAL:   probe driver: 1af4:1000 net_virtio
[1;37m[INFO]  Found 2 usable devices:[0m
   Device 0: 52:54:00:F1:C8:E2 ([0;32mRed Hat, Inc Virtio network device[0m)
   Device 1: 52:54:00:26:66:19 ([0;32mRed Hat, Inc Virtio network device[0m)
[1;37m[INFO]  Waiting for devices to come up...[0m
[1;37m[INFO]  Device 1 (52:54:00:26:66:19) is up: 10000 MBit/s[0m
[1;37m[INFO]  Device 0 (52:54:00:F1:C8:E2) is up: 10000 MBit/s[0m
[1;37m[INFO]  [0;32m2 devices are up.[0m[0m
[1;37m[INFO]  Trying to enable rx timestamping of all packets, this isn't supported by most nics[0m
[0;34m[Device: id=0] TX[0m: 0.0775 Mpps, 47.12 Mbit/s (59.52 Mbit/s with framing)
[1;36m[Device: id=1] RX[0m: 0.0367 Mpps, 19.96 Mbit/s (25.83 Mbit/s with framing)
[0;34m[Device: id=0] TX[0m: 0.1218 Mpps, 74.03 Mbit/s (93.51 Mbit/s with framing)
[1;36m[Device: id=1] RX[0m: 0.0550 Mpps, 29.92 Mbit/s (38.72 Mbit/s with framing)
[0;34m[Device: id=0] TX[0m: 0.0994 Mpps, 60.42 Mbit/s (76.32 Mbit/s with framing)
[1;36m[Device: id=1] RX[0m: 0.0487 Mpps, 26.47 Mbit/s (34.25 Mbit/s with framing)
[0;34m[Device: id=0] TX[0m: 0.0995 Mpps, 60.52 Mbit/s (76.44 Mbit/s with framing)
[1;36m[Device: id=1] RX[0m: 0.0474 Mpps, 25.81 Mbit/s (33.40 Mbit/s with framing)
[0;34m[Device: id=0] TX[0m: 0.1013 Mpps, 61.59 Mbit/s (77.80 Mbit/s with framing)
[1;36m[Device: id=1] RX[0m: 0.0444 Mpps, 24.16 Mbit/s (31.27 Mbit/s with framing)
[0;34m[Device: id=0] TX[0m: 0.0999 Mpps, 60.71 Mbit/s (76.69 Mbit/s with framing)
[1;36m[Device: id=1] RX[0m: 0.0494 Mpps, 26.85 Mbit/s (34.75 Mbit/s with framing)
[0;34m[Device: id=0] TX[0m: 0.0993 Mpps, 60.35 Mbit/s (76.24 Mbit/s with framing)
[1;36m[Device: id=1] RX[0m: 0.0432 Mpps, 23.50 Mbit/s (30.41 Mbit/s with framing)
[1;36m[Device: id=1] RX[0m: 0.0426 Mpps, 23.19 Mbit/s (30.02 Mbit/s with framing)
[0;34m[Device: id=0] TX[0m: 0.1009 Mpps, 61.34 Mbit/s (77.48 Mbit/s with framing)
[1;36m[Device: id=1] RX[0m: 0.0448 Mpps, 24.39 Mbit/s (31.56 Mbit/s with framing)
[0;34m[Device: id=0] TX[0m: 0.1000 Mpps, 60.81 Mbit/s (76.82 Mbit/s with framing)
[1;36m[Device: id=1] RX[0m: 0.0474 Mpps, 25.79 Mbit/s (33.37 Mbit/s with framing)
[0;34m[Device: id=0] TX[0m: 0.0994 Mpps, 60.43 Mbit/s (76.33 Mbit/s with framing)
[1;36m[Device: id=1] RX[0m: 0.0407 Mpps, 22.15 Mbit/s (28.67 Mbit/s with framing)
[0;34m[Device: id=0] TX[0m: 0.1006 Mpps, 61.19 Mbit/s (77.29 Mbit/s with framing)
[1;36m[Device: id=1] RX[0m: 0.0468 Mpps, 25.44 Mbit/s (32.92 Mbit/s with framing)
[0;34m[Device: id=0] TX[0m: 0.0992 Mpps, 60.30 Mbit/s (76.17 Mbit/s with framing)
[1;36m[Device: id=1] RX[0m: 0.0441 Mpps, 23.98 Mbit/s (31.04 Mbit/s with framing)
[0;34m[Device: id=0] TX[0m: 0.1007 Mpps, 61.23 Mbit/s (77.34 Mbit/s with framing)
[1;36m[Device: id=1] RX[0m: 0.0513 Mpps, 27.91 Mbit/s (36.12 Mbit/s with framing)
[0;34m[Device: id=0] TX[0m: 0.0999 Mpps, 60.75 Mbit/s (76.73 Mbit/s with framing)
[1;36m[Device: id=1] RX[0m: 0.0483 Mpps, 26.28 Mbit/s (34.01 Mbit/s with framing)
[0;34m[Device: id=0] TX[0m: 0.0986 Mpps, 59.96 Mbit/s (75.74 Mbit/s with framing)
[1;36m[Device: id=1] RX[0m: 0.0482 Mpps, 26.22 Mbit/s (33.93 Mbit/s with framing)
[0;34m[Device: id=0] TX[0m: 0.1012 Mpps, 61.51 Mbit/s (77.70 Mbit/s with framing)
[1;36m[Device: id=1] RX[0m: 0.0456 Mpps, 24.81 Mbit/s (32.11 Mbit/s with framing)
[0;34m[Device: id=0] TX[0m: 0.1003 Mpps, 60.96 Mbit/s (77.00 Mbit/s with framing)
[1;36m[Device: id=1] RX[0m: 0.0450 Mpps, 24.50 Mbit/s (31.70 Mbit/s with framing)
[0;34m[Device: id=0] TX[0m: 0.1000 Mpps, 60.82 Mbit/s (76.83 Mbit/s with framing)
[1;36m[Device: id=1] RX[0m: 0.0468 Mpps, 25.45 Mbit/s (32.94 Mbit/s with framing)
[0;34m[Device: id=0] TX[0m: 0.0994 Mpps, 60.41 Mbit/s (76.31 Mbit/s with framing)
[1;36m[Device: id=1] RX[0m: 0.0479 Mpps, 26.06 Mbit/s (33.72 Mbit/s with framing)
[0;34m[Device: id=0] TX[0m: 0.0999 Mpps, 60.71 Mbit/s (76.69 Mbit/s with framing)
[1;36m[Device: id=1] RX[0m: 0.0431 Mpps, 23.43 Mbit/s (30.32 Mbit/s with framing)
[0;34m[Device: id=0] TX[0m: 0.1007 Mpps, 61.24 Mbit/s (77.35 Mbit/s with framing)
[1;36m[Device: id=1] RX[0m: 0.0459 Mpps, 24.98 Mbit/s (32.33 Mbit/s with framing)
[0;34m[Device: id=0] TX[0m: 0.0997 Mpps, 60.61 Mbit/s (76.57 Mbit/s with framing)
[1;36m[Device: id=1] RX[0m: 0.0480 Mpps, 26.12 Mbit/s (33.81 Mbit/s with framing)
[0;34m[Device: id=0] TX[0m: 0.0998 Mpps, 60.68 Mbit/s (76.65 Mbit/s with framing)
[1;36m[Device: id=1] RX[0m: 0.0393 Mpps, 21.40 Mbit/s (27.69 Mbit/s with framing)
[0;34m[Device: id=0] TX[0m: 0.1006 Mpps, 61.19 Mbit/s (77.29 Mbit/s with framing)
[1;36m[Device: id=1] RX[0m: 0.0407 Mpps, 22.16 Mbit/s (28.67 Mbit/s with framing)
[0;34m[Device: id=0] TX[0m: 0.0992 Mpps, 60.29 Mbit/s (76.15 Mbit/s with framing)
[1;36m[Device: id=1] RX[0m: 0.0395 Mpps, 21.48 Mbit/s (27.79 Mbit/s with framing)
[0;34m[Device: id=0] TX[0m: 0.1006 Mpps, 61.17 Mbit/s (77.27 Mbit/s with framing)
[1;36m[Device: id=1] RX[0m: 0.0395 Mpps, 21.50 Mbit/s (27.83 Mbit/s with framing)
[0;34m[Device: id=0] TX[0m: 0.1002 Mpps, 60.94 Mbit/s (76.97 Mbit/s with framing)
[1;36m[Device: id=1] RX[0m: 0.0394 Mpps, 21.42 Mbit/s (27.71 Mbit/s with framing)
[0;34m[Device: id=0] TX[0m: 0.0999 Mpps, 60.71 Mbit/s (76.69 Mbit/s with framing)
[1;36m[Device: id=1] RX[0m: 0.0395 Mpps, 21.51 Mbit/s (27.84 Mbit/s with framing)
[0;34m[Device: id=0] TX[0m: 0.0999 Mpps, 60.71 Mbit/s (76.69 Mbit/s with framing)
3
[1;36m[Device: id=1] RX[0m: 0.0404 Mpps, 21.99 Mbit/s (28.45 Mbit/s with framing)
[0;34m[Device: id=0] TX[0m: 0.0846 Mpps, 51.41 Mbit/s (64.94 Mbit/s with framing)
[1;36m[Device: id=1] RX[0m: 0.0000 Mpps, 0.00 Mbit/s (0.00 Mbit/s with framing)
[0;34m[Device: id=0] TX[0m: 0.0000 Mpps, 0.00 Mbit/s (0.00 Mbit/s with framing)
3000000
[1;36m[Device: id=1] RX[0m: 0.0434 (StdDev 0.0091) Mpps, 23.63 (StdDev 5) Mbit/s (30.58 Mbit/s with framing), total 1339777 packets with 91104836 bytes (incl. CRC)
[0;34m[Device: id=0] TX[0m: 0.0969 (StdDev 0.0190) Mpps, 58.90 (StdDev 12) Mbit/s (74.40 Mbit/s with framing), total 3000000 packets with 228000000 bytes (incl. CRC)
