[1;37m[INFO]  Initializing DPDK. This will take a few seconds...[0m
EAL: Probing VFIO support...
EAL: WARNING: cpu flags constant_tsc=yes nonstop_tsc=no -> using unreliable clock cycles !
EAL: PCI device 0000:00:03.0 on NUMA socket -1
EAL:   Invalid NUMA socket, default to 0
EAL:   probe driver: 1af4:1000 net_virtio
EAL: PCI device 0000:00:04.0 on NUMA socket -1
EAL:   Invalid NUMA socket, default to 0
EAL:   probe driver: 1af4:1000 net_virtio
EAL: PCI device 0000:00:05.0 on NUMA socket -1
EAL:   Invalid NUMA socket, default to 0
EAL:   probe driver: 1af4:1000 net_virtio
[1;37m[INFO]  Found 2 usable devices:[0m
   Device 0: 52:54:00:F1:C8:E2 ([0;32mRed Hat, Inc Virtio network device[0m)
   Device 1: 52:54:00:26:66:19 ([0;32mRed Hat, Inc Virtio network device[0m)
[1;37m[INFO]  Waiting for devices to come up...[0m
[1;37m[INFO]  Device 1 (52:54:00:26:66:19) is up: 10000 MBit/s[0m
[1;37m[INFO]  Device 0 (52:54:00:F1:C8:E2) is up: 10000 MBit/s[0m
[1;37m[INFO]  [0;32m2 devices are up.[0m[0m
[1;37m[INFO]  Trying to enable rx timestamping of all packets, this isn't supported by most nics[0m
[0;34m[Device: id=0] TX[0m: 0.1586 Mpps, 96.43 Mbit/s (121.80 Mbit/s with framing)
[1;36m[Device: id=1] RX[0m: 0.0410 Mpps, 22.32 Mbit/s (28.88 Mbit/s with framing)
[0;34m[Device: id=0] TX[0m: 0.1568 Mpps, 95.34 Mbit/s (120.43 Mbit/s with framing)
[1;36m[Device: id=1] RX[0m: 0.0416 Mpps, 22.62 Mbit/s (29.27 Mbit/s with framing)
[0;34m[Device: id=0] TX[0m: 0.1614 Mpps, 98.16 Mbit/s (123.99 Mbit/s with framing)
[1;36m[Device: id=1] RX[0m: 0.0396 Mpps, 21.56 Mbit/s (27.91 Mbit/s with framing)
[0;34m[Device: id=0] TX[0m: 0.1610 Mpps, 97.88 Mbit/s (123.64 Mbit/s with framing)
[1;36m[Device: id=1] RX[0m: 0.0397 Mpps, 21.59 Mbit/s (27.94 Mbit/s with framing)
[0;34m[Device: id=0] TX[0m: 0.1604 Mpps, 97.53 Mbit/s (123.19 Mbit/s with framing)
[1;36m[Device: id=1] RX[0m: 0.0455 Mpps, 24.75 Mbit/s (32.03 Mbit/s with framing)
[0;34m[Device: id=0] TX[0m: 0.1595 Mpps, 96.95 Mbit/s (122.46 Mbit/s with framing)
[1;36m[Device: id=1] RX[0m: 0.0398 Mpps, 21.63 Mbit/s (28.00 Mbit/s with framing)
[0;34m[Device: id=0] TX[0m: 0.1586 Mpps, 96.40 Mbit/s (121.77 Mbit/s with framing)
[1;36m[Device: id=1] RX[0m: 0.0431 Mpps, 23.42 Mbit/s (30.31 Mbit/s with framing)
[0;34m[Device: id=0] TX[0m: 0.1616 Mpps, 98.26 Mbit/s (124.12 Mbit/s with framing)
[1;36m[Device: id=1] RX[0m: 0.0398 Mpps, 21.63 Mbit/s (28.00 Mbit/s with framing)
[0;34m[Device: id=0] TX[0m: 0.1589 Mpps, 96.60 Mbit/s (122.02 Mbit/s with framing)
[1;36m[Device: id=1] RX[0m: 0.0397 Mpps, 21.59 Mbit/s (27.94 Mbit/s with framing)
[0;34m[Device: id=0] TX[0m: 0.1597 Mpps, 97.10 Mbit/s (122.65 Mbit/s with framing)
[1;36m[Device: id=1] RX[0m: 0.0396 Mpps, 21.57 Mbit/s (27.91 Mbit/s with framing)
[0;34m[Device: id=0] TX[0m: 0.1623 Mpps, 98.69 Mbit/s (124.66 Mbit/s with framing)
[1;36m[Device: id=1] RX[0m: 0.0397 Mpps, 21.58 Mbit/s (27.93 Mbit/s with framing)
[0;34m[Device: id=0] TX[0m: 0.1594 Mpps, 96.90 Mbit/s (122.41 Mbit/s with framing)
[1;36m[Device: id=1] RX[0m: 0.0397 Mpps, 21.58 Mbit/s (27.93 Mbit/s with framing)
[0;34m[Device: id=0] TX[0m: 0.1588 Mpps, 96.55 Mbit/s (121.96 Mbit/s with framing)
[1;36m[Device: id=1] RX[0m: 0.0453 Mpps, 24.63 Mbit/s (31.87 Mbit/s with framing)
[0;34m[Device: id=0] TX[0m: 0.1601 Mpps, 97.33 Mbit/s (122.95 Mbit/s with framing)
[1;36m[Device: id=1] RX[0m: 0.0416 Mpps, 22.61 Mbit/s (29.26 Mbit/s with framing)
[0;34m[Device: id=0] TX[0m: 0.1613 Mpps, 98.06 Mbit/s (123.86 Mbit/s with framing)
[1;36m[Device: id=1] RX[0m: 0.0410 Mpps, 22.33 Mbit/s (28.89 Mbit/s with framing)
[0;34m[Device: id=0] TX[0m: 0.1602 Mpps, 97.42 Mbit/s (123.05 Mbit/s with framing)
[1;36m[Device: id=1] RX[0m: 0.0413 Mpps, 22.47 Mbit/s (29.08 Mbit/s with framing)
[1;36m[Device: id=1] RX[0m: 0.0497 Mpps, 27.03 Mbit/s (34.98 Mbit/s with framing)
[0;34m[Device: id=0] TX[0m: 0.1597 Mpps, 97.09 Mbit/s (122.64 Mbit/s with framing)
[1;36m[Device: id=1] RX[0m: 0.0395 Mpps, 21.51 Mbit/s (27.84 Mbit/s with framing)
[0;34m[Device: id=0] TX[0m: 0.1606 Mpps, 97.64 Mbit/s (123.33 Mbit/s with framing)
[1;36m[Device: id=1] RX[0m: 0.0394 Mpps, 21.45 Mbit/s (27.76 Mbit/s with framing)
[0;34m[Device: id=0] TX[0m: 0.1592 Mpps, 96.82 Mbit/s (122.30 Mbit/s with framing)
[1;36m[Device: id=1] RX[0m: 0.0396 Mpps, 21.54 Mbit/s (27.87 Mbit/s with framing)
[0;34m[Device: id=0] TX[0m: 0.1597 Mpps, 97.08 Mbit/s (122.63 Mbit/s with framing)
[1;36m[Device: id=1] RX[0m: 0.0397 Mpps, 21.58 Mbit/s (27.92 Mbit/s with framing)
[0;34m[Device: id=0] TX[0m: 0.1611 Mpps, 97.92 Mbit/s (123.69 Mbit/s with framing)
[1;36m[Device: id=1] RX[0m: 0.0395 Mpps, 21.47 Mbit/s (27.79 Mbit/s with framing)
[0;34m[Device: id=0] TX[0m: 0.1587 Mpps, 96.51 Mbit/s (121.91 Mbit/s with framing)
[1;36m[Device: id=1] RX[0m: 0.0429 Mpps, 23.31 Mbit/s (30.17 Mbit/s with framing)
[0;34m[Device: id=0] TX[0m: 0.1615 Mpps, 98.22 Mbit/s (124.06 Mbit/s with framing)
[1;36m[Device: id=1] RX[0m: 0.0414 Mpps, 22.50 Mbit/s (29.11 Mbit/s with framing)
[0;34m[Device: id=0] TX[0m: 0.1580 Mpps, 96.05 Mbit/s (121.33 Mbit/s with framing)
[1;36m[Device: id=1] RX[0m: 0.0396 Mpps, 21.56 Mbit/s (27.91 Mbit/s with framing)
[0;34m[Device: id=0] TX[0m: 0.1615 Mpps, 98.22 Mbit/s (124.07 Mbit/s with framing)
[1;36m[Device: id=1] RX[0m: 0.0398 Mpps, 21.64 Mbit/s (28.00 Mbit/s with framing)
[0;34m[Device: id=0] TX[0m: 0.1590 Mpps, 96.64 Mbit/s (122.07 Mbit/s with framing)
[1;36m[Device: id=1] RX[0m: 0.0397 Mpps, 21.60 Mbit/s (27.95 Mbit/s with framing)
[0;34m[Device: id=0] TX[0m: 0.1589 Mpps, 96.59 Mbit/s (122.01 Mbit/s with framing)
[1;36m[Device: id=1] RX[0m: 0.0441 Mpps, 23.98 Mbit/s (31.03 Mbit/s with framing)
[0;34m[Device: id=0] TX[0m: 0.1593 Mpps, 96.86 Mbit/s (122.35 Mbit/s with framing)
[1;36m[Device: id=1] RX[0m: 0.0406 Mpps, 22.09 Mbit/s (28.59 Mbit/s with framing)
[0;34m[Device: id=0] TX[0m: 0.1630 Mpps, 99.11 Mbit/s (125.19 Mbit/s with framing)
30
[1;36m[Device: id=1] RX[0m: 0.0398 Mpps, 21.66 Mbit/s (28.03 Mbit/s with framing)
[0;34m[Device: id=0] TX[0m: 0.1537 Mpps, 93.46 Mbit/s (118.05 Mbit/s with framing)
[1;36m[Device: id=1] RX[0m: 0.0004 Mpps, 0.24 Mbit/s (0.30 Mbit/s with framing)
[0;34m[Device: id=0] TX[0m: 0.0000 Mpps, 0.00 Mbit/s (0.00 Mbit/s with framing)
4800000
[1;36m[Device: id=1] RX[0m: 0.0398 (StdDev 0.0078) Mpps, 21.62 (StdDev 4) Mbit/s (27.98 Mbit/s with framing), total 1233554 packets with 83881672 bytes (incl. CRC)
[0;34m[Device: id=0] TX[0m: 0.1545 (StdDev 0.0292) Mpps, 93.91 (StdDev 18) Mbit/s (118.63 Mbit/s with framing), total 4800000 packets with 364800000 bytes (incl. CRC)
