[1;37m[INFO]  Initializing DPDK. This will take a few seconds...[0m
EAL: Probing VFIO support...
EAL: WARNING: cpu flags constant_tsc=yes nonstop_tsc=no -> using unreliable clock cycles !
EAL: PCI device 0000:00:03.0 on NUMA socket -1
EAL:   Invalid NUMA socket, default to 0
EAL:   probe driver: 1af4:1000 net_virtio
EAL: PCI device 0000:00:04.0 on NUMA socket -1
EAL:   Invalid NUMA socket, default to 0
EAL:   probe driver: 1af4:1000 net_virtio
EAL: PCI device 0000:00:05.0 on NUMA socket -1
EAL:   Invalid NUMA socket, default to 0
EAL:   probe driver: 1af4:1000 net_virtio
[1;37m[INFO]  Found 2 usable devices:[0m
   Device 0: 52:54:00:F1:C8:E2 ([0;32mRed Hat, Inc Virtio network device[0m)
   Device 1: 52:54:00:26:66:19 ([0;32mRed Hat, Inc Virtio network device[0m)
[1;37m[INFO]  Waiting for devices to come up...[0m
[1;37m[INFO]  Device 1 (52:54:00:26:66:19) is up: 10000 MBit/s[0m
[1;37m[INFO]  Device 0 (52:54:00:F1:C8:E2) is up: 10000 MBit/s[0m
[1;37m[INFO]  [0;32m2 devices are up.[0m[0m
[1;37m[INFO]  Trying to enable rx timestamping of all packets, this isn't supported by most nics[0m
[1;36m[Device: id=1] RX[0m: 0.0390 Mpps, 21.24 Mbit/s (27.49 Mbit/s with framing)
[0;34m[Device: id=0] TX[0m: 0.2658 Mpps, 161.62 Mbit/s (204.15 Mbit/s with framing)
[0;34m[Device: id=0] TX[0m: 0.2806 Mpps, 170.61 Mbit/s (215.51 Mbit/s with framing)
[1;36m[Device: id=1] RX[0m: 0.0438 Mpps, 23.81 Mbit/s (30.82 Mbit/s with framing)
[0;34m[Device: id=0] TX[0m: 0.2675 Mpps, 162.65 Mbit/s (205.45 Mbit/s with framing)
[1;36m[Device: id=1] RX[0m: 0.0401 Mpps, 21.80 Mbit/s (28.21 Mbit/s with framing)
[1;36m[Device: id=1] RX[0m: 0.0397 Mpps, 21.58 Mbit/s (27.93 Mbit/s with framing)
[0;34m[Device: id=0] TX[0m: 0.2923 Mpps, 177.69 Mbit/s (224.45 Mbit/s with framing)
[1;36m[Device: id=1] RX[0m: 0.0398 Mpps, 21.62 Mbit/s (27.98 Mbit/s with framing)
[0;34m[Device: id=0] TX[0m: 0.2659 Mpps, 161.67 Mbit/s (204.21 Mbit/s with framing)
[1;36m[Device: id=1] RX[0m: 0.0469 Mpps, 25.49 Mbit/s (32.98 Mbit/s with framing)
[0;34m[Device: id=0] TX[0m: 0.2780 Mpps, 169.00 Mbit/s (213.47 Mbit/s with framing)
[1;36m[Device: id=1] RX[0m: 0.0396 Mpps, 21.55 Mbit/s (27.89 Mbit/s with framing)
[0;34m[Device: id=0] TX[0m: 0.2827 Mpps, 171.91 Mbit/s (217.15 Mbit/s with framing)
[1;36m[Device: id=1] RX[0m: 0.0399 Mpps, 21.73 Mbit/s (28.12 Mbit/s with framing)
[0;34m[Device: id=0] TX[0m: 0.3000 Mpps, 182.42 Mbit/s (230.43 Mbit/s with framing)
[1;36m[Device: id=1] RX[0m: 0.0406 Mpps, 22.10 Mbit/s (28.61 Mbit/s with framing)
[0;34m[Device: id=0] TX[0m: 0.2733 Mpps, 166.14 Mbit/s (209.87 Mbit/s with framing)
[1;36m[Device: id=1] RX[0m: 0.0427 Mpps, 23.22 Mbit/s (30.05 Mbit/s with framing)
[0;34m[Device: id=0] TX[0m: 0.2539 Mpps, 154.39 Mbit/s (195.02 Mbit/s with framing)
[1;36m[Device: id=1] RX[0m: 0.0404 Mpps, 21.96 Mbit/s (28.42 Mbit/s with framing)
[0;34m[Device: id=0] TX[0m: 0.3112 Mpps, 189.23 Mbit/s (239.02 Mbit/s with framing)
[1;36m[Device: id=1] RX[0m: 0.0405 Mpps, 22.04 Mbit/s (28.52 Mbit/s with framing)
[0;34m[Device: id=0] TX[0m: 0.2507 Mpps, 152.46 Mbit/s (192.58 Mbit/s with framing)
[1;36m[Device: id=1] RX[0m: 0.0406 Mpps, 22.10 Mbit/s (28.60 Mbit/s with framing)
[0;34m[Device: id=0] TX[0m: 0.3036 Mpps, 184.59 Mbit/s (233.16 Mbit/s with framing)
[1;36m[Device: id=1] RX[0m: 0.0398 Mpps, 21.64 Mbit/s (28.00 Mbit/s with framing)
[0;34m[Device: id=0] TX[0m: 0.2874 Mpps, 174.72 Mbit/s (220.70 Mbit/s with framing)
[1;36m[Device: id=1] RX[0m: 0.0399 Mpps, 21.69 Mbit/s (28.07 Mbit/s with framing)
[0;34m[Device: id=0] TX[0m: 0.2525 Mpps, 153.49 Mbit/s (193.89 Mbit/s with framing)
[1;36m[Device: id=1] RX[0m: 0.0405 Mpps, 22.01 Mbit/s (28.49 Mbit/s with framing)
[0;34m[Device: id=0] TX[0m: 0.2997 Mpps, 182.21 Mbit/s (230.16 Mbit/s with framing)
[1;36m[Device: id=1] RX[0m: 0.0413 Mpps, 22.45 Mbit/s (29.06 Mbit/s with framing)
[0;34m[Device: id=0] TX[0m: 0.2855 Mpps, 173.57 Mbit/s (219.24 Mbit/s with framing)
[1;36m[Device: id=1] RX[0m: 0.0406 Mpps, 22.07 Mbit/s (28.56 Mbit/s with framing)
[0;34m[Device: id=0] TX[0m: 0.2607 Mpps, 158.50 Mbit/s (200.21 Mbit/s with framing)
[1;36m[Device: id=1] RX[0m: 0.0401 Mpps, 21.83 Mbit/s (28.25 Mbit/s with framing)
[0;34m[Device: id=0] TX[0m: 0.3006 Mpps, 182.77 Mbit/s (230.87 Mbit/s with framing)
[1;36m[Device: id=1] RX[0m: 0.0404 Mpps, 21.96 Mbit/s (28.42 Mbit/s with framing)
[0;34m[Device: id=0] TX[0m: 0.2667 Mpps, 162.13 Mbit/s (204.79 Mbit/s with framing)
[1;36m[Device: id=1] RX[0m: 0.0626 Mpps, 34.04 Mbit/s (44.06 Mbit/s with framing)
[0;34m[Device: id=0] TX[0m: 0.2904 Mpps, 176.56 Mbit/s (223.02 Mbit/s with framing)
[1;36m[Device: id=1] RX[0m: 0.0397 Mpps, 21.62 Mbit/s (27.98 Mbit/s with framing)
[0;34m[Device: id=0] TX[0m: 0.2759 Mpps, 167.78 Mbit/s (211.93 Mbit/s with framing)
[1;36m[Device: id=1] RX[0m: 0.0407 Mpps, 22.15 Mbit/s (28.66 Mbit/s with framing)
[0;34m[Device: id=0] TX[0m: 0.2681 Mpps, 163.03 Mbit/s (205.94 Mbit/s with framing)
[1;36m[Device: id=1] RX[0m: 0.0397 Mpps, 21.61 Mbit/s (27.97 Mbit/s with framing)
[0;34m[Device: id=0] TX[0m: 0.2982 Mpps, 181.33 Mbit/s (229.05 Mbit/s with framing)
[1;36m[Device: id=1] RX[0m: 0.0397 Mpps, 21.62 Mbit/s (27.98 Mbit/s with framing)
[0;34m[Device: id=0] TX[0m: 0.2820 Mpps, 171.48 Mbit/s (216.61 Mbit/s with framing)
[1;36m[Device: id=1] RX[0m: 0.0399 Mpps, 21.70 Mbit/s (28.08 Mbit/s with framing)
[0;34m[Device: id=0] TX[0m: 0.2775 Mpps, 168.69 Mbit/s (213.08 Mbit/s with framing)
[1;36m[Device: id=1] RX[0m: 0.0395 Mpps, 21.50 Mbit/s (27.82 Mbit/s with framing)
[0;34m[Device: id=0] TX[0m: 0.2810 Mpps, 170.86 Mbit/s (215.83 Mbit/s with framing)
[1;36m[Device: id=1] RX[0m: 0.0649 Mpps, 35.29 Mbit/s (45.67 Mbit/s with framing)
[0;34m[Device: id=0] TX[0m: 0.2497 Mpps, 151.83 Mbit/s (191.78 Mbit/s with framing)
[1;36m[Device: id=1] RX[0m: 0.0396 Mpps, 21.53 Mbit/s (27.86 Mbit/s with framing)
[0;34m[Device: id=0] TX[0m: 0.2945 Mpps, 179.04 Mbit/s (226.15 Mbit/s with framing)
[1;36m[Device: id=1] RX[0m: 0.0396 Mpps, 21.56 Mbit/s (27.90 Mbit/s with framing)
21
[0;34m[Device: id=0] TX[0m: 0.2732 Mpps, 166.10 Mbit/s (209.81 Mbit/s with framing)
[1;36m[Device: id=1] RX[0m: 0.0036 Mpps, 1.96 Mbit/s (2.53 Mbit/s with framing)
[0;34m[Device: id=0] TX[0m: 0.0000 Mpps, 0.00 Mbit/s (0.00 Mbit/s with framing)
8400000
[1;36m[Device: id=1] RX[0m: 0.0409 (StdDev 0.0093) Mpps, 22.24 (StdDev 5) Mbit/s (28.78 Mbit/s with framing), total 1265628 packets with 86062704 bytes (incl. CRC)
[0;34m[Device: id=0] TX[0m: 0.2701 (StdDev 0.0537) Mpps, 164.23 (StdDev 33) Mbit/s (207.45 Mbit/s with framing), total 8400000 packets with 638400000 bytes (incl. CRC)
