[1;37m[INFO]  Initializing DPDK. This will take a few seconds...[0m
EAL: Probing VFIO support...
EAL: WARNING: cpu flags constant_tsc=yes nonstop_tsc=no -> using unreliable clock cycles !
EAL: PCI device 0000:00:03.0 on NUMA socket -1
EAL:   Invalid NUMA socket, default to 0
EAL:   probe driver: 1af4:1000 net_virtio
EAL: PCI device 0000:00:04.0 on NUMA socket -1
EAL:   Invalid NUMA socket, default to 0
EAL:   probe driver: 1af4:1000 net_virtio
EAL: PCI device 0000:00:05.0 on NUMA socket -1
EAL:   Invalid NUMA socket, default to 0
EAL:   probe driver: 1af4:1000 net_virtio
[1;37m[INFO]  Found 2 usable devices:[0m
   Device 0: 52:54:00:F1:C8:E2 ([0;32mRed Hat, Inc Virtio network device[0m)
   Device 1: 52:54:00:26:66:19 ([0;32mRed Hat, Inc Virtio network device[0m)
[1;37m[INFO]  Waiting for devices to come up...[0m
[1;37m[INFO]  Device 1 (52:54:00:26:66:19) is up: 10000 MBit/s[0m
[1;37m[INFO]  Device 0 (52:54:00:F1:C8:E2) is up: 10000 MBit/s[0m
[1;37m[INFO]  [0;32m2 devices are up.[0m[0m
[1;37m[INFO]  Trying to enable rx timestamping of all packets, this isn't supported by most nics[0m
[1;36m[Device: id=1] RX[0m: 0.0324 Mpps, 17.62 Mbit/s (22.80 Mbit/s with framing)
[0;34m[Device: id=0] TX[0m: 0.2094 Mpps, 127.33 Mbit/s (160.83 Mbit/s with framing)
[0;34m[Device: id=0] TX[0m: 0.2470 Mpps, 150.17 Mbit/s (189.68 Mbit/s with framing)
[1;36m[Device: id=1] RX[0m: 0.0467 Mpps, 25.43 Mbit/s (32.91 Mbit/s with framing)
[0;34m[Device: id=0] TX[0m: 0.2352 Mpps, 143.02 Mbit/s (180.65 Mbit/s with framing)
[1;36m[Device: id=1] RX[0m: 0.0560 Mpps, 30.44 Mbit/s (39.39 Mbit/s with framing)
[0;34m[Device: id=0] TX[0m: 0.2292 Mpps, 139.35 Mbit/s (176.02 Mbit/s with framing)
[1;36m[Device: id=1] RX[0m: 0.0418 Mpps, 22.74 Mbit/s (29.43 Mbit/s with framing)
[0;34m[Device: id=0] TX[0m: 0.2274 Mpps, 138.28 Mbit/s (174.67 Mbit/s with framing)
[1;36m[Device: id=1] RX[0m: 0.0466 Mpps, 25.33 Mbit/s (32.77 Mbit/s with framing)
[1;36m[Device: id=1] RX[0m: 0.0473 Mpps, 25.73 Mbit/s (33.30 Mbit/s with framing)
[0;34m[Device: id=0] TX[0m: 0.2322 Mpps, 141.19 Mbit/s (178.34 Mbit/s with framing)
[1;36m[Device: id=1] RX[0m: 0.0457 Mpps, 24.86 Mbit/s (32.17 Mbit/s with framing)
[0;34m[Device: id=0] TX[0m: 0.2262 Mpps, 137.51 Mbit/s (173.69 Mbit/s with framing)
[1;36m[Device: id=1] RX[0m: 0.0456 Mpps, 24.80 Mbit/s (32.09 Mbit/s with framing)
[0;34m[Device: id=0] TX[0m: 0.2353 Mpps, 143.07 Mbit/s (180.72 Mbit/s with framing)
[1;36m[Device: id=1] RX[0m: 0.0477 Mpps, 25.95 Mbit/s (33.58 Mbit/s with framing)
[0;34m[Device: id=0] TX[0m: 0.2281 Mpps, 138.66 Mbit/s (175.15 Mbit/s with framing)
[1;36m[Device: id=1] RX[0m: 0.0550 Mpps, 29.92 Mbit/s (38.72 Mbit/s with framing)
[0;34m[Device: id=0] TX[0m: 0.2305 Mpps, 140.14 Mbit/s (177.02 Mbit/s with framing)
[1;36m[Device: id=1] RX[0m: 0.0385 Mpps, 20.95 Mbit/s (27.11 Mbit/s with framing)
[0;34m[Device: id=0] TX[0m: 0.2313 Mpps, 140.62 Mbit/s (177.63 Mbit/s with framing)
[1;36m[Device: id=1] RX[0m: 0.0435 Mpps, 23.67 Mbit/s (30.64 Mbit/s with framing)
[0;34m[Device: id=0] TX[0m: 0.2303 Mpps, 140.03 Mbit/s (176.88 Mbit/s with framing)
[1;36m[Device: id=1] RX[0m: 0.0439 Mpps, 23.86 Mbit/s (30.88 Mbit/s with framing)
[0;34m[Device: id=0] TX[0m: 0.2291 Mpps, 139.30 Mbit/s (175.96 Mbit/s with framing)
[1;36m[Device: id=1] RX[0m: 0.0399 Mpps, 21.69 Mbit/s (28.07 Mbit/s with framing)
[0;34m[Device: id=0] TX[0m: 0.2306 Mpps, 140.22 Mbit/s (177.13 Mbit/s with framing)
[1;36m[Device: id=1] RX[0m: 0.0501 Mpps, 27.26 Mbit/s (35.27 Mbit/s with framing)
[0;34m[Device: id=0] TX[0m: 0.2288 Mpps, 139.14 Mbit/s (175.75 Mbit/s with framing)
[1;36m[Device: id=1] RX[0m: 0.0390 Mpps, 21.22 Mbit/s (27.46 Mbit/s with framing)
[0;34m[Device: id=0] TX[0m: 0.2317 Mpps, 140.87 Mbit/s (177.94 Mbit/s with framing)
[1;36m[Device: id=1] RX[0m: 0.0422 Mpps, 22.95 Mbit/s (29.70 Mbit/s with framing)
[0;34m[Device: id=0] TX[0m: 0.2241 Mpps, 136.23 Mbit/s (172.09 Mbit/s with framing)
[1;36m[Device: id=1] RX[0m: 0.0390 Mpps, 21.22 Mbit/s (27.46 Mbit/s with framing)
[0;34m[Device: id=0] TX[0m: 0.2327 Mpps, 141.50 Mbit/s (178.73 Mbit/s with framing)
[1;36m[Device: id=1] RX[0m: 0.0499 Mpps, 27.12 Mbit/s (35.10 Mbit/s with framing)
[0;34m[Device: id=0] TX[0m: 0.2307 Mpps, 140.29 Mbit/s (177.20 Mbit/s with framing)
[1;36m[Device: id=1] RX[0m: 0.0460 Mpps, 25.04 Mbit/s (32.40 Mbit/s with framing)
[0;34m[Device: id=0] TX[0m: 0.1888 Mpps, 114.80 Mbit/s (145.01 Mbit/s with framing)
[1;36m[Device: id=1] RX[0m: 0.0577 Mpps, 31.39 Mbit/s (40.62 Mbit/s with framing)
[0;34m[Device: id=0] TX[0m: 0.2574 Mpps, 156.48 Mbit/s (197.66 Mbit/s with framing)
[1;36m[Device: id=1] RX[0m: 0.0412 Mpps, 22.40 Mbit/s (28.99 Mbit/s with framing)
[0;34m[Device: id=0] TX[0m: 0.2340 Mpps, 142.28 Mbit/s (179.73 Mbit/s with framing)
[1;36m[Device: id=1] RX[0m: 0.0845 Mpps, 45.97 Mbit/s (59.49 Mbit/s with framing)
[0;34m[Device: id=0] TX[0m: 0.2369 Mpps, 144.01 Mbit/s (181.91 Mbit/s with framing)
[1;36m[Device: id=1] RX[0m: 0.0700 Mpps, 38.07 Mbit/s (49.26 Mbit/s with framing)
[0;34m[Device: id=0] TX[0m: 0.2317 Mpps, 140.85 Mbit/s (177.92 Mbit/s with framing)
[1;36m[Device: id=1] RX[0m: 0.0485 Mpps, 26.38 Mbit/s (34.14 Mbit/s with framing)
[0;34m[Device: id=0] TX[0m: 0.2201 Mpps, 133.81 Mbit/s (169.02 Mbit/s with framing)
[1;36m[Device: id=1] RX[0m: 0.0740 Mpps, 40.27 Mbit/s (52.12 Mbit/s with framing)
[0;34m[Device: id=0] TX[0m: 0.2414 Mpps, 146.78 Mbit/s (185.40 Mbit/s with framing)
[1;36m[Device: id=1] RX[0m: 0.0868 Mpps, 47.23 Mbit/s (61.11 Mbit/s with framing)
[0;34m[Device: id=0] TX[0m: 0.2254 Mpps, 137.04 Mbit/s (173.11 Mbit/s with framing)
[1;36m[Device: id=1] RX[0m: 0.0930 Mpps, 50.61 Mbit/s (65.50 Mbit/s with framing)
[0;34m[Device: id=0] TX[0m: 0.2273 Mpps, 138.22 Mbit/s (174.59 Mbit/s with framing)
[1;36m[Device: id=1] RX[0m: 0.0909 Mpps, 49.45 Mbit/s (64.00 Mbit/s with framing)
[0;34m[Device: id=0] TX[0m: 0.2394 Mpps, 145.57 Mbit/s (183.87 Mbit/s with framing)
[1;36m[Device: id=1] RX[0m: 0.0641 Mpps, 34.90 Mbit/s (45.16 Mbit/s with framing)
[0;34m[Device: id=0] TX[0m: 0.2158 Mpps, 131.18 Mbit/s (165.70 Mbit/s with framing)
51
[1;36m[Device: id=1] RX[0m: 0.0047 Mpps, 2.55 Mbit/s (3.30 Mbit/s with framing)
[0;34m[Device: id=0] TX[0m: 0.0029 Mpps, 1.75 Mbit/s (2.22 Mbit/s with framing)
6900000
[1;36m[Device: id=1] RX[0m: 0.0527 (StdDev 0.0186) Mpps, 28.65 (StdDev 10) Mbit/s (37.07 Mbit/s with framing), total 1612169 packets with 109627492 bytes (incl. CRC)
[0;34m[Device: id=0] TX[0m: 0.2227 (StdDev 0.0429) Mpps, 135.41 (StdDev 26) Mbit/s (171.05 Mbit/s with framing), total 6900000 packets with 524400000 bytes (incl. CRC)
