[1;37m[INFO]  Initializing DPDK. This will take a few seconds...[0m
EAL: Probing VFIO support...
EAL: WARNING: cpu flags constant_tsc=yes nonstop_tsc=no -> using unreliable clock cycles !
EAL: PCI device 0000:00:03.0 on NUMA socket -1
EAL:   Invalid NUMA socket, default to 0
EAL:   probe driver: 1af4:1000 net_virtio
EAL: PCI device 0000:00:04.0 on NUMA socket -1
EAL:   Invalid NUMA socket, default to 0
EAL:   probe driver: 1af4:1000 net_virtio
EAL: PCI device 0000:00:05.0 on NUMA socket -1
EAL:   Invalid NUMA socket, default to 0
EAL:   probe driver: 1af4:1000 net_virtio
[1;37m[INFO]  Found 2 usable devices:[0m
   Device 0: 52:54:00:F1:C8:E2 ([0;32mRed Hat, Inc Virtio network device[0m)
   Device 1: 52:54:00:26:66:19 ([0;32mRed Hat, Inc Virtio network device[0m)
[1;37m[INFO]  Waiting for devices to come up...[0m
[1;37m[INFO]  Device 1 (52:54:00:26:66:19) is up: 10000 MBit/s[0m
[1;37m[INFO]  Device 0 (52:54:00:F1:C8:E2) is up: 10000 MBit/s[0m
[1;37m[INFO]  [0;32m2 devices are up.[0m[0m
[1;37m[INFO]  Trying to enable rx timestamping of all packets, this isn't supported by most nics[0m
[0;34m[Device: id=0] TX[0m: 0.2055 Mpps, 124.94 Mbit/s (157.82 Mbit/s with framing)
[1;36m[Device: id=1] RX[0m: 0.0483 Mpps, 26.29 Mbit/s (34.02 Mbit/s with framing)
[0;34m[Device: id=0] TX[0m: 0.2098 Mpps, 127.55 Mbit/s (161.11 Mbit/s with framing)
[1;36m[Device: id=1] RX[0m: 0.0414 Mpps, 22.54 Mbit/s (29.17 Mbit/s with framing)
[0;34m[Device: id=0] TX[0m: 0.2104 Mpps, 127.92 Mbit/s (161.59 Mbit/s with framing)
[1;36m[Device: id=1] RX[0m: 0.0406 Mpps, 22.10 Mbit/s (28.59 Mbit/s with framing)
[0;34m[Device: id=0] TX[0m: 0.2100 Mpps, 127.68 Mbit/s (161.28 Mbit/s with framing)
[1;36m[Device: id=1] RX[0m: 0.0401 Mpps, 21.80 Mbit/s (28.21 Mbit/s with framing)
[0;34m[Device: id=0] TX[0m: 0.2100 Mpps, 127.69 Mbit/s (161.29 Mbit/s with framing)
[1;36m[Device: id=1] RX[0m: 0.0400 Mpps, 21.79 Mbit/s (28.19 Mbit/s with framing)
[0;34m[Device: id=0] TX[0m: 0.2102 Mpps, 127.81 Mbit/s (161.45 Mbit/s with framing)
[1;36m[Device: id=1] RX[0m: 0.0398 Mpps, 21.66 Mbit/s (28.03 Mbit/s with framing)
[0;34m[Device: id=0] TX[0m: 0.2099 Mpps, 127.62 Mbit/s (161.20 Mbit/s with framing)
[1;36m[Device: id=1] RX[0m: 0.0399 Mpps, 21.70 Mbit/s (28.08 Mbit/s with framing)
[0;34m[Device: id=0] TX[0m: 0.2100 Mpps, 127.68 Mbit/s (161.28 Mbit/s with framing)
[1;36m[Device: id=1] RX[0m: 0.0400 Mpps, 21.77 Mbit/s (28.17 Mbit/s with framing)
[0;34m[Device: id=0] TX[0m: 0.2100 Mpps, 127.70 Mbit/s (161.31 Mbit/s with framing)
[1;36m[Device: id=1] RX[0m: 0.0400 Mpps, 21.74 Mbit/s (28.13 Mbit/s with framing)
[0;34m[Device: id=0] TX[0m: 0.2101 Mpps, 127.72 Mbit/s (161.33 Mbit/s with framing)
[1;36m[Device: id=1] RX[0m: 0.0398 Mpps, 21.65 Mbit/s (28.01 Mbit/s with framing)
[0;34m[Device: id=0] TX[0m: 0.2089 Mpps, 127.00 Mbit/s (160.42 Mbit/s with framing)
[1;36m[Device: id=1] RX[0m: 0.0395 Mpps, 21.49 Mbit/s (27.81 Mbit/s with framing)
[0;34m[Device: id=0] TX[0m: 0.1133 Mpps, 68.91 Mbit/s (87.04 Mbit/s with framing)
[1;36m[Device: id=1] RX[0m: 0.0392 Mpps, 21.35 Mbit/s (27.63 Mbit/s with framing)
[0;34m[Device: id=0] TX[0m: 0.2994 Mpps, 182.01 Mbit/s (229.90 Mbit/s with framing)
[1;36m[Device: id=1] RX[0m: 0.0396 Mpps, 21.56 Mbit/s (27.90 Mbit/s with framing)
[0;34m[Device: id=0] TX[0m: 0.1327 Mpps, 80.66 Mbit/s (101.89 Mbit/s with framing)
[1;36m[Device: id=1] RX[0m: 0.0397 Mpps, 21.60 Mbit/s (27.96 Mbit/s with framing)
[0;34m[Device: id=0] TX[0m: 0.2889 Mpps, 175.65 Mbit/s (221.87 Mbit/s with framing)
[1;36m[Device: id=1] RX[0m: 0.0396 Mpps, 21.53 Mbit/s (27.86 Mbit/s with framing)
[0;34m[Device: id=0] TX[0m: 0.1817 Mpps, 110.46 Mbit/s (139.53 Mbit/s with framing)
[1;36m[Device: id=1] RX[0m: 0.0396 Mpps, 21.54 Mbit/s (27.88 Mbit/s with framing)
[0;34m[Device: id=0] TX[0m: 0.2201 Mpps, 133.84 Mbit/s (169.07 Mbit/s with framing)
[1;36m[Device: id=1] RX[0m: 0.0396 Mpps, 21.57 Mbit/s (27.91 Mbit/s with framing)
[0;34m[Device: id=0] TX[0m: 0.2175 Mpps, 132.26 Mbit/s (167.07 Mbit/s with framing)
[1;36m[Device: id=1] RX[0m: 0.0399 Mpps, 21.70 Mbit/s (28.09 Mbit/s with framing)
[0;34m[Device: id=0] TX[0m: 0.1487 Mpps, 90.41 Mbit/s (114.20 Mbit/s with framing)
[1;36m[Device: id=1] RX[0m: 0.0397 Mpps, 21.58 Mbit/s (27.93 Mbit/s with framing)
[1;36m[Device: id=1] RX[0m: 0.0393 Mpps, 21.39 Mbit/s (27.68 Mbit/s with framing)
[0;34m[Device: id=0] TX[0m: 0.2652 Mpps, 161.22 Mbit/s (203.65 Mbit/s with framing)
[1;36m[Device: id=1] RX[0m: 0.0389 Mpps, 21.14 Mbit/s (27.36 Mbit/s with framing)
[0;34m[Device: id=0] TX[0m: 0.2263 Mpps, 137.56 Mbit/s (173.76 Mbit/s with framing)
[1;36m[Device: id=1] RX[0m: 0.0390 Mpps, 21.24 Mbit/s (27.49 Mbit/s with framing)
[0;34m[Device: id=0] TX[0m: 0.1937 Mpps, 117.76 Mbit/s (148.75 Mbit/s with framing)
[1;36m[Device: id=1] RX[0m: 0.0639 Mpps, 34.75 Mbit/s (44.96 Mbit/s with framing)
[0;34m[Device: id=0] TX[0m: 0.2313 Mpps, 140.66 Mbit/s (177.67 Mbit/s with framing)
[1;36m[Device: id=1] RX[0m: 0.0392 Mpps, 21.31 Mbit/s (27.58 Mbit/s with framing)
[0;34m[Device: id=0] TX[0m: 0.2102 Mpps, 127.77 Mbit/s (161.40 Mbit/s with framing)
[1;36m[Device: id=1] RX[0m: 0.0391 Mpps, 21.27 Mbit/s (27.52 Mbit/s with framing)
[0;34m[Device: id=0] TX[0m: 0.1982 Mpps, 120.49 Mbit/s (152.19 Mbit/s with framing)
[1;36m[Device: id=1] RX[0m: 0.0390 Mpps, 21.21 Mbit/s (27.45 Mbit/s with framing)
[0;34m[Device: id=0] TX[0m: 0.2189 Mpps, 133.11 Mbit/s (168.13 Mbit/s with framing)
[1;36m[Device: id=1] RX[0m: 0.1011 Mpps, 54.97 Mbit/s (71.14 Mbit/s with framing)
[0;34m[Device: id=0] TX[0m: 0.2014 Mpps, 122.45 Mbit/s (154.67 Mbit/s with framing)
[1;36m[Device: id=1] RX[0m: 0.0387 Mpps, 21.05 Mbit/s (27.25 Mbit/s with framing)
[0;34m[Device: id=0] TX[0m: 0.1908 Mpps, 116.03 Mbit/s (146.56 Mbit/s with framing)
[1;36m[Device: id=1] RX[0m: 0.0391 Mpps, 21.24 Mbit/s (27.49 Mbit/s with framing)
[0;34m[Device: id=0] TX[0m: 0.1959 Mpps, 119.12 Mbit/s (150.46 Mbit/s with framing)
63
[1;36m[Device: id=1] RX[0m: 0.0388 Mpps, 21.08 Mbit/s (27.28 Mbit/s with framing)
[0;34m[Device: id=0] TX[0m: 0.2464 Mpps, 149.79 Mbit/s (189.21 Mbit/s with framing)
[1;36m[Device: id=1] RX[0m: 0.0005 Mpps, 0.25 Mbit/s (0.32 Mbit/s with framing)
[0;34m[Device: id=0] TX[0m: 0.0000 Mpps, 0.00 Mbit/s (0.00 Mbit/s with framing)
6300000
[1;36m[Device: id=1] RX[0m: 0.0412 (StdDev 0.0142) Mpps, 22.39 (StdDev 8) Mbit/s (28.97 Mbit/s with framing), total 1282842 packets with 87233256 bytes (incl. CRC)
[0;34m[Device: id=0] TX[0m: 0.2027 (StdDev 0.0535) Mpps, 123.22 (StdDev 33) Mbit/s (155.64 Mbit/s with framing), total 6300000 packets with 478800000 bytes (incl. CRC)
