[1;37m[INFO]  Initializing DPDK. This will take a few seconds...[0m
EAL: Probing VFIO support...
EAL: WARNING: cpu flags constant_tsc=yes nonstop_tsc=no -> using unreliable clock cycles !
EAL: PCI device 0000:00:03.0 on NUMA socket -1
EAL:   Invalid NUMA socket, default to 0
EAL:   probe driver: 1af4:1000 net_virtio
EAL: PCI device 0000:00:04.0 on NUMA socket -1
EAL:   Invalid NUMA socket, default to 0
EAL:   probe driver: 1af4:1000 net_virtio
EAL: PCI device 0000:00:05.0 on NUMA socket -1
EAL:   Invalid NUMA socket, default to 0
EAL:   probe driver: 1af4:1000 net_virtio
[1;37m[INFO]  Found 2 usable devices:[0m
   Device 0: 52:54:00:F1:C8:E2 ([0;32mRed Hat, Inc Virtio network device[0m)
   Device 1: 52:54:00:26:66:19 ([0;32mRed Hat, Inc Virtio network device[0m)
[1;37m[INFO]  Waiting for devices to come up...[0m
[1;37m[INFO]  Device 1 (52:54:00:26:66:19) is up: 10000 MBit/s[0m
[1;37m[INFO]  Device 0 (52:54:00:F1:C8:E2) is up: 10000 MBit/s[0m
[1;37m[INFO]  [0;32m2 devices are up.[0m[0m
[1;37m[INFO]  Trying to enable rx timestamping of all packets, this isn't supported by most nics[0m
[1;36m[Device: id=1] RX[0m: 0.0438 Mpps, 526.66 Mbit/s (533.67 Mbit/s with framing)
[0;34m[Device: id=0] TX[0m: 0.0960 Mpps, 1161.53 Mbit/s (1176.89 Mbit/s with framing)
[0;34m[Device: id=0] TX[0m: 0.1004 Mpps, 1215.03 Mbit/s (1231.10 Mbit/s with framing)
[1;36m[Device: id=1] RX[0m: 0.0430 Mpps, 517.85 Mbit/s (524.74 Mbit/s with framing)
[0;34m[Device: id=0] TX[0m: 0.1020 Mpps, 1233.97 Mbit/s (1250.29 Mbit/s with framing)
[1;36m[Device: id=1] RX[0m: 0.0405 Mpps, 487.01 Mbit/s (493.48 Mbit/s with framing)
[1;36m[Device: id=1] RX[0m: 0.0510 Mpps, 614.12 Mbit/s (622.29 Mbit/s with framing)
[0;34m[Device: id=0] TX[0m: 0.1011 Mpps, 1223.44 Mbit/s (1239.63 Mbit/s with framing)
[1;36m[Device: id=1] RX[0m: 0.0555 Mpps, 667.44 Mbit/s (676.31 Mbit/s with framing)
[0;34m[Device: id=0] TX[0m: 0.0994 Mpps, 1202.35 Mbit/s (1218.25 Mbit/s with framing)
[1;36m[Device: id=1] RX[0m: 0.0429 Mpps, 515.80 Mbit/s (522.66 Mbit/s with framing)
[0;34m[Device: id=0] TX[0m: 0.0819 Mpps, 990.55 Mbit/s (1003.66 Mbit/s with framing)
[1;36m[Device: id=1] RX[0m: 0.0497 Mpps, 597.64 Mbit/s (605.59 Mbit/s with framing)
[0;34m[Device: id=0] TX[0m: 0.1116 Mpps, 1349.52 Mbit/s (1367.37 Mbit/s with framing)
[1;36m[Device: id=1] RX[0m: 0.0480 Mpps, 578.13 Mbit/s (585.82 Mbit/s with framing)
[0;34m[Device: id=0] TX[0m: 0.1082 Mpps, 1309.14 Mbit/s (1326.46 Mbit/s with framing)
[1;36m[Device: id=1] RX[0m: 0.0467 Mpps, 561.57 Mbit/s (569.04 Mbit/s with framing)
[0;34m[Device: id=0] TX[0m: 0.0996 Mpps, 1205.01 Mbit/s (1220.95 Mbit/s with framing)
[1;36m[Device: id=1] RX[0m: 0.0474 Mpps, 570.18 Mbit/s (577.76 Mbit/s with framing)
[0;34m[Device: id=0] TX[0m: 0.0943 Mpps, 1140.97 Mbit/s (1156.06 Mbit/s with framing)
[1;36m[Device: id=1] RX[0m: 0.0439 Mpps, 528.53 Mbit/s (535.56 Mbit/s with framing)
[0;34m[Device: id=0] TX[0m: 0.1057 Mpps, 1278.10 Mbit/s (1295.00 Mbit/s with framing)
[1;36m[Device: id=1] RX[0m: 0.0460 Mpps, 553.32 Mbit/s (560.68 Mbit/s with framing)
[0;34m[Device: id=0] TX[0m: 0.1000 Mpps, 1209.04 Mbit/s (1225.03 Mbit/s with framing)
[1;36m[Device: id=1] RX[0m: 0.0438 Mpps, 526.72 Mbit/s (533.73 Mbit/s with framing)
[0;34m[Device: id=0] TX[0m: 0.1004 Mpps, 1214.22 Mbit/s (1230.28 Mbit/s with framing)
[1;36m[Device: id=1] RX[0m: 0.0423 Mpps, 508.38 Mbit/s (515.14 Mbit/s with framing)
[0;34m[Device: id=0] TX[0m: 0.1000 Mpps, 1209.05 Mbit/s (1225.05 Mbit/s with framing)
[1;36m[Device: id=1] RX[0m: 0.0432 Mpps, 519.31 Mbit/s (526.22 Mbit/s with framing)
[0;34m[Device: id=0] TX[0m: 0.0993 Mpps, 1200.68 Mbit/s (1216.56 Mbit/s with framing)
[1;36m[Device: id=1] RX[0m: 0.0442 Mpps, 532.08 Mbit/s (539.15 Mbit/s with framing)
[0;34m[Device: id=0] TX[0m: 0.1005 Mpps, 1215.21 Mbit/s (1231.29 Mbit/s with framing)
[1;36m[Device: id=1] RX[0m: 0.0424 Mpps, 509.63 Mbit/s (516.41 Mbit/s with framing)
[0;34m[Device: id=0] TX[0m: 0.1004 Mpps, 1214.04 Mbit/s (1230.10 Mbit/s with framing)
[1;36m[Device: id=1] RX[0m: 0.0401 Mpps, 482.63 Mbit/s (489.05 Mbit/s with framing)
[0;34m[Device: id=0] TX[0m: 0.1000 Mpps, 1209.66 Mbit/s (1225.66 Mbit/s with framing)
[1;36m[Device: id=1] RX[0m: 0.0419 Mpps, 504.39 Mbit/s (511.10 Mbit/s with framing)
[0;34m[Device: id=0] TX[0m: 0.0999 Mpps, 1208.85 Mbit/s (1224.84 Mbit/s with framing)
[1;36m[Device: id=1] RX[0m: 0.0421 Mpps, 506.02 Mbit/s (512.75 Mbit/s with framing)
[0;34m[Device: id=0] TX[0m: 0.0997 Mpps, 1205.66 Mbit/s (1221.61 Mbit/s with framing)
[1;36m[Device: id=1] RX[0m: 0.0425 Mpps, 511.15 Mbit/s (517.95 Mbit/s with framing)
[0;34m[Device: id=0] TX[0m: 0.1002 Mpps, 1211.82 Mbit/s (1227.85 Mbit/s with framing)
[1;36m[Device: id=1] RX[0m: 0.0414 Mpps, 498.69 Mbit/s (505.33 Mbit/s with framing)
[0;34m[Device: id=0] TX[0m: 0.0993 Mpps, 1200.82 Mbit/s (1216.70 Mbit/s with framing)
[1;36m[Device: id=1] RX[0m: 0.0406 Mpps, 488.15 Mbit/s (494.64 Mbit/s with framing)
[0;34m[Device: id=0] TX[0m: 0.1007 Mpps, 1217.50 Mbit/s (1233.61 Mbit/s with framing)
[1;36m[Device: id=1] RX[0m: 0.0419 Mpps, 504.15 Mbit/s (510.85 Mbit/s with framing)
[0;34m[Device: id=0] TX[0m: 0.1000 Mpps, 1210.01 Mbit/s (1226.02 Mbit/s with framing)
[1;36m[Device: id=1] RX[0m: 0.0401 Mpps, 482.55 Mbit/s (488.97 Mbit/s with framing)
[0;34m[Device: id=0] TX[0m: 0.1001 Mpps, 1210.38 Mbit/s (1226.39 Mbit/s with framing)
[1;36m[Device: id=1] RX[0m: 0.0401 Mpps, 482.67 Mbit/s (489.09 Mbit/s with framing)
[0;34m[Device: id=0] TX[0m: 0.1000 Mpps, 1209.35 Mbit/s (1225.34 Mbit/s with framing)
[1;36m[Device: id=1] RX[0m: 0.0425 Mpps, 511.08 Mbit/s (517.88 Mbit/s with framing)
[0;34m[Device: id=0] TX[0m: 0.1002 Mpps, 1211.93 Mbit/s (1227.96 Mbit/s with framing)
[1;36m[Device: id=1] RX[0m: 0.0431 Mpps, 519.11 Mbit/s (526.01 Mbit/s with framing)
[0;34m[Device: id=0] TX[0m: 0.1000 Mpps, 1209.27 Mbit/s (1225.27 Mbit/s with framing)
[1;36m[Device: id=1] RX[0m: 0.0416 Mpps, 500.98 Mbit/s (507.64 Mbit/s with framing)
[0;34m[Device: id=0] TX[0m: 0.0998 Mpps, 1207.12 Mbit/s (1223.08 Mbit/s with framing)
3
[1;36m[Device: id=1] RX[0m: 0.0400 Mpps, 481.67 Mbit/s (488.07 Mbit/s with framing)
[0;34m[Device: id=0] TX[0m: 0.0929 Mpps, 1123.97 Mbit/s (1138.83 Mbit/s with framing)
[1;36m[Device: id=1] RX[0m: 0.0006 Mpps, 7.13 Mbit/s (7.23 Mbit/s with framing)
[0;34m[Device: id=0] TX[0m: 0.0000 Mpps, 0.00 Mbit/s (0.00 Mbit/s with framing)
3000000
[1;36m[Device: id=1] RX[0m: 0.0423 (StdDev 0.0087) Mpps, 508.94 (StdDev 104) Mbit/s (515.70 Mbit/s with framing), total 1312748 packets with 1974372992 bytes (incl. CRC)
[0;34m[Device: id=0] TX[0m: 0.0966 (StdDev 0.0188) Mpps, 1168.22 (StdDev 228) Mbit/s (1183.67 Mbit/s with framing), total 3000000 packets with 4536000000 bytes (incl. CRC)
