[1;37m[INFO]  Initializing DPDK. This will take a few seconds...[0m
EAL: Probing VFIO support...
EAL: WARNING: cpu flags constant_tsc=yes nonstop_tsc=no -> using unreliable clock cycles !
EAL: PCI device 0000:00:03.0 on NUMA socket -1
EAL:   Invalid NUMA socket, default to 0
EAL:   probe driver: 1af4:1000 net_virtio
EAL: PCI device 0000:00:04.0 on NUMA socket -1
EAL:   Invalid NUMA socket, default to 0
EAL:   probe driver: 1af4:1000 net_virtio
EAL: PCI device 0000:00:05.0 on NUMA socket -1
EAL:   Invalid NUMA socket, default to 0
EAL:   probe driver: 1af4:1000 net_virtio
[1;37m[INFO]  Found 2 usable devices:[0m
   Device 0: 52:54:00:F1:C8:E2 ([0;32mRed Hat, Inc Virtio network device[0m)
   Device 1: 52:54:00:26:66:19 ([0;32mRed Hat, Inc Virtio network device[0m)
[1;37m[INFO]  Waiting for devices to come up...[0m
[1;37m[INFO]  Device 1 (52:54:00:26:66:19) is up: 10000 MBit/s[0m
[1;37m[INFO]  Device 0 (52:54:00:F1:C8:E2) is up: 10000 MBit/s[0m
[1;37m[INFO]  [0;32m2 devices are up.[0m[0m
[1;37m[INFO]  Trying to enable rx timestamping of all packets, this isn't supported by most nics[0m
[0;34m[Device: id=0] TX[0m: 0.2641 Mpps, 3194.11 Mbit/s (3236.36 Mbit/s with framing)
[1;36m[Device: id=1] RX[0m: 0.0531 Mpps, 638.65 Mbit/s (647.14 Mbit/s with framing)
[0;34m[Device: id=0] TX[0m: 0.3308 Mpps, 4000.84 Mbit/s (4053.76 Mbit/s with framing)
[1;36m[Device: id=1] RX[0m: 0.0469 Mpps, 564.20 Mbit/s (571.71 Mbit/s with framing)
[0;34m[Device: id=0] TX[0m: 0.3013 Mpps, 3644.89 Mbit/s (3693.10 Mbit/s with framing)
[1;36m[Device: id=1] RX[0m: 0.0436 Mpps, 524.75 Mbit/s (531.73 Mbit/s with framing)
[0;34m[Device: id=0] TX[0m: 0.3002 Mpps, 3631.68 Mbit/s (3679.72 Mbit/s with framing)
[1;36m[Device: id=1] RX[0m: 0.0431 Mpps, 518.19 Mbit/s (525.09 Mbit/s with framing)
[0;34m[Device: id=0] TX[0m: 0.3006 Mpps, 3636.05 Mbit/s (3684.15 Mbit/s with framing)
[1;36m[Device: id=1] RX[0m: 0.0411 Mpps, 494.47 Mbit/s (501.04 Mbit/s with framing)
[0;34m[Device: id=0] TX[0m: 0.2980 Mpps, 3604.69 Mbit/s (3652.37 Mbit/s with framing)
[1;36m[Device: id=1] RX[0m: 0.0465 Mpps, 559.72 Mbit/s (567.17 Mbit/s with framing)
[0;34m[Device: id=0] TX[0m: 0.3021 Mpps, 3654.53 Mbit/s (3702.87 Mbit/s with framing)
[1;36m[Device: id=1] RX[0m: 0.0429 Mpps, 516.19 Mbit/s (523.06 Mbit/s with framing)
[1;36m[Device: id=1] RX[0m: 0.0409 Mpps, 492.05 Mbit/s (498.60 Mbit/s with framing)
[0;34m[Device: id=0] TX[0m: 0.3002 Mpps, 3631.08 Mbit/s (3679.11 Mbit/s with framing)
[1;36m[Device: id=1] RX[0m: 0.0440 Mpps, 529.99 Mbit/s (537.04 Mbit/s with framing)
[0;34m[Device: id=0] TX[0m: 0.2994 Mpps, 3621.75 Mbit/s (3669.66 Mbit/s with framing)
[1;36m[Device: id=1] RX[0m: 0.0392 Mpps, 472.20 Mbit/s (478.48 Mbit/s with framing)
[0;34m[Device: id=0] TX[0m: 0.3006 Mpps, 3635.98 Mbit/s (3684.08 Mbit/s with framing)
[1;36m[Device: id=1] RX[0m: 0.0410 Mpps, 493.58 Mbit/s (500.14 Mbit/s with framing)
[0;34m[Device: id=0] TX[0m: 0.3001 Mpps, 3630.39 Mbit/s (3678.41 Mbit/s with framing)
[1;36m[Device: id=1] RX[0m: 0.0420 Mpps, 505.50 Mbit/s (512.23 Mbit/s with framing)
[0;34m[Device: id=0] TX[0m: 0.2998 Mpps, 3626.15 Mbit/s (3674.12 Mbit/s with framing)
[1;36m[Device: id=1] RX[0m: 0.0650 Mpps, 781.67 Mbit/s (792.06 Mbit/s with framing)
[0;34m[Device: id=0] TX[0m: 0.2888 Mpps, 3492.94 Mbit/s (3539.14 Mbit/s with framing)
[1;36m[Device: id=1] RX[0m: 0.0398 Mpps, 479.07 Mbit/s (485.44 Mbit/s with framing)
[0;34m[Device: id=0] TX[0m: 0.2941 Mpps, 3557.05 Mbit/s (3604.10 Mbit/s with framing)
[1;36m[Device: id=1] RX[0m: 0.0466 Mpps, 560.91 Mbit/s (568.37 Mbit/s with framing)
[0;34m[Device: id=0] TX[0m: 0.2954 Mpps, 3572.79 Mbit/s (3620.05 Mbit/s with framing)
[1;36m[Device: id=1] RX[0m: 0.0508 Mpps, 611.56 Mbit/s (619.69 Mbit/s with framing)
[0;34m[Device: id=0] TX[0m: 0.3110 Mpps, 3761.82 Mbit/s (3811.58 Mbit/s with framing)
[1;36m[Device: id=1] RX[0m: 0.0425 Mpps, 511.84 Mbit/s (518.65 Mbit/s with framing)
[0;34m[Device: id=0] TX[0m: 0.3112 Mpps, 3764.72 Mbit/s (3814.51 Mbit/s with framing)
[1;36m[Device: id=1] RX[0m: 0.0582 Mpps, 700.02 Mbit/s (709.33 Mbit/s with framing)
[0;34m[Device: id=0] TX[0m: 0.2975 Mpps, 3599.16 Mbit/s (3646.76 Mbit/s with framing)
[1;36m[Device: id=1] RX[0m: 0.0439 Mpps, 527.94 Mbit/s (534.97 Mbit/s with framing)
[0;34m[Device: id=0] TX[0m: 0.2704 Mpps, 3271.11 Mbit/s (3314.37 Mbit/s with framing)
[1;36m[Device: id=1] RX[0m: 0.0503 Mpps, 604.62 Mbit/s (612.66 Mbit/s with framing)
[0;34m[Device: id=0] TX[0m: 0.2987 Mpps, 3612.58 Mbit/s (3660.36 Mbit/s with framing)
[1;36m[Device: id=1] RX[0m: 0.0825 Mpps, 993.13 Mbit/s (1006.34 Mbit/s with framing)
[0;34m[Device: id=0] TX[0m: 0.3306 Mpps, 3998.65 Mbit/s (4051.55 Mbit/s with framing)
[1;36m[Device: id=1] RX[0m: 0.0453 Mpps, 545.53 Mbit/s (552.78 Mbit/s with framing)
[0;34m[Device: id=0] TX[0m: 0.2949 Mpps, 3566.98 Mbit/s (3614.16 Mbit/s with framing)
[1;36m[Device: id=1] RX[0m: 0.0561 Mpps, 675.34 Mbit/s (684.32 Mbit/s with framing)
[0;34m[Device: id=0] TX[0m: 0.3004 Mpps, 3633.29 Mbit/s (3681.35 Mbit/s with framing)
[1;36m[Device: id=1] RX[0m: 0.0417 Mpps, 502.08 Mbit/s (508.76 Mbit/s with framing)
[0;34m[Device: id=0] TX[0m: 0.3029 Mpps, 3663.71 Mbit/s (3712.17 Mbit/s with framing)
[1;36m[Device: id=1] RX[0m: 0.0434 Mpps, 522.66 Mbit/s (529.61 Mbit/s with framing)
[0;34m[Device: id=0] TX[0m: 0.2846 Mpps, 3442.49 Mbit/s (3488.03 Mbit/s with framing)
[1;36m[Device: id=1] RX[0m: 0.0582 Mpps, 700.44 Mbit/s (709.76 Mbit/s with framing)
[0;34m[Device: id=0] TX[0m: 0.3173 Mpps, 3838.46 Mbit/s (3889.24 Mbit/s with framing)
[1;36m[Device: id=1] RX[0m: 0.0562 Mpps, 675.81 Mbit/s (684.79 Mbit/s with framing)
[0;34m[Device: id=0] TX[0m: 0.2954 Mpps, 3573.49 Mbit/s (3620.76 Mbit/s with framing)
[1;36m[Device: id=1] RX[0m: 0.0765 Mpps, 920.40 Mbit/s (932.64 Mbit/s with framing)
[0;34m[Device: id=0] TX[0m: 0.2971 Mpps, 3593.95 Mbit/s (3641.49 Mbit/s with framing)
[1;36m[Device: id=1] RX[0m: 0.0420 Mpps, 504.81 Mbit/s (511.52 Mbit/s with framing)
[0;34m[Device: id=0] TX[0m: 0.3091 Mpps, 3738.35 Mbit/s (3787.80 Mbit/s with framing)
9
[1;36m[Device: id=1] RX[0m: 0.0414 Mpps, 497.57 Mbit/s (504.18 Mbit/s with framing)
[0;34m[Device: id=0] TX[0m: 0.2802 Mpps, 3388.72 Mbit/s (3433.55 Mbit/s with framing)
[1;36m[Device: id=1] RX[0m: 0.0000 Mpps, 0.00 Mbit/s (0.00 Mbit/s with framing)
[0;34m[Device: id=0] TX[0m: 0.0000 Mpps, 0.00 Mbit/s (0.00 Mbit/s with framing)
9000000
[1;36m[Device: id=1] RX[0m: 0.0471 (StdDev 0.0138) Mpps, 566.21 (StdDev 166) Mbit/s (573.74 Mbit/s with framing), total 1464859 packets with 2203147936 bytes (incl. CRC)
[0;34m[Device: id=0] TX[0m: 0.2904 (StdDev 0.0562) Mpps, 3512.94 (StdDev 680) Mbit/s (3559.41 Mbit/s with framing), total 9000000 packets with 13608000000 bytes (incl. CRC)
