[1;37m[INFO]  Initializing DPDK. This will take a few seconds...[0m
EAL: Probing VFIO support...
EAL: WARNING: cpu flags constant_tsc=yes nonstop_tsc=no -> using unreliable clock cycles !
EAL: PCI device 0000:00:03.0 on NUMA socket -1
EAL:   Invalid NUMA socket, default to 0
EAL:   probe driver: 1af4:1000 net_virtio
EAL: PCI device 0000:00:04.0 on NUMA socket -1
EAL:   Invalid NUMA socket, default to 0
EAL:   probe driver: 1af4:1000 net_virtio
EAL: PCI device 0000:00:05.0 on NUMA socket -1
EAL:   Invalid NUMA socket, default to 0
EAL:   probe driver: 1af4:1000 net_virtio
[1;37m[INFO]  Found 2 usable devices:[0m
   Device 0: 52:54:00:F1:C8:E2 ([0;32mRed Hat, Inc Virtio network device[0m)
   Device 1: 52:54:00:26:66:19 ([0;32mRed Hat, Inc Virtio network device[0m)
[1;37m[INFO]  Waiting for devices to come up...[0m
[1;37m[INFO]  Device 1 (52:54:00:26:66:19) is up: 10000 MBit/s[0m
[1;37m[INFO]  Device 0 (52:54:00:F1:C8:E2) is up: 10000 MBit/s[0m
[1;37m[INFO]  [0;32m2 devices are up.[0m[0m
[1;37m[INFO]  Trying to enable rx timestamping of all packets, this isn't supported by most nics[0m
[0;34m[Device: id=0] TX[0m: 0.0788 Mpps, 47.91 Mbit/s (60.52 Mbit/s with framing)
[1;36m[Device: id=1] RX[0m: 0.0455 Mpps, 24.73 Mbit/s (32.00 Mbit/s with framing)
[0;34m[Device: id=0] TX[0m: 0.0805 Mpps, 48.94 Mbit/s (61.82 Mbit/s with framing)
[1;36m[Device: id=1] RX[0m: 0.0426 Mpps, 23.18 Mbit/s (30.00 Mbit/s with framing)
[0;34m[Device: id=0] TX[0m: 0.0796 Mpps, 48.42 Mbit/s (61.16 Mbit/s with framing)
[1;36m[Device: id=1] RX[0m: 0.0414 Mpps, 22.55 Mbit/s (29.18 Mbit/s with framing)
[0;34m[Device: id=0] TX[0m: 0.0795 Mpps, 48.31 Mbit/s (61.02 Mbit/s with framing)
[1;36m[Device: id=1] RX[0m: 0.0399 Mpps, 21.73 Mbit/s (28.12 Mbit/s with framing)
[0;34m[Device: id=0] TX[0m: 0.0809 Mpps, 49.17 Mbit/s (62.11 Mbit/s with framing)
[1;36m[Device: id=1] RX[0m: 0.0398 Mpps, 21.64 Mbit/s (28.01 Mbit/s with framing)
[0;34m[Device: id=0] TX[0m: 0.0797 Mpps, 48.43 Mbit/s (61.17 Mbit/s with framing)
[1;36m[Device: id=1] RX[0m: 0.0408 Mpps, 22.17 Mbit/s (28.69 Mbit/s with framing)
[0;34m[Device: id=0] TX[0m: 0.0797 Mpps, 48.43 Mbit/s (61.18 Mbit/s with framing)
[1;36m[Device: id=1] RX[0m: 0.0396 Mpps, 21.55 Mbit/s (27.88 Mbit/s with framing)
[0;34m[Device: id=0] TX[0m: 0.0804 Mpps, 48.87 Mbit/s (61.74 Mbit/s with framing)
[1;36m[Device: id=1] RX[0m: 0.0397 Mpps, 21.57 Mbit/s (27.92 Mbit/s with framing)
[0;34m[Device: id=0] TX[0m: 0.0799 Mpps, 48.56 Mbit/s (61.34 Mbit/s with framing)
[1;36m[Device: id=1] RX[0m: 0.0404 Mpps, 21.99 Mbit/s (28.46 Mbit/s with framing)
[0;34m[Device: id=0] TX[0m: 0.0804 Mpps, 48.89 Mbit/s (61.75 Mbit/s with framing)
[1;36m[Device: id=1] RX[0m: 0.0399 Mpps, 21.68 Mbit/s (28.06 Mbit/s with framing)
[0;34m[Device: id=0] TX[0m: 0.0797 Mpps, 48.48 Mbit/s (61.23 Mbit/s with framing)
[1;36m[Device: id=1] RX[0m: 0.0397 Mpps, 21.57 Mbit/s (27.92 Mbit/s with framing)
[0;34m[Device: id=0] TX[0m: 0.0803 Mpps, 48.84 Mbit/s (61.69 Mbit/s with framing)
[1;36m[Device: id=1] RX[0m: 0.0395 Mpps, 21.50 Mbit/s (27.82 Mbit/s with framing)
[0;34m[Device: id=0] TX[0m: 0.0797 Mpps, 48.47 Mbit/s (61.23 Mbit/s with framing)
[1;36m[Device: id=1] RX[0m: 0.0412 Mpps, 22.41 Mbit/s (29.00 Mbit/s with framing)
[0;34m[Device: id=0] TX[0m: 0.0802 Mpps, 48.77 Mbit/s (61.60 Mbit/s with framing)
[1;36m[Device: id=1] RX[0m: 0.0408 Mpps, 22.18 Mbit/s (28.71 Mbit/s with framing)
[0;34m[Device: id=0] TX[0m: 0.0800 Mpps, 48.66 Mbit/s (61.46 Mbit/s with framing)
[1;36m[Device: id=1] RX[0m: 0.0414 Mpps, 22.50 Mbit/s (29.12 Mbit/s with framing)
[0;34m[Device: id=0] TX[0m: 0.0800 Mpps, 48.65 Mbit/s (61.45 Mbit/s with framing)
[1;36m[Device: id=1] RX[0m: 0.0395 Mpps, 21.49 Mbit/s (27.80 Mbit/s with framing)
[0;34m[Device: id=0] TX[0m: 0.0795 Mpps, 48.37 Mbit/s (61.09 Mbit/s with framing)
[1;36m[Device: id=1] RX[0m: 0.0397 Mpps, 21.58 Mbit/s (27.92 Mbit/s with framing)
[0;34m[Device: id=0] TX[0m: 0.0803 Mpps, 48.80 Mbit/s (61.65 Mbit/s with framing)
[1;36m[Device: id=1] RX[0m: 0.0398 Mpps, 21.63 Mbit/s (27.99 Mbit/s with framing)
[0;34m[Device: id=0] TX[0m: 0.0798 Mpps, 48.54 Mbit/s (61.31 Mbit/s with framing)
[1;36m[Device: id=1] RX[0m: 0.0397 Mpps, 21.61 Mbit/s (27.97 Mbit/s with framing)
[0;34m[Device: id=0] TX[0m: 0.0805 Mpps, 48.92 Mbit/s (61.80 Mbit/s with framing)
[1;36m[Device: id=1] RX[0m: 0.0397 Mpps, 21.62 Mbit/s (27.97 Mbit/s with framing)
[0;34m[Device: id=0] TX[0m: 0.0800 Mpps, 48.62 Mbit/s (61.42 Mbit/s with framing)
[1;36m[Device: id=1] RX[0m: 0.0397 Mpps, 21.61 Mbit/s (27.97 Mbit/s with framing)
[0;34m[Device: id=0] TX[0m: 0.0800 Mpps, 48.62 Mbit/s (61.42 Mbit/s with framing)
[1;36m[Device: id=1] RX[0m: 0.0414 Mpps, 22.53 Mbit/s (29.16 Mbit/s with framing)
[0;34m[Device: id=0] TX[0m: 0.0800 Mpps, 48.62 Mbit/s (61.41 Mbit/s with framing)
[1;36m[Device: id=1] RX[0m: 0.0395 Mpps, 21.49 Mbit/s (27.81 Mbit/s with framing)
[0;34m[Device: id=0] TX[0m: 0.0786 Mpps, 47.82 Mbit/s (60.40 Mbit/s with framing)
[1;36m[Device: id=1] RX[0m: 0.0395 Mpps, 21.49 Mbit/s (27.81 Mbit/s with framing)
[0;34m[Device: id=0] TX[0m: 0.0814 Mpps, 49.50 Mbit/s (62.52 Mbit/s with framing)
[1;36m[Device: id=1] RX[0m: 0.0395 Mpps, 21.48 Mbit/s (27.80 Mbit/s with framing)
[0;34m[Device: id=0] TX[0m: 0.0800 Mpps, 48.62 Mbit/s (61.42 Mbit/s with framing)
[1;36m[Device: id=1] RX[0m: 0.0409 Mpps, 22.22 Mbit/s (28.76 Mbit/s with framing)
[0;34m[Device: id=0] TX[0m: 0.0800 Mpps, 48.66 Mbit/s (61.46 Mbit/s with framing)
[1;36m[Device: id=1] RX[0m: 0.0396 Mpps, 21.55 Mbit/s (27.89 Mbit/s with framing)
[0;34m[Device: id=0] TX[0m: 0.0798 Mpps, 48.51 Mbit/s (61.28 Mbit/s with framing)
[1;36m[Device: id=1] RX[0m: 0.0412 Mpps, 22.41 Mbit/s (29.00 Mbit/s with framing)
[1;36m[Device: id=1] RX[0m: 0.0394 Mpps, 21.45 Mbit/s (27.76 Mbit/s with framing)
[0;34m[Device: id=0] TX[0m: 0.0802 Mpps, 48.74 Mbit/s (61.57 Mbit/s with framing)
15
[1;36m[Device: id=1] RX[0m: 0.0396 Mpps, 21.56 Mbit/s (27.91 Mbit/s with framing)
[0;34m[Device: id=0] TX[0m: 0.0770 Mpps, 46.84 Mbit/s (59.16 Mbit/s with framing)
[1;36m[Device: id=1] RX[0m: 0.0002 Mpps, 0.11 Mbit/s (0.14 Mbit/s with framing)
[0;34m[Device: id=0] TX[0m: 0.0000 Mpps, 0.00 Mbit/s (0.00 Mbit/s with framing)
2400000
[1;36m[Device: id=1] RX[0m: 0.0389 (StdDev 0.0073) Mpps, 21.14 (StdDev 4) Mbit/s (27.35 Mbit/s with framing), total 1211035 packets with 82350380 bytes (incl. CRC)
[0;34m[Device: id=0] TX[0m: 0.0773 (StdDev 0.0146) Mpps, 46.97 (StdDev 9) Mbit/s (59.33 Mbit/s with framing), total 2400000 packets with 182400000 bytes (incl. CRC)
