[1;37m[INFO]  Initializing DPDK. This will take a few seconds...[0m
EAL: Probing VFIO support...
EAL: WARNING: cpu flags constant_tsc=yes nonstop_tsc=no -> using unreliable clock cycles !
EAL: PCI device 0000:00:03.0 on NUMA socket -1
EAL:   Invalid NUMA socket, default to 0
EAL:   probe driver: 1af4:1000 net_virtio
EAL: PCI device 0000:00:04.0 on NUMA socket -1
EAL:   Invalid NUMA socket, default to 0
EAL:   probe driver: 1af4:1000 net_virtio
EAL: PCI device 0000:00:05.0 on NUMA socket -1
EAL:   Invalid NUMA socket, default to 0
EAL:   probe driver: 1af4:1000 net_virtio
[1;37m[INFO]  Found 2 usable devices:[0m
   Device 0: 52:54:00:F1:C8:E2 ([0;32mRed Hat, Inc Virtio network device[0m)
   Device 1: 52:54:00:26:66:19 ([0;32mRed Hat, Inc Virtio network device[0m)
[1;37m[INFO]  Waiting for devices to come up...[0m
[1;37m[INFO]  Device 1 (52:54:00:26:66:19) is up: 10000 MBit/s[0m
[1;37m[INFO]  Device 0 (52:54:00:F1:C8:E2) is up: 10000 MBit/s[0m
[1;37m[INFO]  [0;32m2 devices are up.[0m[0m
[1;37m[INFO]  Trying to enable rx timestamping of all packets, this isn't supported by most nics[0m
[0;34m[Device: id=0] TX[0m: 0.1152 Mpps, 1393.39 Mbit/s (1411.82 Mbit/s with framing)
[1;36m[Device: id=1] RX[0m: 0.0704 Mpps, 846.91 Mbit/s (858.18 Mbit/s with framing)
[0;34m[Device: id=0] TX[0m: 0.1229 Mpps, 1486.28 Mbit/s (1505.94 Mbit/s with framing)
[1;36m[Device: id=1] RX[0m: 0.0665 Mpps, 799.88 Mbit/s (810.52 Mbit/s with framing)
[0;34m[Device: id=0] TX[0m: 0.1189 Mpps, 1438.18 Mbit/s (1457.20 Mbit/s with framing)
[1;36m[Device: id=1] RX[0m: 0.0483 Mpps, 581.53 Mbit/s (589.26 Mbit/s with framing)
[0;34m[Device: id=0] TX[0m: 0.1209 Mpps, 1462.49 Mbit/s (1481.83 Mbit/s with framing)
[1;36m[Device: id=1] RX[0m: 0.0439 Mpps, 527.68 Mbit/s (534.70 Mbit/s with framing)
[0;34m[Device: id=0] TX[0m: 0.1202 Mpps, 1454.40 Mbit/s (1473.64 Mbit/s with framing)
[1;36m[Device: id=1] RX[0m: 0.0473 Mpps, 569.32 Mbit/s (576.89 Mbit/s with framing)
[0;34m[Device: id=0] TX[0m: 0.1200 Mpps, 1451.92 Mbit/s (1471.12 Mbit/s with framing)
[1;36m[Device: id=1] RX[0m: 0.0565 Mpps, 680.16 Mbit/s (689.20 Mbit/s with framing)
[0;34m[Device: id=0] TX[0m: 0.1184 Mpps, 1432.43 Mbit/s (1451.38 Mbit/s with framing)
[1;36m[Device: id=1] RX[0m: 0.0516 Mpps, 621.20 Mbit/s (629.46 Mbit/s with framing)
[0;34m[Device: id=0] TX[0m: 0.1204 Mpps, 1456.00 Mbit/s (1475.26 Mbit/s with framing)
[1;36m[Device: id=1] RX[0m: 0.0478 Mpps, 574.55 Mbit/s (582.19 Mbit/s with framing)
[0;34m[Device: id=0] TX[0m: 0.1208 Mpps, 1460.70 Mbit/s (1480.03 Mbit/s with framing)
[1;36m[Device: id=1] RX[0m: 0.0460 Mpps, 553.30 Mbit/s (560.66 Mbit/s with framing)
[0;34m[Device: id=0] TX[0m: 0.1204 Mpps, 1456.38 Mbit/s (1475.65 Mbit/s with framing)
[1;36m[Device: id=1] RX[0m: 0.0448 Mpps, 538.70 Mbit/s (545.86 Mbit/s with framing)
[0;34m[Device: id=0] TX[0m: 0.1201 Mpps, 1452.98 Mbit/s (1472.20 Mbit/s with framing)
[1;36m[Device: id=1] RX[0m: 0.0507 Mpps, 609.56 Mbit/s (617.67 Mbit/s with framing)
[0;34m[Device: id=0] TX[0m: 0.1199 Mpps, 1450.70 Mbit/s (1469.89 Mbit/s with framing)
[1;36m[Device: id=1] RX[0m: 0.0453 Mpps, 545.42 Mbit/s (552.68 Mbit/s with framing)
[0;34m[Device: id=0] TX[0m: 0.1190 Mpps, 1438.85 Mbit/s (1457.88 Mbit/s with framing)
[1;36m[Device: id=1] RX[0m: 0.0396 Mpps, 476.18 Mbit/s (482.51 Mbit/s with framing)
[0;34m[Device: id=0] TX[0m: 0.1206 Mpps, 1458.62 Mbit/s (1477.91 Mbit/s with framing)
[1;36m[Device: id=1] RX[0m: 0.0440 Mpps, 529.96 Mbit/s (537.01 Mbit/s with framing)
[1;36m[Device: id=1] RX[0m: 0.0514 Mpps, 618.17 Mbit/s (626.39 Mbit/s with framing)
[0;34m[Device: id=0] TX[0m: 0.1199 Mpps, 1450.33 Mbit/s (1469.51 Mbit/s with framing)
[1;36m[Device: id=1] RX[0m: 0.0828 Mpps, 996.02 Mbit/s (1009.27 Mbit/s with framing)
[0;34m[Device: id=0] TX[0m: 0.1194 Mpps, 1444.81 Mbit/s (1463.92 Mbit/s with framing)
[1;36m[Device: id=1] RX[0m: 0.0761 Mpps, 915.60 Mbit/s (927.78 Mbit/s with framing)
[0;34m[Device: id=0] TX[0m: 0.1170 Mpps, 1415.42 Mbit/s (1434.14 Mbit/s with framing)
[1;36m[Device: id=1] RX[0m: 0.0807 Mpps, 971.58 Mbit/s (984.50 Mbit/s with framing)
[0;34m[Device: id=0] TX[0m: 0.1228 Mpps, 1484.92 Mbit/s (1504.56 Mbit/s with framing)
[1;36m[Device: id=1] RX[0m: 0.0743 Mpps, 893.65 Mbit/s (905.53 Mbit/s with framing)
[0;34m[Device: id=0] TX[0m: 0.1212 Mpps, 1466.40 Mbit/s (1485.80 Mbit/s with framing)
[1;36m[Device: id=1] RX[0m: 0.0768 Mpps, 924.11 Mbit/s (936.40 Mbit/s with framing)
[0;34m[Device: id=0] TX[0m: 0.1202 Mpps, 1454.32 Mbit/s (1473.56 Mbit/s with framing)
[1;36m[Device: id=1] RX[0m: 0.0576 Mpps, 693.02 Mbit/s (702.24 Mbit/s with framing)
[0;34m[Device: id=0] TX[0m: 0.1198 Mpps, 1449.33 Mbit/s (1468.50 Mbit/s with framing)
[1;36m[Device: id=1] RX[0m: 0.0445 Mpps, 535.34 Mbit/s (542.46 Mbit/s with framing)
[0;34m[Device: id=0] TX[0m: 0.1195 Mpps, 1445.12 Mbit/s (1464.23 Mbit/s with framing)
[1;36m[Device: id=1] RX[0m: 0.0622 Mpps, 748.15 Mbit/s (758.10 Mbit/s with framing)
[0;34m[Device: id=0] TX[0m: 0.1207 Mpps, 1459.72 Mbit/s (1479.02 Mbit/s with framing)
[1;36m[Device: id=1] RX[0m: 0.0565 Mpps, 679.31 Mbit/s (688.35 Mbit/s with framing)
[0;34m[Device: id=0] TX[0m: 0.1198 Mpps, 1448.76 Mbit/s (1467.93 Mbit/s with framing)
[1;36m[Device: id=1] RX[0m: 0.0475 Mpps, 571.28 Mbit/s (578.87 Mbit/s with framing)
[0;34m[Device: id=0] TX[0m: 0.1194 Mpps, 1444.13 Mbit/s (1463.24 Mbit/s with framing)
[1;36m[Device: id=1] RX[0m: 0.0452 Mpps, 543.51 Mbit/s (550.74 Mbit/s with framing)
[0;34m[Device: id=0] TX[0m: 0.1200 Mpps, 1452.11 Mbit/s (1471.31 Mbit/s with framing)
[1;36m[Device: id=1] RX[0m: 0.0461 Mpps, 554.72 Mbit/s (562.10 Mbit/s with framing)
[0;34m[Device: id=0] TX[0m: 0.1204 Mpps, 1456.03 Mbit/s (1475.29 Mbit/s with framing)
[1;36m[Device: id=1] RX[0m: 0.0466 Mpps, 560.46 Mbit/s (567.91 Mbit/s with framing)
[0;34m[Device: id=0] TX[0m: 0.1204 Mpps, 1456.87 Mbit/s (1476.14 Mbit/s with framing)
[1;36m[Device: id=1] RX[0m: 0.0515 Mpps, 619.85 Mbit/s (628.10 Mbit/s with framing)
[0;34m[Device: id=0] TX[0m: 0.1199 Mpps, 1450.22 Mbit/s (1469.40 Mbit/s with framing)
54
[1;36m[Device: id=1] RX[0m: 0.0501 Mpps, 603.24 Mbit/s (611.26 Mbit/s with framing)
[0;34m[Device: id=0] TX[0m: 0.1102 Mpps, 1333.03 Mbit/s (1350.66 Mbit/s with framing)
[1;36m[Device: id=1] RX[0m: 0.0005 Mpps, 5.80 Mbit/s (5.88 Mbit/s with framing)
[0;34m[Device: id=0] TX[0m: 0.0000 Mpps, 0.00 Mbit/s (0.00 Mbit/s with framing)
3600000
[1;36m[Device: id=1] RX[0m: 0.0528 (StdDev 0.0157) Mpps, 634.71 (StdDev 189) Mbit/s (643.15 Mbit/s with framing), total 1652962 packets with 2486054848 bytes (incl. CRC)
[0;34m[Device: id=0] TX[0m: 0.1158 (StdDev 0.0220) Mpps, 1400.38 (StdDev 266) Mbit/s (1418.91 Mbit/s with framing), total 3600000 packets with 5443200000 bytes (incl. CRC)
