[1;37m[INFO]  Initializing DPDK. This will take a few seconds...[0m
EAL: Probing VFIO support...
EAL: WARNING: cpu flags constant_tsc=yes nonstop_tsc=no -> using unreliable clock cycles !
EAL: PCI device 0000:00:03.0 on NUMA socket -1
EAL:   Invalid NUMA socket, default to 0
EAL:   probe driver: 1af4:1000 net_virtio
EAL: PCI device 0000:00:04.0 on NUMA socket -1
EAL:   Invalid NUMA socket, default to 0
EAL:   probe driver: 1af4:1000 net_virtio
EAL: PCI device 0000:00:05.0 on NUMA socket -1
EAL:   Invalid NUMA socket, default to 0
EAL:   probe driver: 1af4:1000 net_virtio
[1;37m[INFO]  Found 2 usable devices:[0m
   Device 0: 52:54:00:F1:C8:E2 ([0;32mRed Hat, Inc Virtio network device[0m)
   Device 1: 52:54:00:26:66:19 ([0;32mRed Hat, Inc Virtio network device[0m)
[1;37m[INFO]  Waiting for devices to come up...[0m
[1;37m[INFO]  Device 1 (52:54:00:26:66:19) is up: 10000 MBit/s[0m
[1;37m[INFO]  Device 0 (52:54:00:F1:C8:E2) is up: 10000 MBit/s[0m
[1;37m[INFO]  [0;32m2 devices are up.[0m[0m
[1;37m[INFO]  Trying to enable rx timestamping of all packets, this isn't supported by most nics[0m
[1;36m[Device: id=1] RX[0m: 0.0649 Mpps, 35.29 Mbit/s (45.67 Mbit/s with framing)
[0;34m[Device: id=0] TX[0m: 0.0688 Mpps, 41.84 Mbit/s (52.86 Mbit/s with framing)
[0;34m[Device: id=0] TX[0m: 0.0625 Mpps, 37.98 Mbit/s (47.98 Mbit/s with framing)
[1;36m[Device: id=1] RX[0m: 0.0406 Mpps, 22.08 Mbit/s (28.58 Mbit/s with framing)
[0;34m[Device: id=0] TX[0m: 0.0760 Mpps, 46.19 Mbit/s (58.34 Mbit/s with framing)
[1;36m[Device: id=1] RX[0m: 0.0387 Mpps, 21.08 Mbit/s (27.27 Mbit/s with framing)
[0;34m[Device: id=0] TX[0m: 0.0711 Mpps, 43.22 Mbit/s (54.59 Mbit/s with framing)
[1;36m[Device: id=1] RX[0m: 0.0430 Mpps, 23.37 Mbit/s (30.24 Mbit/s with framing)
[0;34m[Device: id=0] TX[0m: 0.0698 Mpps, 42.41 Mbit/s (53.57 Mbit/s with framing)
[1;36m[Device: id=1] RX[0m: 0.0425 Mpps, 23.12 Mbit/s (29.91 Mbit/s with framing)
[0;34m[Device: id=0] TX[0m: 0.0708 Mpps, 43.03 Mbit/s (54.36 Mbit/s with framing)
[1;36m[Device: id=1] RX[0m: 0.0383 Mpps, 20.85 Mbit/s (26.99 Mbit/s with framing)
[0;34m[Device: id=0] TX[0m: 0.0702 Mpps, 42.67 Mbit/s (53.89 Mbit/s with framing)
[1;36m[Device: id=1] RX[0m: 0.0417 Mpps, 22.70 Mbit/s (29.37 Mbit/s with framing)
[0;34m[Device: id=0] TX[0m: 0.0700 Mpps, 42.56 Mbit/s (53.76 Mbit/s with framing)
[1;36m[Device: id=1] RX[0m: 0.0386 Mpps, 20.99 Mbit/s (27.16 Mbit/s with framing)
[0;34m[Device: id=0] TX[0m: 0.0700 Mpps, 42.56 Mbit/s (53.76 Mbit/s with framing)
[1;36m[Device: id=1] RX[0m: 0.0385 Mpps, 20.96 Mbit/s (27.13 Mbit/s with framing)
[0;34m[Device: id=0] TX[0m: 0.0697 Mpps, 42.37 Mbit/s (53.53 Mbit/s with framing)
[1;36m[Device: id=1] RX[0m: 0.0387 Mpps, 21.07 Mbit/s (27.27 Mbit/s with framing)
[0;34m[Device: id=0] TX[0m: 0.0702 Mpps, 42.68 Mbit/s (53.91 Mbit/s with framing)
[1;36m[Device: id=1] RX[0m: 0.0402 Mpps, 21.87 Mbit/s (28.30 Mbit/s with framing)
[0;34m[Device: id=0] TX[0m: 0.0701 Mpps, 42.61 Mbit/s (53.82 Mbit/s with framing)
[1;36m[Device: id=1] RX[0m: 0.0398 Mpps, 21.65 Mbit/s (28.02 Mbit/s with framing)
[0;34m[Device: id=0] TX[0m: 0.0700 Mpps, 42.53 Mbit/s (53.73 Mbit/s with framing)
[1;36m[Device: id=1] RX[0m: 0.0418 Mpps, 22.74 Mbit/s (29.43 Mbit/s with framing)
[0;34m[Device: id=0] TX[0m: 0.0685 Mpps, 41.66 Mbit/s (52.63 Mbit/s with framing)
[1;36m[Device: id=1] RX[0m: 0.0385 Mpps, 20.97 Mbit/s (27.13 Mbit/s with framing)
[0;34m[Device: id=0] TX[0m: 0.0713 Mpps, 43.35 Mbit/s (54.76 Mbit/s with framing)
[1;36m[Device: id=1] RX[0m: 0.0400 Mpps, 21.76 Mbit/s (28.16 Mbit/s with framing)
[0;34m[Device: id=0] TX[0m: 0.0701 Mpps, 42.62 Mbit/s (53.83 Mbit/s with framing)
[1;36m[Device: id=1] RX[0m: 0.0400 Mpps, 21.78 Mbit/s (28.19 Mbit/s with framing)
[0;34m[Device: id=0] TX[0m: 0.0702 Mpps, 42.67 Mbit/s (53.89 Mbit/s with framing)
[1;36m[Device: id=1] RX[0m: 0.0419 Mpps, 22.81 Mbit/s (29.52 Mbit/s with framing)
[0;34m[Device: id=0] TX[0m: 0.0698 Mpps, 42.46 Mbit/s (53.63 Mbit/s with framing)
[1;36m[Device: id=1] RX[0m: 0.0401 Mpps, 21.83 Mbit/s (28.25 Mbit/s with framing)
[0;34m[Device: id=0] TX[0m: 0.0701 Mpps, 42.61 Mbit/s (53.83 Mbit/s with framing)
[1;36m[Device: id=1] RX[0m: 0.0412 Mpps, 22.40 Mbit/s (28.98 Mbit/s with framing)
[0;34m[Device: id=0] TX[0m: 0.0701 Mpps, 42.59 Mbit/s (53.80 Mbit/s with framing)
[1;36m[Device: id=1] RX[0m: 0.0415 Mpps, 22.58 Mbit/s (29.22 Mbit/s with framing)
[0;34m[Device: id=0] TX[0m: 0.0700 Mpps, 42.59 Mbit/s (53.80 Mbit/s with framing)
[1;36m[Device: id=1] RX[0m: 0.0404 Mpps, 21.97 Mbit/s (28.43 Mbit/s with framing)
[0;34m[Device: id=0] TX[0m: 0.0699 Mpps, 42.48 Mbit/s (53.66 Mbit/s with framing)
[1;36m[Device: id=1] RX[0m: 0.0386 Mpps, 21.01 Mbit/s (27.19 Mbit/s with framing)
[0;34m[Device: id=0] TX[0m: 0.0699 Mpps, 42.52 Mbit/s (53.70 Mbit/s with framing)
[1;36m[Device: id=1] RX[0m: 0.0411 Mpps, 22.34 Mbit/s (28.90 Mbit/s with framing)
[0;34m[Device: id=0] TX[0m: 0.0701 Mpps, 42.61 Mbit/s (53.82 Mbit/s with framing)
[1;36m[Device: id=1] RX[0m: 0.0399 Mpps, 21.69 Mbit/s (28.07 Mbit/s with framing)
[0;34m[Device: id=0] TX[0m: 0.0698 Mpps, 42.43 Mbit/s (53.59 Mbit/s with framing)
[1;36m[Device: id=1] RX[0m: 0.0426 Mpps, 23.18 Mbit/s (29.99 Mbit/s with framing)
[0;34m[Device: id=0] TX[0m: 0.0702 Mpps, 42.70 Mbit/s (53.94 Mbit/s with framing)
[1;36m[Device: id=1] RX[0m: 0.0405 Mpps, 22.05 Mbit/s (28.53 Mbit/s with framing)
[0;34m[Device: id=0] TX[0m: 0.0697 Mpps, 42.36 Mbit/s (53.50 Mbit/s with framing)
[1;36m[Device: id=1] RX[0m: 0.0393 Mpps, 21.41 Mbit/s (27.70 Mbit/s with framing)
[0;34m[Device: id=0] TX[0m: 0.0703 Mpps, 42.72 Mbit/s (53.96 Mbit/s with framing)
[1;36m[Device: id=1] RX[0m: 0.0395 Mpps, 21.49 Mbit/s (27.81 Mbit/s with framing)
[0;34m[Device: id=0] TX[0m: 0.0700 Mpps, 42.56 Mbit/s (53.77 Mbit/s with framing)
[1;36m[Device: id=1] RX[0m: 0.0395 Mpps, 21.46 Mbit/s (27.78 Mbit/s with framing)
21
[0;34m[Device: id=0] TX[0m: 0.0694 Mpps, 42.19 Mbit/s (53.30 Mbit/s with framing)
[1;36m[Device: id=1] RX[0m: 0.0421 Mpps, 22.89 Mbit/s (29.62 Mbit/s with framing)
[0;34m[Device: id=0] TX[0m: 0.0000 Mpps, 0.00 Mbit/s (0.00 Mbit/s with framing)
[1;36m[Device: id=1] RX[0m: 0.0007 Mpps, 0.38 Mbit/s (0.50 Mbit/s with framing)
2100000
[1;36m[Device: id=1] RX[0m: 0.0390 (StdDev 0.0074) Mpps, 21.22 (StdDev 4) Mbit/s (27.46 Mbit/s with framing), total 1234862 packets with 83970616 bytes (incl. CRC)
[0;34m[Device: id=0] TX[0m: 0.0676 (StdDev 0.0129) Mpps, 41.13 (StdDev 8) Mbit/s (51.95 Mbit/s with framing), total 2100000 packets with 159600000 bytes (incl. CRC)
